# Logfile created on 2012-03-23 16:56:26 +0700 by logger.rb/25413
NameError: undefined local variable or method `dssa' for #<HttpResponseAction::Error404:0x0000010281fb20>
	/Users/rachmatmaulana/Sites/jotky-beta-2/api_v2/app/actions/http_response_action.rb:5:in `start'
	/Users/rachmatmaulana/.rvm/gems/ruby-1.9.2-p290@jotky-api-2/gems/cramp-0.15.1/lib/cramp/callbacks.rb:42:in `block in on_start'
	/Users/rachmatmaulana/.rvm/gems/ruby-1.9.2-p290@jotky-api-2/gems/cramp-0.15.1/lib/cramp/callbacks.rb:58:in `block in callback_wrapper'
	/Users/rachmatmaulana/.rvm/gems/ruby-1.9.2-p290@jotky-api-2/gems/eventmachine-1.0.0.beta.4/lib/eventmachine.rb:942:in `call'
	/Users/rachmatmaulana/.rvm/gems/ruby-1.9.2-p290@jotky-api-2/gems/eventmachine-1.0.0.beta.4/lib/eventmachine.rb:942:in `block in run_deferred_callbacks'
	/Users/rachmatmaulana/.rvm/gems/ruby-1.9.2-p290@jotky-api-2/gems/eventmachine-1.0.0.beta.4/lib/eventmachine.rb:939:in `each'
	/Users/rachmatmaulana/.rvm/gems/ruby-1.9.2-p290@jotky-api-2/gems/eventmachine-1.0.0.beta.4/lib/eventmachine.rb:939:in `run_deferred_callbacks'
	/Users/rachmatmaulana/.rvm/gems/ruby-1.9.2-p290@jotky-api-2/gems/eventmachine-1.0.0.beta.4/lib/eventmachine.rb:179:in `run_machine'
	/Users/rachmatmaulana/.rvm/gems/ruby-1.9.2-p290@jotky-api-2/gems/eventmachine-1.0.0.beta.4/lib/eventmachine.rb:179:in `run'
	/Users/rachmatmaulana/.rvm/gems/ruby-1.9.2-p290@jotky-api-2/gems/thin-1.3.1/lib/thin/backends/base.rb:61:in `start'
	/Users/rachmatmaulana/.rvm/gems/ruby-1.9.2-p290@jotky-api-2/gems/thin-1.3.1/lib/thin/server.rb:159:in `start'
	/Users/rachmatmaulana/.rvm/gems/ruby-1.9.2-p290@jotky-api-2/gems/thin-1.3.1/lib/thin/controllers/controller.rb:86:in `start'
	/Users/rachmatmaulana/.rvm/gems/ruby-1.9.2-p290@jotky-api-2/gems/thin-1.3.1/lib/thin/runner.rb:185:in `run_command'
	/Users/rachmatmaulana/.rvm/gems/ruby-1.9.2-p290@jotky-api-2/gems/thin-1.3.1/lib/thin/runner.rb:151:in `run!'
	/Users/rachmatmaulana/.rvm/gems/ruby-1.9.2-p290@jotky-api-2/gems/thin-1.3.1/bin/thin:6:in `<top (required)>'
	/Users/rachmatmaulana/.rvm/gems/ruby-1.9.2-p290@jotky-api-2/bin/thin:19:in `load'
	/Users/rachmatmaulana/.rvm/gems/ruby-1.9.2-p290@jotky-api-2/bin/thin:19:in `<main>'
NameError: undefined local variable or method `dssa' for #<HttpResponseAction::Error404:0x00000101441e78>
	/Users/rachmatmaulana/Sites/jotky-beta-2/api_v2/app/actions/http_response_action.rb:5:in `start'
	/Users/rachmatmaulana/.rvm/gems/ruby-1.9.2-p290@jotky-api-2/gems/cramp-0.15.1/lib/cramp/callbacks.rb:42:in `block in on_start'
	/Users/rachmatmaulana/.rvm/gems/ruby-1.9.2-p290@jotky-api-2/gems/cramp-0.15.1/lib/cramp/callbacks.rb:58:in `block in callback_wrapper'
	/Users/rachmatmaulana/.rvm/gems/ruby-1.9.2-p290@jotky-api-2/gems/eventmachine-1.0.0.beta.4/lib/eventmachine.rb:942:in `call'
	/Users/rachmatmaulana/.rvm/gems/ruby-1.9.2-p290@jotky-api-2/gems/eventmachine-1.0.0.beta.4/lib/eventmachine.rb:942:in `block in run_deferred_callbacks'
	/Users/rachmatmaulana/.rvm/gems/ruby-1.9.2-p290@jotky-api-2/gems/eventmachine-1.0.0.beta.4/lib/eventmachine.rb:939:in `each'
	/Users/rachmatmaulana/.rvm/gems/ruby-1.9.2-p290@jotky-api-2/gems/eventmachine-1.0.0.beta.4/lib/eventmachine.rb:939:in `run_deferred_callbacks'
	/Users/rachmatmaulana/.rvm/gems/ruby-1.9.2-p290@jotky-api-2/gems/eventmachine-1.0.0.beta.4/lib/eventmachine.rb:179:in `run_machine'
	/Users/rachmatmaulana/.rvm/gems/ruby-1.9.2-p290@jotky-api-2/gems/eventmachine-1.0.0.beta.4/lib/eventmachine.rb:179:in `run'
	/Users/rachmatmaulana/.rvm/gems/ruby-1.9.2-p290@jotky-api-2/gems/thin-1.3.1/lib/thin/backends/base.rb:61:in `start'
	/Users/rachmatmaulana/.rvm/gems/ruby-1.9.2-p290@jotky-api-2/gems/thin-1.3.1/lib/thin/server.rb:159:in `start'
	/Users/rachmatmaulana/.rvm/gems/ruby-1.9.2-p290@jotky-api-2/gems/thin-1.3.1/lib/thin/controllers/controller.rb:86:in `start'
	/Users/rachmatmaulana/.rvm/gems/ruby-1.9.2-p290@jotky-api-2/gems/thin-1.3.1/lib/thin/runner.rb:185:in `run_command'
	/Users/rachmatmaulana/.rvm/gems/ruby-1.9.2-p290@jotky-api-2/gems/thin-1.3.1/lib/thin/runner.rb:151:in `run!'
	/Users/rachmatmaulana/.rvm/gems/ruby-1.9.2-p290@jotky-api-2/gems/thin-1.3.1/bin/thin:6:in `<top (required)>'
	/Users/rachmatmaulana/.rvm/gems/ruby-1.9.2-p290@jotky-api-2/bin/thin:19:in `load'
	/Users/rachmatmaulana/.rvm/gems/ruby-1.9.2-p290@jotky-api-2/bin/thin:19:in `<main>'
NameError: undefined local variable or method `dssa' for #<HttpResponseAction::Error404:0x000001012a2518>
	/Users/rachmatmaulana/Sites/jotky-beta-2/api_v2/app/actions/http_response_action.rb:5:in `start'
	/Users/rachmatmaulana/.rvm/gems/ruby-1.9.2-p290@jotky-api-2/gems/cramp-0.15.1/lib/cramp/callbacks.rb:42:in `block in on_start'
	/Users/rachmatmaulana/.rvm/gems/ruby-1.9.2-p290@jotky-api-2/gems/cramp-0.15.1/lib/cramp/callbacks.rb:58:in `block in callback_wrapper'
	/Users/rachmatmaulana/.rvm/gems/ruby-1.9.2-p290@jotky-api-2/gems/eventmachine-1.0.0.beta.4/lib/eventmachine.rb:942:in `call'
	/Users/rachmatmaulana/.rvm/gems/ruby-1.9.2-p290@jotky-api-2/gems/eventmachine-1.0.0.beta.4/lib/eventmachine.rb:942:in `block in run_deferred_callbacks'
	/Users/rachmatmaulana/.rvm/gems/ruby-1.9.2-p290@jotky-api-2/gems/eventmachine-1.0.0.beta.4/lib/eventmachine.rb:939:in `each'
	/Users/rachmatmaulana/.rvm/gems/ruby-1.9.2-p290@jotky-api-2/gems/eventmachine-1.0.0.beta.4/lib/eventmachine.rb:939:in `run_deferred_callbacks'
	/Users/rachmatmaulana/.rvm/gems/ruby-1.9.2-p290@jotky-api-2/gems/eventmachine-1.0.0.beta.4/lib/eventmachine.rb:179:in `run_machine'
	/Users/rachmatmaulana/.rvm/gems/ruby-1.9.2-p290@jotky-api-2/gems/eventmachine-1.0.0.beta.4/lib/eventmachine.rb:179:in `run'
	/Users/rachmatmaulana/.rvm/gems/ruby-1.9.2-p290@jotky-api-2/gems/thin-1.3.1/lib/thin/backends/base.rb:61:in `start'
	/Users/rachmatmaulana/.rvm/gems/ruby-1.9.2-p290@jotky-api-2/gems/thin-1.3.1/lib/thin/server.rb:159:in `start'
	/Users/rachmatmaulana/.rvm/gems/ruby-1.9.2-p290@jotky-api-2/gems/thin-1.3.1/lib/thin/controllers/controller.rb:86:in `start'
	/Users/rachmatmaulana/.rvm/gems/ruby-1.9.2-p290@jotky-api-2/gems/thin-1.3.1/lib/thin/runner.rb:185:in `run_command'
	/Users/rachmatmaulana/.rvm/gems/ruby-1.9.2-p290@jotky-api-2/gems/thin-1.3.1/lib/thin/runner.rb:151:in `run!'
	/Users/rachmatmaulana/.rvm/gems/ruby-1.9.2-p290@jotky-api-2/gems/thin-1.3.1/bin/thin:6:in `<top (required)>'
	/Users/rachmatmaulana/.rvm/gems/ruby-1.9.2-p290@jotky-api-2/bin/thin:19:in `load'
	/Users/rachmatmaulana/.rvm/gems/ruby-1.9.2-p290@jotky-api-2/bin/thin:19:in `<main>'
NameError: undefined local variable or method `dssa' for #<HttpResponseAction::Error404:0x00000100faf590>
	/Users/rachmatmaulana/Sites/jotky-beta-2/api_v2/app/actions/http_response_action.rb:5:in `start'
	/Users/rachmatmaulana/.rvm/gems/ruby-1.9.2-p290@jotky-api-2/gems/cramp-0.15.1/lib/cramp/callbacks.rb:42:in `block in on_start'
	/Users/rachmatmaulana/.rvm/gems/ruby-1.9.2-p290@jotky-api-2/gems/cramp-0.15.1/lib/cramp/callbacks.rb:58:in `block in callback_wrapper'
	/Users/rachmatmaulana/.rvm/gems/ruby-1.9.2-p290@jotky-api-2/gems/eventmachine-1.0.0.beta.4/lib/eventmachine.rb:942:in `call'
	/Users/rachmatmaulana/.rvm/gems/ruby-1.9.2-p290@jotky-api-2/gems/eventmachine-1.0.0.beta.4/lib/eventmachine.rb:942:in `block in run_deferred_callbacks'
	/Users/rachmatmaulana/.rvm/gems/ruby-1.9.2-p290@jotky-api-2/gems/eventmachine-1.0.0.beta.4/lib/eventmachine.rb:939:in `each'
	/Users/rachmatmaulana/.rvm/gems/ruby-1.9.2-p290@jotky-api-2/gems/eventmachine-1.0.0.beta.4/lib/eventmachine.rb:939:in `run_deferred_callbacks'
	/Users/rachmatmaulana/.rvm/gems/ruby-1.9.2-p290@jotky-api-2/gems/eventmachine-1.0.0.beta.4/lib/eventmachine.rb:179:in `run_machine'
	/Users/rachmatmaulana/.rvm/gems/ruby-1.9.2-p290@jotky-api-2/gems/eventmachine-1.0.0.beta.4/lib/eventmachine.rb:179:in `run'
	/Users/rachmatmaulana/.rvm/gems/ruby-1.9.2-p290@jotky-api-2/gems/thin-1.3.1/lib/thin/backends/base.rb:61:in `start'
	/Users/rachmatmaulana/.rvm/gems/ruby-1.9.2-p290@jotky-api-2/gems/thin-1.3.1/lib/thin/server.rb:159:in `start'
	/Users/rachmatmaulana/.rvm/gems/ruby-1.9.2-p290@jotky-api-2/gems/thin-1.3.1/lib/thin/controllers/controller.rb:86:in `start'
	/Users/rachmatmaulana/.rvm/gems/ruby-1.9.2-p290@jotky-api-2/gems/thin-1.3.1/lib/thin/runner.rb:185:in `run_command'
	/Users/rachmatmaulana/.rvm/gems/ruby-1.9.2-p290@jotky-api-2/gems/thin-1.3.1/lib/thin/runner.rb:151:in `run!'
	/Users/rachmatmaulana/.rvm/gems/ruby-1.9.2-p290@jotky-api-2/gems/thin-1.3.1/bin/thin:6:in `<top (required)>'
	/Users/rachmatmaulana/.rvm/gems/ruby-1.9.2-p290@jotky-api-2/bin/thin:19:in `load'
	/Users/rachmatmaulana/.rvm/gems/ruby-1.9.2-p290@jotky-api-2/bin/thin:19:in `<main>'
NameError: undefined local variable or method `dssa' for #<HttpResponseAction::Error404:0x00000100ecc6a0>
	/Users/rachmatmaulana/Sites/jotky-beta-2/api_v2/app/actions/http_response_action.rb:5:in `start'
	/Users/rachmatmaulana/.rvm/gems/ruby-1.9.2-p290@jotky-api-2/gems/cramp-0.15.1/lib/cramp/callbacks.rb:42:in `block in on_start'
	/Users/rachmatmaulana/.rvm/gems/ruby-1.9.2-p290@jotky-api-2/gems/cramp-0.15.1/lib/cramp/callbacks.rb:58:in `block in callback_wrapper'
	/Users/rachmatmaulana/.rvm/gems/ruby-1.9.2-p290@jotky-api-2/gems/eventmachine-1.0.0.beta.4/lib/eventmachine.rb:942:in `call'
	/Users/rachmatmaulana/.rvm/gems/ruby-1.9.2-p290@jotky-api-2/gems/eventmachine-1.0.0.beta.4/lib/eventmachine.rb:942:in `block in run_deferred_callbacks'
	/Users/rachmatmaulana/.rvm/gems/ruby-1.9.2-p290@jotky-api-2/gems/eventmachine-1.0.0.beta.4/lib/eventmachine.rb:939:in `each'
	/Users/rachmatmaulana/.rvm/gems/ruby-1.9.2-p290@jotky-api-2/gems/eventmachine-1.0.0.beta.4/lib/eventmachine.rb:939:in `run_deferred_callbacks'
	/Users/rachmatmaulana/.rvm/gems/ruby-1.9.2-p290@jotky-api-2/gems/eventmachine-1.0.0.beta.4/lib/eventmachine.rb:179:in `run_machine'
	/Users/rachmatmaulana/.rvm/gems/ruby-1.9.2-p290@jotky-api-2/gems/eventmachine-1.0.0.beta.4/lib/eventmachine.rb:179:in `run'
	/Users/rachmatmaulana/.rvm/gems/ruby-1.9.2-p290@jotky-api-2/gems/thin-1.3.1/lib/thin/backends/base.rb:61:in `start'
	/Users/rachmatmaulana/.rvm/gems/ruby-1.9.2-p290@jotky-api-2/gems/thin-1.3.1/lib/thin/server.rb:159:in `start'
	/Users/rachmatmaulana/.rvm/gems/ruby-1.9.2-p290@jotky-api-2/gems/thin-1.3.1/lib/thin/controllers/controller.rb:86:in `start'
	/Users/rachmatmaulana/.rvm/gems/ruby-1.9.2-p290@jotky-api-2/gems/thin-1.3.1/lib/thin/runner.rb:185:in `run_command'
	/Users/rachmatmaulana/.rvm/gems/ruby-1.9.2-p290@jotky-api-2/gems/thin-1.3.1/lib/thin/runner.rb:151:in `run!'
	/Users/rachmatmaulana/.rvm/gems/ruby-1.9.2-p290@jotky-api-2/gems/thin-1.3.1/bin/thin:6:in `<top (required)>'
	/Users/rachmatmaulana/.rvm/gems/ruby-1.9.2-p290@jotky-api-2/bin/thin:19:in `load'
	/Users/rachmatmaulana/.rvm/gems/ruby-1.9.2-p290@jotky-api-2/bin/thin:19:in `<main>'
NameError: undefined local variable or method `dssa' for #<HttpResponseAction::Error404:0x00000100e39b20>
	/Users/rachmatmaulana/Sites/jotky-beta-2/api_v2/app/actions/http_response_action.rb:5:in `start'
	/Users/rachmatmaulana/.rvm/gems/ruby-1.9.2-p290@jotky-api-2/gems/cramp-0.15.1/lib/cramp/callbacks.rb:42:in `block in on_start'
	/Users/rachmatmaulana/.rvm/gems/ruby-1.9.2-p290@jotky-api-2/gems/cramp-0.15.1/lib/cramp/callbacks.rb:58:in `block in callback_wrapper'
	/Users/rachmatmaulana/.rvm/gems/ruby-1.9.2-p290@jotky-api-2/gems/eventmachine-1.0.0.beta.4/lib/eventmachine.rb:942:in `call'
	/Users/rachmatmaulana/.rvm/gems/ruby-1.9.2-p290@jotky-api-2/gems/eventmachine-1.0.0.beta.4/lib/eventmachine.rb:942:in `block in run_deferred_callbacks'
	/Users/rachmatmaulana/.rvm/gems/ruby-1.9.2-p290@jotky-api-2/gems/eventmachine-1.0.0.beta.4/lib/eventmachine.rb:939:in `each'
	/Users/rachmatmaulana/.rvm/gems/ruby-1.9.2-p290@jotky-api-2/gems/eventmachine-1.0.0.beta.4/lib/eventmachine.rb:939:in `run_deferred_callbacks'
	/Users/rachmatmaulana/.rvm/gems/ruby-1.9.2-p290@jotky-api-2/gems/eventmachine-1.0.0.beta.4/lib/eventmachine.rb:179:in `run_machine'
	/Users/rachmatmaulana/.rvm/gems/ruby-1.9.2-p290@jotky-api-2/gems/eventmachine-1.0.0.beta.4/lib/eventmachine.rb:179:in `run'
	/Users/rachmatmaulana/.rvm/gems/ruby-1.9.2-p290@jotky-api-2/gems/thin-1.3.1/lib/thin/backends/base.rb:61:in `start'
	/Users/rachmatmaulana/.rvm/gems/ruby-1.9.2-p290@jotky-api-2/gems/thin-1.3.1/lib/thin/server.rb:159:in `start'
	/Users/rachmatmaulana/.rvm/gems/ruby-1.9.2-p290@jotky-api-2/gems/thin-1.3.1/lib/thin/controllers/controller.rb:86:in `start'
	/Users/rachmatmaulana/.rvm/gems/ruby-1.9.2-p290@jotky-api-2/gems/thin-1.3.1/lib/thin/runner.rb:185:in `run_command'
	/Users/rachmatmaulana/.rvm/gems/ruby-1.9.2-p290@jotky-api-2/gems/thin-1.3.1/lib/thin/runner.rb:151:in `run!'
	/Users/rachmatmaulana/.rvm/gems/ruby-1.9.2-p290@jotky-api-2/gems/thin-1.3.1/bin/thin:6:in `<top (required)>'
	/Users/rachmatmaulana/.rvm/gems/ruby-1.9.2-p290@jotky-api-2/bin/thin:19:in `load'
	/Users/rachmatmaulana/.rvm/gems/ruby-1.9.2-p290@jotky-api-2/bin/thin:19:in `<main>'
NameError: undefined local variable or method `dssa' for #<HttpResponseAction::Error404:0x00000100d546b0>
	/Users/rachmatmaulana/Sites/jotky-beta-2/api_v2/app/actions/http_response_action.rb:5:in `start'
	/Users/rachmatmaulana/.rvm/gems/ruby-1.9.2-p290@jotky-api-2/gems/cramp-0.15.1/lib/cramp/callbacks.rb:42:in `block in on_start'
	/Users/rachmatmaulana/.rvm/gems/ruby-1.9.2-p290@jotky-api-2/gems/cramp-0.15.1/lib/cramp/callbacks.rb:58:in `block in callback_wrapper'
	/Users/rachmatmaulana/.rvm/gems/ruby-1.9.2-p290@jotky-api-2/gems/eventmachine-1.0.0.beta.4/lib/eventmachine.rb:942:in `call'
	/Users/rachmatmaulana/.rvm/gems/ruby-1.9.2-p290@jotky-api-2/gems/eventmachine-1.0.0.beta.4/lib/eventmachine.rb:942:in `block in run_deferred_callbacks'
	/Users/rachmatmaulana/.rvm/gems/ruby-1.9.2-p290@jotky-api-2/gems/eventmachine-1.0.0.beta.4/lib/eventmachine.rb:939:in `each'
	/Users/rachmatmaulana/.rvm/gems/ruby-1.9.2-p290@jotky-api-2/gems/eventmachine-1.0.0.beta.4/lib/eventmachine.rb:939:in `run_deferred_callbacks'
	/Users/rachmatmaulana/.rvm/gems/ruby-1.9.2-p290@jotky-api-2/gems/eventmachine-1.0.0.beta.4/lib/eventmachine.rb:179:in `run_machine'
	/Users/rachmatmaulana/.rvm/gems/ruby-1.9.2-p290@jotky-api-2/gems/eventmachine-1.0.0.beta.4/lib/eventmachine.rb:179:in `run'
	/Users/rachmatmaulana/.rvm/gems/ruby-1.9.2-p290@jotky-api-2/gems/thin-1.3.1/lib/thin/backends/base.rb:61:in `start'
	/Users/rachmatmaulana/.rvm/gems/ruby-1.9.2-p290@jotky-api-2/gems/thin-1.3.1/lib/thin/server.rb:159:in `start'
	/Users/rachmatmaulana/.rvm/gems/ruby-1.9.2-p290@jotky-api-2/gems/thin-1.3.1/lib/thin/controllers/controller.rb:86:in `start'
	/Users/rachmatmaulana/.rvm/gems/ruby-1.9.2-p290@jotky-api-2/gems/thin-1.3.1/lib/thin/runner.rb:185:in `run_command'
	/Users/rachmatmaulana/.rvm/gems/ruby-1.9.2-p290@jotky-api-2/gems/thin-1.3.1/lib/thin/runner.rb:151:in `run!'
	/Users/rachmatmaulana/.rvm/gems/ruby-1.9.2-p290@jotky-api-2/gems/thin-1.3.1/bin/thin:6:in `<top (required)>'
	/Users/rachmatmaulana/.rvm/gems/ruby-1.9.2-p290@jotky-api-2/bin/thin:19:in `load'
	/Users/rachmatmaulana/.rvm/gems/ruby-1.9.2-p290@jotky-api-2/bin/thin:19:in `<main>'
NameError: undefined local variable or method `dssa' for #<HttpResponseAction::Error404:0x00000100d10c80>
	/Users/rachmatmaulana/Sites/jotky-beta-2/api_v2/app/actions/http_response_action.rb:5:in `start'
	/Users/rachmatmaulana/.rvm/gems/ruby-1.9.2-p290@jotky-api-2/gems/cramp-0.15.1/lib/cramp/callbacks.rb:42:in `block in on_start'
	/Users/rachmatmaulana/.rvm/gems/ruby-1.9.2-p290@jotky-api-2/gems/cramp-0.15.1/lib/cramp/callbacks.rb:58:in `block in callback_wrapper'
	/Users/rachmatmaulana/.rvm/gems/ruby-1.9.2-p290@jotky-api-2/gems/eventmachine-1.0.0.beta.4/lib/eventmachine.rb:942:in `call'
	/Users/rachmatmaulana/.rvm/gems/ruby-1.9.2-p290@jotky-api-2/gems/eventmachine-1.0.0.beta.4/lib/eventmachine.rb:942:in `block in run_deferred_callbacks'
	/Users/rachmatmaulana/.rvm/gems/ruby-1.9.2-p290@jotky-api-2/gems/eventmachine-1.0.0.beta.4/lib/eventmachine.rb:939:in `each'
	/Users/rachmatmaulana/.rvm/gems/ruby-1.9.2-p290@jotky-api-2/gems/eventmachine-1.0.0.beta.4/lib/eventmachine.rb:939:in `run_deferred_callbacks'
	/Users/rachmatmaulana/.rvm/gems/ruby-1.9.2-p290@jotky-api-2/gems/eventmachine-1.0.0.beta.4/lib/eventmachine.rb:179:in `run_machine'
	/Users/rachmatmaulana/.rvm/gems/ruby-1.9.2-p290@jotky-api-2/gems/eventmachine-1.0.0.beta.4/lib/eventmachine.rb:179:in `run'
	/Users/rachmatmaulana/.rvm/gems/ruby-1.9.2-p290@jotky-api-2/gems/thin-1.3.1/lib/thin/backends/base.rb:61:in `start'
	/Users/rachmatmaulana/.rvm/gems/ruby-1.9.2-p290@jotky-api-2/gems/thin-1.3.1/lib/thin/server.rb:159:in `start'
	/Users/rachmatmaulana/.rvm/gems/ruby-1.9.2-p290@jotky-api-2/gems/thin-1.3.1/lib/thin/controllers/controller.rb:86:in `start'
	/Users/rachmatmaulana/.rvm/gems/ruby-1.9.2-p290@jotky-api-2/gems/thin-1.3.1/lib/thin/runner.rb:185:in `run_command'
	/Users/rachmatmaulana/.rvm/gems/ruby-1.9.2-p290@jotky-api-2/gems/thin-1.3.1/lib/thin/runner.rb:151:in `run!'
	/Users/rachmatmaulana/.rvm/gems/ruby-1.9.2-p290@jotky-api-2/gems/thin-1.3.1/bin/thin:6:in `<top (required)>'
	/Users/rachmatmaulana/.rvm/gems/ruby-1.9.2-p290@jotky-api-2/bin/thin:19:in `load'
	/Users/rachmatmaulana/.rvm/gems/ruby-1.9.2-p290@jotky-api-2/bin/thin:19:in `<main>'
NameError: undefined local variable or method `dssa' for #<HttpResponseAction::Error404:0x00000102cbb9b8>
	/Users/rachmatmaulana/Sites/jotky-beta-2/api_v2/app/actions/http_response_action.rb:5:in `start'
	/Users/rachmatmaulana/.rvm/gems/ruby-1.9.2-p290@jotky-api-2/gems/cramp-0.15.1/lib/cramp/callbacks.rb:42:in `block in on_start'
	/Users/rachmatmaulana/.rvm/gems/ruby-1.9.2-p290@jotky-api-2/gems/cramp-0.15.1/lib/cramp/callbacks.rb:58:in `block in callback_wrapper'
	/Users/rachmatmaulana/.rvm/gems/ruby-1.9.2-p290@jotky-api-2/gems/eventmachine-1.0.0.beta.4/lib/eventmachine.rb:942:in `call'
	/Users/rachmatmaulana/.rvm/gems/ruby-1.9.2-p290@jotky-api-2/gems/eventmachine-1.0.0.beta.4/lib/eventmachine.rb:942:in `block in run_deferred_callbacks'
	/Users/rachmatmaulana/.rvm/gems/ruby-1.9.2-p290@jotky-api-2/gems/eventmachine-1.0.0.beta.4/lib/eventmachine.rb:939:in `each'
	/Users/rachmatmaulana/.rvm/gems/ruby-1.9.2-p290@jotky-api-2/gems/eventmachine-1.0.0.beta.4/lib/eventmachine.rb:939:in `run_deferred_callbacks'
	/Users/rachmatmaulana/.rvm/gems/ruby-1.9.2-p290@jotky-api-2/gems/eventmachine-1.0.0.beta.4/lib/eventmachine.rb:179:in `run_machine'
	/Users/rachmatmaulana/.rvm/gems/ruby-1.9.2-p290@jotky-api-2/gems/eventmachine-1.0.0.beta.4/lib/eventmachine.rb:179:in `run'
	/Users/rachmatmaulana/.rvm/gems/ruby-1.9.2-p290@jotky-api-2/gems/thin-1.3.1/lib/thin/backends/base.rb:61:in `start'
	/Users/rachmatmaulana/.rvm/gems/ruby-1.9.2-p290@jotky-api-2/gems/thin-1.3.1/lib/thin/server.rb:159:in `start'
	/Users/rachmatmaulana/.rvm/gems/ruby-1.9.2-p290@jotky-api-2/gems/thin-1.3.1/lib/thin/controllers/controller.rb:86:in `start'
	/Users/rachmatmaulana/.rvm/gems/ruby-1.9.2-p290@jotky-api-2/gems/thin-1.3.1/lib/thin/runner.rb:185:in `run_command'
	/Users/rachmatmaulana/.rvm/gems/ruby-1.9.2-p290@jotky-api-2/gems/thin-1.3.1/lib/thin/runner.rb:151:in `run!'
	/Users/rachmatmaulana/.rvm/gems/ruby-1.9.2-p290@jotky-api-2/gems/thin-1.3.1/bin/thin:6:in `<top (required)>'
	/Users/rachmatmaulana/.rvm/gems/ruby-1.9.2-p290@jotky-api-2/bin/thin:19:in `load'
	/Users/rachmatmaulana/.rvm/gems/ruby-1.9.2-p290@jotky-api-2/bin/thin:19:in `<main>'
NameError: undefined local variable or method `dssa' for #<HttpResponseAction::Error404:0x0000010142c118>
	/Users/rachmatmaulana/Sites/jotky-beta-2/api_v2/app/actions/http_response_action.rb:5:in `start'
	/Users/rachmatmaulana/.rvm/gems/ruby-1.9.2-p290@jotky-api-2/gems/cramp-0.15.1/lib/cramp/callbacks.rb:42:in `block in on_start'
	/Users/rachmatmaulana/.rvm/gems/ruby-1.9.2-p290@jotky-api-2/gems/cramp-0.15.1/lib/cramp/callbacks.rb:58:in `block in callback_wrapper'
	/Users/rachmatmaulana/.rvm/gems/ruby-1.9.2-p290@jotky-api-2/gems/eventmachine-1.0.0.beta.4/lib/eventmachine.rb:942:in `call'
	/Users/rachmatmaulana/.rvm/gems/ruby-1.9.2-p290@jotky-api-2/gems/eventmachine-1.0.0.beta.4/lib/eventmachine.rb:942:in `block in run_deferred_callbacks'
	/Users/rachmatmaulana/.rvm/gems/ruby-1.9.2-p290@jotky-api-2/gems/eventmachine-1.0.0.beta.4/lib/eventmachine.rb:939:in `each'
	/Users/rachmatmaulana/.rvm/gems/ruby-1.9.2-p290@jotky-api-2/gems/eventmachine-1.0.0.beta.4/lib/eventmachine.rb:939:in `run_deferred_callbacks'
	/Users/rachmatmaulana/.rvm/gems/ruby-1.9.2-p290@jotky-api-2/gems/eventmachine-1.0.0.beta.4/lib/eventmachine.rb:179:in `run_machine'
	/Users/rachmatmaulana/.rvm/gems/ruby-1.9.2-p290@jotky-api-2/gems/eventmachine-1.0.0.beta.4/lib/eventmachine.rb:179:in `run'
	/Users/rachmatmaulana/.rvm/gems/ruby-1.9.2-p290@jotky-api-2/gems/thin-1.3.1/lib/thin/backends/base.rb:61:in `start'
	/Users/rachmatmaulana/.rvm/gems/ruby-1.9.2-p290@jotky-api-2/gems/thin-1.3.1/lib/thin/server.rb:159:in `start'
	/Users/rachmatmaulana/.rvm/gems/ruby-1.9.2-p290@jotky-api-2/gems/thin-1.3.1/lib/thin/controllers/controller.rb:86:in `start'
	/Users/rachmatmaulana/.rvm/gems/ruby-1.9.2-p290@jotky-api-2/gems/thin-1.3.1/lib/thin/runner.rb:185:in `run_command'
	/Users/rachmatmaulana/.rvm/gems/ruby-1.9.2-p290@jotky-api-2/gems/thin-1.3.1/lib/thin/runner.rb:151:in `run!'
	/Users/rachmatmaulana/.rvm/gems/ruby-1.9.2-p290@jotky-api-2/gems/thin-1.3.1/bin/thin:6:in `<top (required)>'
	/Users/rachmatmaulana/.rvm/gems/ruby-1.9.2-p290@jotky-api-2/bin/thin:19:in `load'
	/Users/rachmatmaulana/.rvm/gems/ruby-1.9.2-p290@jotky-api-2/bin/thin:19:in `<main>'
NameError: undefined local variable or method `dssa' for #<HttpResponseAction::Error404:0x000001013d6768>
	/Users/rachmatmaulana/Sites/jotky-beta-2/api_v2/app/actions/http_response_action.rb:5:in `start'
	/Users/rachmatmaulana/.rvm/gems/ruby-1.9.2-p290@jotky-api-2/gems/cramp-0.15.1/lib/cramp/callbacks.rb:42:in `block in on_start'
	/Users/rachmatmaulana/.rvm/gems/ruby-1.9.2-p290@jotky-api-2/gems/cramp-0.15.1/lib/cramp/callbacks.rb:58:in `block in callback_wrapper'
	/Users/rachmatmaulana/.rvm/gems/ruby-1.9.2-p290@jotky-api-2/gems/eventmachine-1.0.0.beta.4/lib/eventmachine.rb:942:in `call'
	/Users/rachmatmaulana/.rvm/gems/ruby-1.9.2-p290@jotky-api-2/gems/eventmachine-1.0.0.beta.4/lib/eventmachine.rb:942:in `block in run_deferred_callbacks'
	/Users/rachmatmaulana/.rvm/gems/ruby-1.9.2-p290@jotky-api-2/gems/eventmachine-1.0.0.beta.4/lib/eventmachine.rb:939:in `each'
	/Users/rachmatmaulana/.rvm/gems/ruby-1.9.2-p290@jotky-api-2/gems/eventmachine-1.0.0.beta.4/lib/eventmachine.rb:939:in `run_deferred_callbacks'
	/Users/rachmatmaulana/.rvm/gems/ruby-1.9.2-p290@jotky-api-2/gems/eventmachine-1.0.0.beta.4/lib/eventmachine.rb:179:in `run_machine'
	/Users/rachmatmaulana/.rvm/gems/ruby-1.9.2-p290@jotky-api-2/gems/eventmachine-1.0.0.beta.4/lib/eventmachine.rb:179:in `run'
	/Users/rachmatmaulana/.rvm/gems/ruby-1.9.2-p290@jotky-api-2/gems/thin-1.3.1/lib/thin/backends/base.rb:61:in `start'
	/Users/rachmatmaulana/.rvm/gems/ruby-1.9.2-p290@jotky-api-2/gems/thin-1.3.1/lib/thin/server.rb:159:in `start'
	/Users/rachmatmaulana/.rvm/gems/ruby-1.9.2-p290@jotky-api-2/gems/thin-1.3.1/lib/thin/controllers/controller.rb:86:in `start'
	/Users/rachmatmaulana/.rvm/gems/ruby-1.9.2-p290@jotky-api-2/gems/thin-1.3.1/lib/thin/runner.rb:185:in `run_command'
	/Users/rachmatmaulana/.rvm/gems/ruby-1.9.2-p290@jotky-api-2/gems/thin-1.3.1/lib/thin/runner.rb:151:in `run!'
	/Users/rachmatmaulana/.rvm/gems/ruby-1.9.2-p290@jotky-api-2/gems/thin-1.3.1/bin/thin:6:in `<top (required)>'
	/Users/rachmatmaulana/.rvm/gems/ruby-1.9.2-p290@jotky-api-2/bin/thin:19:in `load'
	/Users/rachmatmaulana/.rvm/gems/ruby-1.9.2-p290@jotky-api-2/bin/thin:19:in `<main>'
NameError: undefined local variable or method `dssa' for #<HttpResponseAction::Error404:0x0000010127ca48>
	/Users/rachmatmaulana/Sites/jotky-beta-2/api_v2/app/actions/http_response_action.rb:5:in `start'
	/Users/rachmatmaulana/.rvm/gems/ruby-1.9.2-p290@jotky-api-2/gems/cramp-0.15.1/lib/cramp/callbacks.rb:42:in `block in on_start'
	/Users/rachmatmaulana/.rvm/gems/ruby-1.9.2-p290@jotky-api-2/gems/cramp-0.15.1/lib/cramp/callbacks.rb:58:in `block in callback_wrapper'
	/Users/rachmatmaulana/.rvm/gems/ruby-1.9.2-p290@jotky-api-2/gems/eventmachine-1.0.0.beta.4/lib/eventmachine.rb:942:in `call'
	/Users/rachmatmaulana/.rvm/gems/ruby-1.9.2-p290@jotky-api-2/gems/eventmachine-1.0.0.beta.4/lib/eventmachine.rb:942:in `block in run_deferred_callbacks'
	/Users/rachmatmaulana/.rvm/gems/ruby-1.9.2-p290@jotky-api-2/gems/eventmachine-1.0.0.beta.4/lib/eventmachine.rb:939:in `each'
	/Users/rachmatmaulana/.rvm/gems/ruby-1.9.2-p290@jotky-api-2/gems/eventmachine-1.0.0.beta.4/lib/eventmachine.rb:939:in `run_deferred_callbacks'
	/Users/rachmatmaulana/.rvm/gems/ruby-1.9.2-p290@jotky-api-2/gems/eventmachine-1.0.0.beta.4/lib/eventmachine.rb:179:in `run_machine'
	/Users/rachmatmaulana/.rvm/gems/ruby-1.9.2-p290@jotky-api-2/gems/eventmachine-1.0.0.beta.4/lib/eventmachine.rb:179:in `run'
	/Users/rachmatmaulana/.rvm/gems/ruby-1.9.2-p290@jotky-api-2/gems/thin-1.3.1/lib/thin/backends/base.rb:61:in `start'
	/Users/rachmatmaulana/.rvm/gems/ruby-1.9.2-p290@jotky-api-2/gems/thin-1.3.1/lib/thin/server.rb:159:in `start'
	/Users/rachmatmaulana/.rvm/gems/ruby-1.9.2-p290@jotky-api-2/gems/thin-1.3.1/lib/thin/controllers/controller.rb:86:in `start'
	/Users/rachmatmaulana/.rvm/gems/ruby-1.9.2-p290@jotky-api-2/gems/thin-1.3.1/lib/thin/runner.rb:185:in `run_command'
	/Users/rachmatmaulana/.rvm/gems/ruby-1.9.2-p290@jotky-api-2/gems/thin-1.3.1/lib/thin/runner.rb:151:in `run!'
	/Users/rachmatmaulana/.rvm/gems/ruby-1.9.2-p290@jotky-api-2/gems/thin-1.3.1/bin/thin:6:in `<top (required)>'
	/Users/rachmatmaulana/.rvm/gems/ruby-1.9.2-p290@jotky-api-2/bin/thin:19:in `load'
	/Users/rachmatmaulana/.rvm/gems/ruby-1.9.2-p290@jotky-api-2/bin/thin:19:in `<main>'
NameError: undefined local variable or method `dssa' for #<HttpResponseAction::Error404:0x000001010f19a8>
	/Users/rachmatmaulana/Sites/jotky-beta-2/api_v2/app/actions/http_response_action.rb:5:in `start'
	/Users/rachmatmaulana/.rvm/gems/ruby-1.9.2-p290@jotky-api-2/gems/cramp-0.15.1/lib/cramp/callbacks.rb:42:in `block in on_start'
	/Users/rachmatmaulana/.rvm/gems/ruby-1.9.2-p290@jotky-api-2/gems/cramp-0.15.1/lib/cramp/callbacks.rb:58:in `block in callback_wrapper'
	/Users/rachmatmaulana/.rvm/gems/ruby-1.9.2-p290@jotky-api-2/gems/eventmachine-1.0.0.beta.4/lib/eventmachine.rb:942:in `call'
	/Users/rachmatmaulana/.rvm/gems/ruby-1.9.2-p290@jotky-api-2/gems/eventmachine-1.0.0.beta.4/lib/eventmachine.rb:942:in `block in run_deferred_callbacks'
	/Users/rachmatmaulana/.rvm/gems/ruby-1.9.2-p290@jotky-api-2/gems/eventmachine-1.0.0.beta.4/lib/eventmachine.rb:939:in `each'
	/Users/rachmatmaulana/.rvm/gems/ruby-1.9.2-p290@jotky-api-2/gems/eventmachine-1.0.0.beta.4/lib/eventmachine.rb:939:in `run_deferred_callbacks'
	/Users/rachmatmaulana/.rvm/gems/ruby-1.9.2-p290@jotky-api-2/gems/eventmachine-1.0.0.beta.4/lib/eventmachine.rb:179:in `run_machine'
	/Users/rachmatmaulana/.rvm/gems/ruby-1.9.2-p290@jotky-api-2/gems/eventmachine-1.0.0.beta.4/lib/eventmachine.rb:179:in `run'
	/Users/rachmatmaulana/.rvm/gems/ruby-1.9.2-p290@jotky-api-2/gems/thin-1.3.1/lib/thin/backends/base.rb:61:in `start'
	/Users/rachmatmaulana/.rvm/gems/ruby-1.9.2-p290@jotky-api-2/gems/thin-1.3.1/lib/thin/server.rb:159:in `start'
	/Users/rachmatmaulana/.rvm/gems/ruby-1.9.2-p290@jotky-api-2/gems/thin-1.3.1/lib/thin/controllers/controller.rb:86:in `start'
	/Users/rachmatmaulana/.rvm/gems/ruby-1.9.2-p290@jotky-api-2/gems/thin-1.3.1/lib/thin/runner.rb:185:in `run_command'
	/Users/rachmatmaulana/.rvm/gems/ruby-1.9.2-p290@jotky-api-2/gems/thin-1.3.1/lib/thin/runner.rb:151:in `run!'
	/Users/rachmatmaulana/.rvm/gems/ruby-1.9.2-p290@jotky-api-2/gems/thin-1.3.1/bin/thin:6:in `<top (required)>'
	/Users/rachmatmaulana/.rvm/gems/ruby-1.9.2-p290@jotky-api-2/bin/thin:19:in `load'
	/Users/rachmatmaulana/.rvm/gems/ruby-1.9.2-p290@jotky-api-2/bin/thin:19:in `<main>'
NameError: undefined local variable or method `dssa' for #<HttpResponseAction::Error404:0x00000100ef2be8>
	/Users/rachmatmaulana/Sites/jotky-beta-2/api_v2/app/actions/http_response_action.rb:5:in `start'
	/Users/rachmatmaulana/.rvm/gems/ruby-1.9.2-p290@jotky-api-2/gems/cramp-0.15.1/lib/cramp/callbacks.rb:42:in `block in on_start'
	/Users/rachmatmaulana/.rvm/gems/ruby-1.9.2-p290@jotky-api-2/gems/cramp-0.15.1/lib/cramp/callbacks.rb:58:in `block in callback_wrapper'
	/Users/rachmatmaulana/.rvm/gems/ruby-1.9.2-p290@jotky-api-2/gems/eventmachine-1.0.0.beta.4/lib/eventmachine.rb:942:in `call'
	/Users/rachmatmaulana/.rvm/gems/ruby-1.9.2-p290@jotky-api-2/gems/eventmachine-1.0.0.beta.4/lib/eventmachine.rb:942:in `block in run_deferred_callbacks'
	/Users/rachmatmaulana/.rvm/gems/ruby-1.9.2-p290@jotky-api-2/gems/eventmachine-1.0.0.beta.4/lib/eventmachine.rb:939:in `each'
	/Users/rachmatmaulana/.rvm/gems/ruby-1.9.2-p290@jotky-api-2/gems/eventmachine-1.0.0.beta.4/lib/eventmachine.rb:939:in `run_deferred_callbacks'
	/Users/rachmatmaulana/.rvm/gems/ruby-1.9.2-p290@jotky-api-2/gems/eventmachine-1.0.0.beta.4/lib/eventmachine.rb:179:in `run_machine'
	/Users/rachmatmaulana/.rvm/gems/ruby-1.9.2-p290@jotky-api-2/gems/eventmachine-1.0.0.beta.4/lib/eventmachine.rb:179:in `run'
	/Users/rachmatmaulana/.rvm/gems/ruby-1.9.2-p290@jotky-api-2/gems/thin-1.3.1/lib/thin/backends/base.rb:61:in `start'
	/Users/rachmatmaulana/.rvm/gems/ruby-1.9.2-p290@jotky-api-2/gems/thin-1.3.1/lib/thin/server.rb:159:in `start'
	/Users/rachmatmaulana/.rvm/gems/ruby-1.9.2-p290@jotky-api-2/gems/thin-1.3.1/lib/thin/controllers/controller.rb:86:in `start'
	/Users/rachmatmaulana/.rvm/gems/ruby-1.9.2-p290@jotky-api-2/gems/thin-1.3.1/lib/thin/runner.rb:185:in `run_command'
	/Users/rachmatmaulana/.rvm/gems/ruby-1.9.2-p290@jotky-api-2/gems/thin-1.3.1/lib/thin/runner.rb:151:in `run!'
	/Users/rachmatmaulana/.rvm/gems/ruby-1.9.2-p290@jotky-api-2/gems/thin-1.3.1/bin/thin:6:in `<top (required)>'
	/Users/rachmatmaulana/.rvm/gems/ruby-1.9.2-p290@jotky-api-2/bin/thin:19:in `load'
	/Users/rachmatmaulana/.rvm/gems/ruby-1.9.2-p290@jotky-api-2/bin/thin:19:in `<main>'
NameError: undefined local variable or method `dssajbkbkjbk' for #<HttpResponseAction::Error404:0x000001016e72b8>
	/Users/rachmatmaulana/Sites/jotky-beta-2/api_v2/app/actions/http_response_action.rb:5:in `start'
	/Users/rachmatmaulana/.rvm/gems/ruby-1.9.2-p290@jotky-api-2/gems/cramp-0.15.1/lib/cramp/callbacks.rb:42:in `block in on_start'
	/Users/rachmatmaulana/.rvm/gems/ruby-1.9.2-p290@jotky-api-2/gems/cramp-0.15.1/lib/cramp/callbacks.rb:58:in `block in callback_wrapper'
	/Users/rachmatmaulana/.rvm/gems/ruby-1.9.2-p290@jotky-api-2/gems/eventmachine-1.0.0.beta.4/lib/eventmachine.rb:942:in `call'
	/Users/rachmatmaulana/.rvm/gems/ruby-1.9.2-p290@jotky-api-2/gems/eventmachine-1.0.0.beta.4/lib/eventmachine.rb:942:in `block in run_deferred_callbacks'
	/Users/rachmatmaulana/.rvm/gems/ruby-1.9.2-p290@jotky-api-2/gems/eventmachine-1.0.0.beta.4/lib/eventmachine.rb:939:in `each'
	/Users/rachmatmaulana/.rvm/gems/ruby-1.9.2-p290@jotky-api-2/gems/eventmachine-1.0.0.beta.4/lib/eventmachine.rb:939:in `run_deferred_callbacks'
	/Users/rachmatmaulana/.rvm/gems/ruby-1.9.2-p290@jotky-api-2/gems/eventmachine-1.0.0.beta.4/lib/eventmachine.rb:179:in `run_machine'
	/Users/rachmatmaulana/.rvm/gems/ruby-1.9.2-p290@jotky-api-2/gems/eventmachine-1.0.0.beta.4/lib/eventmachine.rb:179:in `run'
	/Users/rachmatmaulana/.rvm/gems/ruby-1.9.2-p290@jotky-api-2/gems/thin-1.3.1/lib/thin/backends/base.rb:61:in `start'
	/Users/rachmatmaulana/.rvm/gems/ruby-1.9.2-p290@jotky-api-2/gems/thin-1.3.1/lib/thin/server.rb:159:in `start'
	/Users/rachmatmaulana/.rvm/gems/ruby-1.9.2-p290@jotky-api-2/gems/thin-1.3.1/lib/thin/controllers/controller.rb:86:in `start'
	/Users/rachmatmaulana/.rvm/gems/ruby-1.9.2-p290@jotky-api-2/gems/thin-1.3.1/lib/thin/runner.rb:185:in `run_command'
	/Users/rachmatmaulana/.rvm/gems/ruby-1.9.2-p290@jotky-api-2/gems/thin-1.3.1/lib/thin/runner.rb:151:in `run!'
	/Users/rachmatmaulana/.rvm/gems/ruby-1.9.2-p290@jotky-api-2/gems/thin-1.3.1/bin/thin:6:in `<top (required)>'
	/Users/rachmatmaulana/.rvm/gems/ruby-1.9.2-p290@jotky-api-2/bin/thin:19:in `load'
	/Users/rachmatmaulana/.rvm/gems/ruby-1.9.2-p290@jotky-api-2/bin/thin:19:in `<main>'
NameError: undefined local variable or method `dssajbkbkjbk' for #<HttpResponseAction::Error404:0x00000100fd48e0>
	/Users/rachmatmaulana/Sites/jotky-beta-2/api_v2/app/actions/http_response_action.rb:5:in `start'
	/Users/rachmatmaulana/.rvm/gems/ruby-1.9.2-p290@jotky-api-2/gems/cramp-0.15.1/lib/cramp/callbacks.rb:42:in `block in on_start'
	/Users/rachmatmaulana/.rvm/gems/ruby-1.9.2-p290@jotky-api-2/gems/cramp-0.15.1/lib/cramp/callbacks.rb:58:in `block in callback_wrapper'
	/Users/rachmatmaulana/.rvm/gems/ruby-1.9.2-p290@jotky-api-2/gems/eventmachine-1.0.0.beta.4/lib/eventmachine.rb:942:in `call'
	/Users/rachmatmaulana/.rvm/gems/ruby-1.9.2-p290@jotky-api-2/gems/eventmachine-1.0.0.beta.4/lib/eventmachine.rb:942:in `block in run_deferred_callbacks'
	/Users/rachmatmaulana/.rvm/gems/ruby-1.9.2-p290@jotky-api-2/gems/eventmachine-1.0.0.beta.4/lib/eventmachine.rb:939:in `each'
	/Users/rachmatmaulana/.rvm/gems/ruby-1.9.2-p290@jotky-api-2/gems/eventmachine-1.0.0.beta.4/lib/eventmachine.rb:939:in `run_deferred_callbacks'
	/Users/rachmatmaulana/.rvm/gems/ruby-1.9.2-p290@jotky-api-2/gems/eventmachine-1.0.0.beta.4/lib/eventmachine.rb:179:in `run_machine'
	/Users/rachmatmaulana/.rvm/gems/ruby-1.9.2-p290@jotky-api-2/gems/eventmachine-1.0.0.beta.4/lib/eventmachine.rb:179:in `run'
	/Users/rachmatmaulana/.rvm/gems/ruby-1.9.2-p290@jotky-api-2/gems/thin-1.3.1/lib/thin/backends/base.rb:61:in `start'
	/Users/rachmatmaulana/.rvm/gems/ruby-1.9.2-p290@jotky-api-2/gems/thin-1.3.1/lib/thin/server.rb:159:in `start'
	/Users/rachmatmaulana/.rvm/gems/ruby-1.9.2-p290@jotky-api-2/gems/thin-1.3.1/lib/thin/controllers/controller.rb:86:in `start'
	/Users/rachmatmaulana/.rvm/gems/ruby-1.9.2-p290@jotky-api-2/gems/thin-1.3.1/lib/thin/runner.rb:185:in `run_command'
	/Users/rachmatmaulana/.rvm/gems/ruby-1.9.2-p290@jotky-api-2/gems/thin-1.3.1/lib/thin/runner.rb:151:in `run!'
	/Users/rachmatmaulana/.rvm/gems/ruby-1.9.2-p290@jotky-api-2/gems/thin-1.3.1/bin/thin:6:in `<top (required)>'
	/Users/rachmatmaulana/.rvm/gems/ruby-1.9.2-p290@jotky-api-2/bin/thin:19:in `load'
	/Users/rachmatmaulana/.rvm/gems/ruby-1.9.2-p290@jotky-api-2/bin/thin:19:in `<main>'
NameError: undefined local variable or method `dssajbkbkjbk' for #<HttpResponseAction::Error404:0x0000010171f488>
	/Users/rachmatmaulana/Sites/jotky-beta-2/api_v2/app/actions/http_response_action.rb:5:in `start'
	/Users/rachmatmaulana/.rvm/gems/ruby-1.9.2-p290@jotky-api-2/gems/cramp-0.15.1/lib/cramp/callbacks.rb:42:in `block in on_start'
	/Users/rachmatmaulana/.rvm/gems/ruby-1.9.2-p290@jotky-api-2/gems/cramp-0.15.1/lib/cramp/callbacks.rb:58:in `block in callback_wrapper'
	/Users/rachmatmaulana/.rvm/gems/ruby-1.9.2-p290@jotky-api-2/gems/eventmachine-1.0.0.beta.4/lib/eventmachine.rb:942:in `call'
	/Users/rachmatmaulana/.rvm/gems/ruby-1.9.2-p290@jotky-api-2/gems/eventmachine-1.0.0.beta.4/lib/eventmachine.rb:942:in `block in run_deferred_callbacks'
	/Users/rachmatmaulana/.rvm/gems/ruby-1.9.2-p290@jotky-api-2/gems/eventmachine-1.0.0.beta.4/lib/eventmachine.rb:939:in `each'
	/Users/rachmatmaulana/.rvm/gems/ruby-1.9.2-p290@jotky-api-2/gems/eventmachine-1.0.0.beta.4/lib/eventmachine.rb:939:in `run_deferred_callbacks'
	/Users/rachmatmaulana/.rvm/gems/ruby-1.9.2-p290@jotky-api-2/gems/eventmachine-1.0.0.beta.4/lib/eventmachine.rb:179:in `run_machine'
	/Users/rachmatmaulana/.rvm/gems/ruby-1.9.2-p290@jotky-api-2/gems/eventmachine-1.0.0.beta.4/lib/eventmachine.rb:179:in `run'
	/Users/rachmatmaulana/.rvm/gems/ruby-1.9.2-p290@jotky-api-2/gems/thin-1.3.1/lib/thin/backends/base.rb:61:in `start'
	/Users/rachmatmaulana/.rvm/gems/ruby-1.9.2-p290@jotky-api-2/gems/thin-1.3.1/lib/thin/server.rb:159:in `start'
	/Users/rachmatmaulana/.rvm/gems/ruby-1.9.2-p290@jotky-api-2/gems/thin-1.3.1/lib/thin/controllers/controller.rb:86:in `start'
	/Users/rachmatmaulana/.rvm/gems/ruby-1.9.2-p290@jotky-api-2/gems/thin-1.3.1/lib/thin/runner.rb:185:in `run_command'
	/Users/rachmatmaulana/.rvm/gems/ruby-1.9.2-p290@jotky-api-2/gems/thin-1.3.1/lib/thin/runner.rb:151:in `run!'
	/Users/rachmatmaulana/.rvm/gems/ruby-1.9.2-p290@jotky-api-2/gems/thin-1.3.1/bin/thin:6:in `<top (required)>'
	/Users/rachmatmaulana/.rvm/gems/ruby-1.9.2-p290@jotky-api-2/bin/thin:19:in `load'
	/Users/rachmatmaulana/.rvm/gems/ruby-1.9.2-p290@jotky-api-2/bin/thin:19:in `<main>'
NameError: undefined local variable or method `dssajbkbkjbk' for #<HttpResponseAction::Error404:0x000001016b36e8>
	/Users/rachmatmaulana/Sites/jotky-beta-2/api_v2/app/actions/http_response_action.rb:5:in `start'
	/Users/rachmatmaulana/.rvm/gems/ruby-1.9.2-p290@jotky-api-2/gems/cramp-0.15.1/lib/cramp/callbacks.rb:42:in `block in on_start'
	/Users/rachmatmaulana/.rvm/gems/ruby-1.9.2-p290@jotky-api-2/gems/cramp-0.15.1/lib/cramp/callbacks.rb:58:in `block in callback_wrapper'
	/Users/rachmatmaulana/.rvm/gems/ruby-1.9.2-p290@jotky-api-2/gems/eventmachine-1.0.0.beta.4/lib/eventmachine.rb:942:in `call'
	/Users/rachmatmaulana/.rvm/gems/ruby-1.9.2-p290@jotky-api-2/gems/eventmachine-1.0.0.beta.4/lib/eventmachine.rb:942:in `block in run_deferred_callbacks'
	/Users/rachmatmaulana/.rvm/gems/ruby-1.9.2-p290@jotky-api-2/gems/eventmachine-1.0.0.beta.4/lib/eventmachine.rb:939:in `each'
	/Users/rachmatmaulana/.rvm/gems/ruby-1.9.2-p290@jotky-api-2/gems/eventmachine-1.0.0.beta.4/lib/eventmachine.rb:939:in `run_deferred_callbacks'
	/Users/rachmatmaulana/.rvm/gems/ruby-1.9.2-p290@jotky-api-2/gems/eventmachine-1.0.0.beta.4/lib/eventmachine.rb:179:in `run_machine'
	/Users/rachmatmaulana/.rvm/gems/ruby-1.9.2-p290@jotky-api-2/gems/eventmachine-1.0.0.beta.4/lib/eventmachine.rb:179:in `run'
	/Users/rachmatmaulana/.rvm/gems/ruby-1.9.2-p290@jotky-api-2/gems/thin-1.3.1/lib/thin/backends/base.rb:61:in `start'
	/Users/rachmatmaulana/.rvm/gems/ruby-1.9.2-p290@jotky-api-2/gems/thin-1.3.1/lib/thin/server.rb:159:in `start'
	/Users/rachmatmaulana/.rvm/gems/ruby-1.9.2-p290@jotky-api-2/gems/thin-1.3.1/lib/thin/controllers/controller.rb:86:in `start'
	/Users/rachmatmaulana/.rvm/gems/ruby-1.9.2-p290@jotky-api-2/gems/thin-1.3.1/lib/thin/runner.rb:185:in `run_command'
	/Users/rachmatmaulana/.rvm/gems/ruby-1.9.2-p290@jotky-api-2/gems/thin-1.3.1/lib/thin/runner.rb:151:in `run!'
	/Users/rachmatmaulana/.rvm/gems/ruby-1.9.2-p290@jotky-api-2/gems/thin-1.3.1/bin/thin:6:in `<top (required)>'
	/Users/rachmatmaulana/.rvm/gems/ruby-1.9.2-p290@jotky-api-2/bin/thin:19:in `load'
	/Users/rachmatmaulana/.rvm/gems/ruby-1.9.2-p290@jotky-api-2/bin/thin:19:in `<main>'
NameError: undefined local variable or method `dssajbkbkjbk' for #<HttpResponseAction::Error404:0x000001012b3610>
	/Users/rachmatmaulana/Sites/jotky-beta-2/api_v2/app/actions/http_response_action.rb:5:in `start'
	/Users/rachmatmaulana/.rvm/gems/ruby-1.9.2-p290@jotky-api-2/gems/cramp-0.15.1/lib/cramp/callbacks.rb:42:in `block in on_start'
	/Users/rachmatmaulana/.rvm/gems/ruby-1.9.2-p290@jotky-api-2/gems/cramp-0.15.1/lib/cramp/callbacks.rb:58:in `block in callback_wrapper'
	/Users/rachmatmaulana/.rvm/gems/ruby-1.9.2-p290@jotky-api-2/gems/eventmachine-1.0.0.beta.4/lib/eventmachine.rb:942:in `call'
	/Users/rachmatmaulana/.rvm/gems/ruby-1.9.2-p290@jotky-api-2/gems/eventmachine-1.0.0.beta.4/lib/eventmachine.rb:942:in `block in run_deferred_callbacks'
	/Users/rachmatmaulana/.rvm/gems/ruby-1.9.2-p290@jotky-api-2/gems/eventmachine-1.0.0.beta.4/lib/eventmachine.rb:939:in `each'
	/Users/rachmatmaulana/.rvm/gems/ruby-1.9.2-p290@jotky-api-2/gems/eventmachine-1.0.0.beta.4/lib/eventmachine.rb:939:in `run_deferred_callbacks'
	/Users/rachmatmaulana/.rvm/gems/ruby-1.9.2-p290@jotky-api-2/gems/eventmachine-1.0.0.beta.4/lib/eventmachine.rb:179:in `run_machine'
	/Users/rachmatmaulana/.rvm/gems/ruby-1.9.2-p290@jotky-api-2/gems/eventmachine-1.0.0.beta.4/lib/eventmachine.rb:179:in `run'
	/Users/rachmatmaulana/.rvm/gems/ruby-1.9.2-p290@jotky-api-2/gems/thin-1.3.1/lib/thin/backends/base.rb:61:in `start'
	/Users/rachmatmaulana/.rvm/gems/ruby-1.9.2-p290@jotky-api-2/gems/thin-1.3.1/lib/thin/server.rb:159:in `start'
	/Users/rachmatmaulana/.rvm/gems/ruby-1.9.2-p290@jotky-api-2/gems/thin-1.3.1/lib/thin/controllers/controller.rb:86:in `start'
	/Users/rachmatmaulana/.rvm/gems/ruby-1.9.2-p290@jotky-api-2/gems/thin-1.3.1/lib/thin/runner.rb:185:in `run_command'
	/Users/rachmatmaulana/.rvm/gems/ruby-1.9.2-p290@jotky-api-2/gems/thin-1.3.1/lib/thin/runner.rb:151:in `run!'
	/Users/rachmatmaulana/.rvm/gems/ruby-1.9.2-p290@jotky-api-2/gems/thin-1.3.1/bin/thin:6:in `<top (required)>'
	/Users/rachmatmaulana/.rvm/gems/ruby-1.9.2-p290@jotky-api-2/bin/thin:19:in `load'
	/Users/rachmatmaulana/.rvm/gems/ruby-1.9.2-p290@jotky-api-2/bin/thin:19:in `<main>'
NameError: undefined local variable or method `dssajbkbkjbk' for #<HttpResponseAction::Error404:0x00000100f8cd60>
	/Users/rachmatmaulana/Sites/jotky-beta-2/api_v2/app/actions/http_response_action.rb:5:in `start'
	/Users/rachmatmaulana/.rvm/gems/ruby-1.9.2-p290@jotky-api-2/gems/cramp-0.15.1/lib/cramp/callbacks.rb:42:in `block in on_start'
	/Users/rachmatmaulana/.rvm/gems/ruby-1.9.2-p290@jotky-api-2/gems/cramp-0.15.1/lib/cramp/callbacks.rb:58:in `block in callback_wrapper'
	/Users/rachmatmaulana/.rvm/gems/ruby-1.9.2-p290@jotky-api-2/gems/eventmachine-1.0.0.beta.4/lib/eventmachine.rb:942:in `call'
	/Users/rachmatmaulana/.rvm/gems/ruby-1.9.2-p290@jotky-api-2/gems/eventmachine-1.0.0.beta.4/lib/eventmachine.rb:942:in `block in run_deferred_callbacks'
	/Users/rachmatmaulana/.rvm/gems/ruby-1.9.2-p290@jotky-api-2/gems/eventmachine-1.0.0.beta.4/lib/eventmachine.rb:939:in `each'
	/Users/rachmatmaulana/.rvm/gems/ruby-1.9.2-p290@jotky-api-2/gems/eventmachine-1.0.0.beta.4/lib/eventmachine.rb:939:in `run_deferred_callbacks'
	/Users/rachmatmaulana/.rvm/gems/ruby-1.9.2-p290@jotky-api-2/gems/eventmachine-1.0.0.beta.4/lib/eventmachine.rb:179:in `run_machine'
	/Users/rachmatmaulana/.rvm/gems/ruby-1.9.2-p290@jotky-api-2/gems/eventmachine-1.0.0.beta.4/lib/eventmachine.rb:179:in `run'
	/Users/rachmatmaulana/.rvm/gems/ruby-1.9.2-p290@jotky-api-2/gems/thin-1.3.1/lib/thin/backends/base.rb:61:in `start'
	/Users/rachmatmaulana/.rvm/gems/ruby-1.9.2-p290@jotky-api-2/gems/thin-1.3.1/lib/thin/server.rb:159:in `start'
	/Users/rachmatmaulana/.rvm/gems/ruby-1.9.2-p290@jotky-api-2/gems/thin-1.3.1/lib/thin/controllers/controller.rb:86:in `start'
	/Users/rachmatmaulana/.rvm/gems/ruby-1.9.2-p290@jotky-api-2/gems/thin-1.3.1/lib/thin/runner.rb:185:in `run_command'
	/Users/rachmatmaulana/.rvm/gems/ruby-1.9.2-p290@jotky-api-2/gems/thin-1.3.1/lib/thin/runner.rb:151:in `run!'
	/Users/rachmatmaulana/.rvm/gems/ruby-1.9.2-p290@jotky-api-2/gems/thin-1.3.1/bin/thin:6:in `<top (required)>'
	/Users/rachmatmaulana/.rvm/gems/ruby-1.9.2-p290@jotky-api-2/bin/thin:19:in `load'
	/Users/rachmatmaulana/.rvm/gems/ruby-1.9.2-p290@jotky-api-2/bin/thin:19:in `<main>'
NameError: undefined local variable or method `dssajbkbkjbk' for #<HttpResponseAction::Error404:0x00000100eef1f0>
	/Users/rachmatmaulana/Sites/jotky-beta-2/api_v2/app/actions/http_response_action.rb:5:in `start'
	/Users/rachmatmaulana/.rvm/gems/ruby-1.9.2-p290@jotky-api-2/gems/cramp-0.15.1/lib/cramp/callbacks.rb:42:in `block in on_start'
	/Users/rachmatmaulana/.rvm/gems/ruby-1.9.2-p290@jotky-api-2/gems/cramp-0.15.1/lib/cramp/callbacks.rb:58:in `block in callback_wrapper'
	/Users/rachmatmaulana/.rvm/gems/ruby-1.9.2-p290@jotky-api-2/gems/eventmachine-1.0.0.beta.4/lib/eventmachine.rb:942:in `call'
	/Users/rachmatmaulana/.rvm/gems/ruby-1.9.2-p290@jotky-api-2/gems/eventmachine-1.0.0.beta.4/lib/eventmachine.rb:942:in `block in run_deferred_callbacks'
	/Users/rachmatmaulana/.rvm/gems/ruby-1.9.2-p290@jotky-api-2/gems/eventmachine-1.0.0.beta.4/lib/eventmachine.rb:939:in `each'
	/Users/rachmatmaulana/.rvm/gems/ruby-1.9.2-p290@jotky-api-2/gems/eventmachine-1.0.0.beta.4/lib/eventmachine.rb:939:in `run_deferred_callbacks'
	/Users/rachmatmaulana/.rvm/gems/ruby-1.9.2-p290@jotky-api-2/gems/eventmachine-1.0.0.beta.4/lib/eventmachine.rb:179:in `run_machine'
	/Users/rachmatmaulana/.rvm/gems/ruby-1.9.2-p290@jotky-api-2/gems/eventmachine-1.0.0.beta.4/lib/eventmachine.rb:179:in `run'
	/Users/rachmatmaulana/.rvm/gems/ruby-1.9.2-p290@jotky-api-2/gems/thin-1.3.1/lib/thin/backends/base.rb:61:in `start'
	/Users/rachmatmaulana/.rvm/gems/ruby-1.9.2-p290@jotky-api-2/gems/thin-1.3.1/lib/thin/server.rb:159:in `start'
	/Users/rachmatmaulana/.rvm/gems/ruby-1.9.2-p290@jotky-api-2/gems/thin-1.3.1/lib/thin/controllers/controller.rb:86:in `start'
	/Users/rachmatmaulana/.rvm/gems/ruby-1.9.2-p290@jotky-api-2/gems/thin-1.3.1/lib/thin/runner.rb:185:in `run_command'
	/Users/rachmatmaulana/.rvm/gems/ruby-1.9.2-p290@jotky-api-2/gems/thin-1.3.1/lib/thin/runner.rb:151:in `run!'
	/Users/rachmatmaulana/.rvm/gems/ruby-1.9.2-p290@jotky-api-2/gems/thin-1.3.1/bin/thin:6:in `<top (required)>'
	/Users/rachmatmaulana/.rvm/gems/ruby-1.9.2-p290@jotky-api-2/bin/thin:19:in `load'
	/Users/rachmatmaulana/.rvm/gems/ruby-1.9.2-p290@jotky-api-2/bin/thin:19:in `<main>'
NameError: undefined local variable or method `dssajbkbkjbk' for #<HttpResponseAction::Error404:0x00000100e438f0>
	/Users/rachmatmaulana/Sites/jotky-beta-2/api_v2/app/actions/http_response_action.rb:5:in `start'
	/Users/rachmatmaulana/.rvm/gems/ruby-1.9.2-p290@jotky-api-2/gems/cramp-0.15.1/lib/cramp/callbacks.rb:42:in `block in on_start'
	/Users/rachmatmaulana/.rvm/gems/ruby-1.9.2-p290@jotky-api-2/gems/cramp-0.15.1/lib/cramp/callbacks.rb:58:in `block in callback_wrapper'
	/Users/rachmatmaulana/.rvm/gems/ruby-1.9.2-p290@jotky-api-2/gems/eventmachine-1.0.0.beta.4/lib/eventmachine.rb:942:in `call'
	/Users/rachmatmaulana/.rvm/gems/ruby-1.9.2-p290@jotky-api-2/gems/eventmachine-1.0.0.beta.4/lib/eventmachine.rb:942:in `block in run_deferred_callbacks'
	/Users/rachmatmaulana/.rvm/gems/ruby-1.9.2-p290@jotky-api-2/gems/eventmachine-1.0.0.beta.4/lib/eventmachine.rb:939:in `each'
	/Users/rachmatmaulana/.rvm/gems/ruby-1.9.2-p290@jotky-api-2/gems/eventmachine-1.0.0.beta.4/lib/eventmachine.rb:939:in `run_deferred_callbacks'
	/Users/rachmatmaulana/.rvm/gems/ruby-1.9.2-p290@jotky-api-2/gems/eventmachine-1.0.0.beta.4/lib/eventmachine.rb:179:in `run_machine'
	/Users/rachmatmaulana/.rvm/gems/ruby-1.9.2-p290@jotky-api-2/gems/eventmachine-1.0.0.beta.4/lib/eventmachine.rb:179:in `run'
	/Users/rachmatmaulana/.rvm/gems/ruby-1.9.2-p290@jotky-api-2/gems/thin-1.3.1/lib/thin/backends/base.rb:61:in `start'
	/Users/rachmatmaulana/.rvm/gems/ruby-1.9.2-p290@jotky-api-2/gems/thin-1.3.1/lib/thin/server.rb:159:in `start'
	/Users/rachmatmaulana/.rvm/gems/ruby-1.9.2-p290@jotky-api-2/gems/thin-1.3.1/lib/thin/controllers/controller.rb:86:in `start'
	/Users/rachmatmaulana/.rvm/gems/ruby-1.9.2-p290@jotky-api-2/gems/thin-1.3.1/lib/thin/runner.rb:185:in `run_command'
	/Users/rachmatmaulana/.rvm/gems/ruby-1.9.2-p290@jotky-api-2/gems/thin-1.3.1/lib/thin/runner.rb:151:in `run!'
	/Users/rachmatmaulana/.rvm/gems/ruby-1.9.2-p290@jotky-api-2/gems/thin-1.3.1/bin/thin:6:in `<top (required)>'
	/Users/rachmatmaulana/.rvm/gems/ruby-1.9.2-p290@jotky-api-2/bin/thin:19:in `load'
	/Users/rachmatmaulana/.rvm/gems/ruby-1.9.2-p290@jotky-api-2/bin/thin:19:in `<main>'
NameError: undefined local variable or method `dssajbkbkjbk' for #<HttpResponseAction::Error404:0x00000100e16378>
	/Users/rachmatmaulana/Sites/jotky-beta-2/api_v2/app/actions/http_response_action.rb:5:in `start'
	/Users/rachmatmaulana/.rvm/gems/ruby-1.9.2-p290@jotky-api-2/gems/cramp-0.15.1/lib/cramp/callbacks.rb:42:in `block in on_start'
	/Users/rachmatmaulana/.rvm/gems/ruby-1.9.2-p290@jotky-api-2/gems/cramp-0.15.1/lib/cramp/callbacks.rb:58:in `block in callback_wrapper'
	/Users/rachmatmaulana/.rvm/gems/ruby-1.9.2-p290@jotky-api-2/gems/eventmachine-1.0.0.beta.4/lib/eventmachine.rb:942:in `call'
	/Users/rachmatmaulana/.rvm/gems/ruby-1.9.2-p290@jotky-api-2/gems/eventmachine-1.0.0.beta.4/lib/eventmachine.rb:942:in `block in run_deferred_callbacks'
	/Users/rachmatmaulana/.rvm/gems/ruby-1.9.2-p290@jotky-api-2/gems/eventmachine-1.0.0.beta.4/lib/eventmachine.rb:939:in `each'
	/Users/rachmatmaulana/.rvm/gems/ruby-1.9.2-p290@jotky-api-2/gems/eventmachine-1.0.0.beta.4/lib/eventmachine.rb:939:in `run_deferred_callbacks'
	/Users/rachmatmaulana/.rvm/gems/ruby-1.9.2-p290@jotky-api-2/gems/eventmachine-1.0.0.beta.4/lib/eventmachine.rb:179:in `run_machine'
	/Users/rachmatmaulana/.rvm/gems/ruby-1.9.2-p290@jotky-api-2/gems/eventmachine-1.0.0.beta.4/lib/eventmachine.rb:179:in `run'
	/Users/rachmatmaulana/.rvm/gems/ruby-1.9.2-p290@jotky-api-2/gems/thin-1.3.1/lib/thin/backends/base.rb:61:in `start'
	/Users/rachmatmaulana/.rvm/gems/ruby-1.9.2-p290@jotky-api-2/gems/thin-1.3.1/lib/thin/server.rb:159:in `start'
	/Users/rachmatmaulana/.rvm/gems/ruby-1.9.2-p290@jotky-api-2/gems/thin-1.3.1/lib/thin/controllers/controller.rb:86:in `start'
	/Users/rachmatmaulana/.rvm/gems/ruby-1.9.2-p290@jotky-api-2/gems/thin-1.3.1/lib/thin/runner.rb:185:in `run_command'
	/Users/rachmatmaulana/.rvm/gems/ruby-1.9.2-p290@jotky-api-2/gems/thin-1.3.1/lib/thin/runner.rb:151:in `run!'
	/Users/rachmatmaulana/.rvm/gems/ruby-1.9.2-p290@jotky-api-2/gems/thin-1.3.1/bin/thin:6:in `<top (required)>'
	/Users/rachmatmaulana/.rvm/gems/ruby-1.9.2-p290@jotky-api-2/bin/thin:19:in `load'
	/Users/rachmatmaulana/.rvm/gems/ruby-1.9.2-p290@jotky-api-2/bin/thin:19:in `<main>'
NameError: undefined local variable or method `dssajbkbkjbk' for #<HttpResponseAction::Error404:0x00000100dda0f8>
	/Users/rachmatmaulana/Sites/jotky-beta-2/api_v2/app/actions/http_response_action.rb:5:in `start'
	/Users/rachmatmaulana/.rvm/gems/ruby-1.9.2-p290@jotky-api-2/gems/cramp-0.15.1/lib/cramp/callbacks.rb:42:in `block in on_start'
	/Users/rachmatmaulana/.rvm/gems/ruby-1.9.2-p290@jotky-api-2/gems/cramp-0.15.1/lib/cramp/callbacks.rb:58:in `block in callback_wrapper'
	/Users/rachmatmaulana/.rvm/gems/ruby-1.9.2-p290@jotky-api-2/gems/eventmachine-1.0.0.beta.4/lib/eventmachine.rb:942:in `call'
	/Users/rachmatmaulana/.rvm/gems/ruby-1.9.2-p290@jotky-api-2/gems/eventmachine-1.0.0.beta.4/lib/eventmachine.rb:942:in `block in run_deferred_callbacks'
	/Users/rachmatmaulana/.rvm/gems/ruby-1.9.2-p290@jotky-api-2/gems/eventmachine-1.0.0.beta.4/lib/eventmachine.rb:939:in `each'
	/Users/rachmatmaulana/.rvm/gems/ruby-1.9.2-p290@jotky-api-2/gems/eventmachine-1.0.0.beta.4/lib/eventmachine.rb:939:in `run_deferred_callbacks'
	/Users/rachmatmaulana/.rvm/gems/ruby-1.9.2-p290@jotky-api-2/gems/eventmachine-1.0.0.beta.4/lib/eventmachine.rb:179:in `run_machine'
	/Users/rachmatmaulana/.rvm/gems/ruby-1.9.2-p290@jotky-api-2/gems/eventmachine-1.0.0.beta.4/lib/eventmachine.rb:179:in `run'
	/Users/rachmatmaulana/.rvm/gems/ruby-1.9.2-p290@jotky-api-2/gems/thin-1.3.1/lib/thin/backends/base.rb:61:in `start'
	/Users/rachmatmaulana/.rvm/gems/ruby-1.9.2-p290@jotky-api-2/gems/thin-1.3.1/lib/thin/server.rb:159:in `start'
	/Users/rachmatmaulana/.rvm/gems/ruby-1.9.2-p290@jotky-api-2/gems/thin-1.3.1/lib/thin/controllers/controller.rb:86:in `start'
	/Users/rachmatmaulana/.rvm/gems/ruby-1.9.2-p290@jotky-api-2/gems/thin-1.3.1/lib/thin/runner.rb:185:in `run_command'
	/Users/rachmatmaulana/.rvm/gems/ruby-1.9.2-p290@jotky-api-2/gems/thin-1.3.1/lib/thin/runner.rb:151:in `run!'
	/Users/rachmatmaulana/.rvm/gems/ruby-1.9.2-p290@jotky-api-2/gems/thin-1.3.1/bin/thin:6:in `<top (required)>'
	/Users/rachmatmaulana/.rvm/gems/ruby-1.9.2-p290@jotky-api-2/bin/thin:19:in `load'
	/Users/rachmatmaulana/.rvm/gems/ruby-1.9.2-p290@jotky-api-2/bin/thin:19:in `<main>'
NameError: undefined local variable or method `dssajbkbkjbk' for #<HttpResponseAction::Error404:0x00000100d3c998>
	/Users/rachmatmaulana/Sites/jotky-beta-2/api_v2/app/actions/http_response_action.rb:5:in `start'
	/Users/rachmatmaulana/.rvm/gems/ruby-1.9.2-p290@jotky-api-2/gems/cramp-0.15.1/lib/cramp/callbacks.rb:42:in `block in on_start'
	/Users/rachmatmaulana/.rvm/gems/ruby-1.9.2-p290@jotky-api-2/gems/cramp-0.15.1/lib/cramp/callbacks.rb:58:in `block in callback_wrapper'
	/Users/rachmatmaulana/.rvm/gems/ruby-1.9.2-p290@jotky-api-2/gems/eventmachine-1.0.0.beta.4/lib/eventmachine.rb:942:in `call'
	/Users/rachmatmaulana/.rvm/gems/ruby-1.9.2-p290@jotky-api-2/gems/eventmachine-1.0.0.beta.4/lib/eventmachine.rb:942:in `block in run_deferred_callbacks'
	/Users/rachmatmaulana/.rvm/gems/ruby-1.9.2-p290@jotky-api-2/gems/eventmachine-1.0.0.beta.4/lib/eventmachine.rb:939:in `each'
	/Users/rachmatmaulana/.rvm/gems/ruby-1.9.2-p290@jotky-api-2/gems/eventmachine-1.0.0.beta.4/lib/eventmachine.rb:939:in `run_deferred_callbacks'
	/Users/rachmatmaulana/.rvm/gems/ruby-1.9.2-p290@jotky-api-2/gems/eventmachine-1.0.0.beta.4/lib/eventmachine.rb:179:in `run_machine'
	/Users/rachmatmaulana/.rvm/gems/ruby-1.9.2-p290@jotky-api-2/gems/eventmachine-1.0.0.beta.4/lib/eventmachine.rb:179:in `run'
	/Users/rachmatmaulana/.rvm/gems/ruby-1.9.2-p290@jotky-api-2/gems/thin-1.3.1/lib/thin/backends/base.rb:61:in `start'
	/Users/rachmatmaulana/.rvm/gems/ruby-1.9.2-p290@jotky-api-2/gems/thin-1.3.1/lib/thin/server.rb:159:in `start'
	/Users/rachmatmaulana/.rvm/gems/ruby-1.9.2-p290@jotky-api-2/gems/thin-1.3.1/lib/thin/controllers/controller.rb:86:in `start'
	/Users/rachmatmaulana/.rvm/gems/ruby-1.9.2-p290@jotky-api-2/gems/thin-1.3.1/lib/thin/runner.rb:185:in `run_command'
	/Users/rachmatmaulana/.rvm/gems/ruby-1.9.2-p290@jotky-api-2/gems/thin-1.3.1/lib/thin/runner.rb:151:in `run!'
	/Users/rachmatmaulana/.rvm/gems/ruby-1.9.2-p290@jotky-api-2/gems/thin-1.3.1/bin/thin:6:in `<top (required)>'
	/Users/rachmatmaulana/.rvm/gems/ruby-1.9.2-p290@jotky-api-2/bin/thin:19:in `load'
	/Users/rachmatmaulana/.rvm/gems/ruby-1.9.2-p290@jotky-api-2/bin/thin:19:in `<main>'
NameError: undefined local variable or method `dssajbkbkjbk' for #<HttpResponseAction::Error404:0x0000010156ee40>
	/Users/rachmatmaulana/Sites/jotky-beta-2/api_v2/app/actions/http_response_action.rb:5:in `start'
	/Users/rachmatmaulana/.rvm/gems/ruby-1.9.2-p290@jotky-api-2/gems/cramp-0.15.1/lib/cramp/callbacks.rb:42:in `block in on_start'
	/Users/rachmatmaulana/.rvm/gems/ruby-1.9.2-p290@jotky-api-2/gems/cramp-0.15.1/lib/cramp/callbacks.rb:58:in `block in callback_wrapper'
	/Users/rachmatmaulana/.rvm/gems/ruby-1.9.2-p290@jotky-api-2/gems/eventmachine-1.0.0.beta.4/lib/eventmachine.rb:942:in `call'
	/Users/rachmatmaulana/.rvm/gems/ruby-1.9.2-p290@jotky-api-2/gems/eventmachine-1.0.0.beta.4/lib/eventmachine.rb:942:in `block in run_deferred_callbacks'
	/Users/rachmatmaulana/.rvm/gems/ruby-1.9.2-p290@jotky-api-2/gems/eventmachine-1.0.0.beta.4/lib/eventmachine.rb:939:in `each'
	/Users/rachmatmaulana/.rvm/gems/ruby-1.9.2-p290@jotky-api-2/gems/eventmachine-1.0.0.beta.4/lib/eventmachine.rb:939:in `run_deferred_callbacks'
	/Users/rachmatmaulana/.rvm/gems/ruby-1.9.2-p290@jotky-api-2/gems/eventmachine-1.0.0.beta.4/lib/eventmachine.rb:179:in `run_machine'
	/Users/rachmatmaulana/.rvm/gems/ruby-1.9.2-p290@jotky-api-2/gems/eventmachine-1.0.0.beta.4/lib/eventmachine.rb:179:in `run'
	/Users/rachmatmaulana/.rvm/gems/ruby-1.9.2-p290@jotky-api-2/gems/thin-1.3.1/lib/thin/backends/base.rb:61:in `start'
	/Users/rachmatmaulana/.rvm/gems/ruby-1.9.2-p290@jotky-api-2/gems/thin-1.3.1/lib/thin/server.rb:159:in `start'
	/Users/rachmatmaulana/.rvm/gems/ruby-1.9.2-p290@jotky-api-2/gems/thin-1.3.1/lib/thin/controllers/controller.rb:86:in `start'
	/Users/rachmatmaulana/.rvm/gems/ruby-1.9.2-p290@jotky-api-2/gems/thin-1.3.1/lib/thin/runner.rb:185:in `run_command'
	/Users/rachmatmaulana/.rvm/gems/ruby-1.9.2-p290@jotky-api-2/gems/thin-1.3.1/lib/thin/runner.rb:151:in `run!'
	/Users/rachmatmaulana/.rvm/gems/ruby-1.9.2-p290@jotky-api-2/gems/thin-1.3.1/bin/thin:6:in `<top (required)>'
	/Users/rachmatmaulana/.rvm/gems/ruby-1.9.2-p290@jotky-api-2/bin/thin:19:in `load'
	/Users/rachmatmaulana/.rvm/gems/ruby-1.9.2-p290@jotky-api-2/bin/thin:19:in `<main>'
NameError: undefined local variable or method `dssajbkbkjbk' for #<HttpResponseAction::Error404:0x00000102ab4e30>
	/Users/rachmatmaulana/Sites/jotky-beta-2/api_v2/app/actions/http_response_action.rb:5:in `start'
	/Users/rachmatmaulana/.rvm/gems/ruby-1.9.2-p290@jotky-api-2/gems/cramp-0.15.1/lib/cramp/callbacks.rb:42:in `block in on_start'
	/Users/rachmatmaulana/.rvm/gems/ruby-1.9.2-p290@jotky-api-2/gems/cramp-0.15.1/lib/cramp/callbacks.rb:58:in `block in callback_wrapper'
	/Users/rachmatmaulana/.rvm/gems/ruby-1.9.2-p290@jotky-api-2/gems/eventmachine-1.0.0.beta.4/lib/eventmachine.rb:942:in `call'
	/Users/rachmatmaulana/.rvm/gems/ruby-1.9.2-p290@jotky-api-2/gems/eventmachine-1.0.0.beta.4/lib/eventmachine.rb:942:in `block in run_deferred_callbacks'
	/Users/rachmatmaulana/.rvm/gems/ruby-1.9.2-p290@jotky-api-2/gems/eventmachine-1.0.0.beta.4/lib/eventmachine.rb:939:in `each'
	/Users/rachmatmaulana/.rvm/gems/ruby-1.9.2-p290@jotky-api-2/gems/eventmachine-1.0.0.beta.4/lib/eventmachine.rb:939:in `run_deferred_callbacks'
	/Users/rachmatmaulana/.rvm/gems/ruby-1.9.2-p290@jotky-api-2/gems/eventmachine-1.0.0.beta.4/lib/eventmachine.rb:179:in `run_machine'
	/Users/rachmatmaulana/.rvm/gems/ruby-1.9.2-p290@jotky-api-2/gems/eventmachine-1.0.0.beta.4/lib/eventmachine.rb:179:in `run'
	/Users/rachmatmaulana/.rvm/gems/ruby-1.9.2-p290@jotky-api-2/gems/thin-1.3.1/lib/thin/backends/base.rb:61:in `start'
	/Users/rachmatmaulana/.rvm/gems/ruby-1.9.2-p290@jotky-api-2/gems/thin-1.3.1/lib/thin/server.rb:159:in `start'
	/Users/rachmatmaulana/.rvm/gems/ruby-1.9.2-p290@jotky-api-2/gems/thin-1.3.1/lib/thin/controllers/controller.rb:86:in `start'
	/Users/rachmatmaulana/.rvm/gems/ruby-1.9.2-p290@jotky-api-2/gems/thin-1.3.1/lib/thin/runner.rb:185:in `run_command'
	/Users/rachmatmaulana/.rvm/gems/ruby-1.9.2-p290@jotky-api-2/gems/thin-1.3.1/lib/thin/runner.rb:151:in `run!'
	/Users/rachmatmaulana/.rvm/gems/ruby-1.9.2-p290@jotky-api-2/gems/thin-1.3.1/bin/thin:6:in `<top (required)>'
	/Users/rachmatmaulana/.rvm/gems/ruby-1.9.2-p290@jotky-api-2/bin/thin:19:in `load'
	/Users/rachmatmaulana/.rvm/gems/ruby-1.9.2-p290@jotky-api-2/bin/thin:19:in `<main>'
NameError: undefined local variable or method `dssajbkbkjbk' for #<HttpResponseAction::Error404:0x0000010125b640>
	/Users/rachmatmaulana/Sites/jotky-beta-2/api_v2/app/actions/http_response_action.rb:5:in `start'
	/Users/rachmatmaulana/.rvm/gems/ruby-1.9.2-p290@jotky-api-2/gems/cramp-0.15.1/lib/cramp/callbacks.rb:42:in `block in on_start'
	/Users/rachmatmaulana/.rvm/gems/ruby-1.9.2-p290@jotky-api-2/gems/cramp-0.15.1/lib/cramp/callbacks.rb:58:in `block in callback_wrapper'
	/Users/rachmatmaulana/.rvm/gems/ruby-1.9.2-p290@jotky-api-2/gems/eventmachine-1.0.0.beta.4/lib/eventmachine.rb:942:in `call'
	/Users/rachmatmaulana/.rvm/gems/ruby-1.9.2-p290@jotky-api-2/gems/eventmachine-1.0.0.beta.4/lib/eventmachine.rb:942:in `block in run_deferred_callbacks'
	/Users/rachmatmaulana/.rvm/gems/ruby-1.9.2-p290@jotky-api-2/gems/eventmachine-1.0.0.beta.4/lib/eventmachine.rb:939:in `each'
	/Users/rachmatmaulana/.rvm/gems/ruby-1.9.2-p290@jotky-api-2/gems/eventmachine-1.0.0.beta.4/lib/eventmachine.rb:939:in `run_deferred_callbacks'
	/Users/rachmatmaulana/.rvm/gems/ruby-1.9.2-p290@jotky-api-2/gems/eventmachine-1.0.0.beta.4/lib/eventmachine.rb:179:in `run_machine'
	/Users/rachmatmaulana/.rvm/gems/ruby-1.9.2-p290@jotky-api-2/gems/eventmachine-1.0.0.beta.4/lib/eventmachine.rb:179:in `run'
	/Users/rachmatmaulana/.rvm/gems/ruby-1.9.2-p290@jotky-api-2/gems/thin-1.3.1/lib/thin/backends/base.rb:61:in `start'
	/Users/rachmatmaulana/.rvm/gems/ruby-1.9.2-p290@jotky-api-2/gems/thin-1.3.1/lib/thin/server.rb:159:in `start'
	/Users/rachmatmaulana/.rvm/gems/ruby-1.9.2-p290@jotky-api-2/gems/thin-1.3.1/lib/thin/controllers/controller.rb:86:in `start'
	/Users/rachmatmaulana/.rvm/gems/ruby-1.9.2-p290@jotky-api-2/gems/thin-1.3.1/lib/thin/runner.rb:185:in `run_command'
	/Users/rachmatmaulana/.rvm/gems/ruby-1.9.2-p290@jotky-api-2/gems/thin-1.3.1/lib/thin/runner.rb:151:in `run!'
	/Users/rachmatmaulana/.rvm/gems/ruby-1.9.2-p290@jotky-api-2/gems/thin-1.3.1/bin/thin:6:in `<top (required)>'
	/Users/rachmatmaulana/.rvm/gems/ruby-1.9.2-p290@jotky-api-2/bin/thin:19:in `load'
	/Users/rachmatmaulana/.rvm/gems/ruby-1.9.2-p290@jotky-api-2/bin/thin:19:in `<main>'
NameError: undefined local variable or method `dssajbkbkjbk' for #<HttpResponseAction::Error404:0x00000101141ca0>
	/Users/rachmatmaulana/Sites/jotky-beta-2/api_v2/app/actions/http_response_action.rb:5:in `start'
	/Users/rachmatmaulana/.rvm/gems/ruby-1.9.2-p290@jotky-api-2/gems/cramp-0.15.1/lib/cramp/callbacks.rb:42:in `block in on_start'
	/Users/rachmatmaulana/.rvm/gems/ruby-1.9.2-p290@jotky-api-2/gems/cramp-0.15.1/lib/cramp/callbacks.rb:58:in `block in callback_wrapper'
	/Users/rachmatmaulana/.rvm/gems/ruby-1.9.2-p290@jotky-api-2/gems/eventmachine-1.0.0.beta.4/lib/eventmachine.rb:942:in `call'
	/Users/rachmatmaulana/.rvm/gems/ruby-1.9.2-p290@jotky-api-2/gems/eventmachine-1.0.0.beta.4/lib/eventmachine.rb:942:in `block in run_deferred_callbacks'
	/Users/rachmatmaulana/.rvm/gems/ruby-1.9.2-p290@jotky-api-2/gems/eventmachine-1.0.0.beta.4/lib/eventmachine.rb:939:in `each'
	/Users/rachmatmaulana/.rvm/gems/ruby-1.9.2-p290@jotky-api-2/gems/eventmachine-1.0.0.beta.4/lib/eventmachine.rb:939:in `run_deferred_callbacks'
	/Users/rachmatmaulana/.rvm/gems/ruby-1.9.2-p290@jotky-api-2/gems/eventmachine-1.0.0.beta.4/lib/eventmachine.rb:179:in `run_machine'
	/Users/rachmatmaulana/.rvm/gems/ruby-1.9.2-p290@jotky-api-2/gems/eventmachine-1.0.0.beta.4/lib/eventmachine.rb:179:in `run'
	/Users/rachmatmaulana/.rvm/gems/ruby-1.9.2-p290@jotky-api-2/gems/thin-1.3.1/lib/thin/backends/base.rb:61:in `start'
	/Users/rachmatmaulana/.rvm/gems/ruby-1.9.2-p290@jotky-api-2/gems/thin-1.3.1/lib/thin/server.rb:159:in `start'
	/Users/rachmatmaulana/.rvm/gems/ruby-1.9.2-p290@jotky-api-2/gems/thin-1.3.1/lib/thin/controllers/controller.rb:86:in `start'
	/Users/rachmatmaulana/.rvm/gems/ruby-1.9.2-p290@jotky-api-2/gems/thin-1.3.1/lib/thin/runner.rb:185:in `run_command'
	/Users/rachmatmaulana/.rvm/gems/ruby-1.9.2-p290@jotky-api-2/gems/thin-1.3.1/lib/thin/runner.rb:151:in `run!'
	/Users/rachmatmaulana/.rvm/gems/ruby-1.9.2-p290@jotky-api-2/gems/thin-1.3.1/bin/thin:6:in `<top (required)>'
	/Users/rachmatmaulana/.rvm/gems/ruby-1.9.2-p290@jotky-api-2/bin/thin:19:in `load'
	/Users/rachmatmaulana/.rvm/gems/ruby-1.9.2-p290@jotky-api-2/bin/thin:19:in `<main>'
NameError: undefined local variable or method `dssajbkbkjbk' for #<HttpResponseAction::Error404:0x00000100f82950>
	/Users/rachmatmaulana/Sites/jotky-beta-2/api_v2/app/actions/http_response_action.rb:5:in `start'
	/Users/rachmatmaulana/.rvm/gems/ruby-1.9.2-p290@jotky-api-2/gems/cramp-0.15.1/lib/cramp/callbacks.rb:42:in `block in on_start'
	/Users/rachmatmaulana/.rvm/gems/ruby-1.9.2-p290@jotky-api-2/gems/cramp-0.15.1/lib/cramp/callbacks.rb:58:in `block in callback_wrapper'
	/Users/rachmatmaulana/.rvm/gems/ruby-1.9.2-p290@jotky-api-2/gems/eventmachine-1.0.0.beta.4/lib/eventmachine.rb:942:in `call'
	/Users/rachmatmaulana/.rvm/gems/ruby-1.9.2-p290@jotky-api-2/gems/eventmachine-1.0.0.beta.4/lib/eventmachine.rb:942:in `block in run_deferred_callbacks'
	/Users/rachmatmaulana/.rvm/gems/ruby-1.9.2-p290@jotky-api-2/gems/eventmachine-1.0.0.beta.4/lib/eventmachine.rb:939:in `each'
	/Users/rachmatmaulana/.rvm/gems/ruby-1.9.2-p290@jotky-api-2/gems/eventmachine-1.0.0.beta.4/lib/eventmachine.rb:939:in `run_deferred_callbacks'
	/Users/rachmatmaulana/.rvm/gems/ruby-1.9.2-p290@jotky-api-2/gems/eventmachine-1.0.0.beta.4/lib/eventmachine.rb:179:in `run_machine'
	/Users/rachmatmaulana/.rvm/gems/ruby-1.9.2-p290@jotky-api-2/gems/eventmachine-1.0.0.beta.4/lib/eventmachine.rb:179:in `run'
	/Users/rachmatmaulana/.rvm/gems/ruby-1.9.2-p290@jotky-api-2/gems/thin-1.3.1/lib/thin/backends/base.rb:61:in `start'
	/Users/rachmatmaulana/.rvm/gems/ruby-1.9.2-p290@jotky-api-2/gems/thin-1.3.1/lib/thin/server.rb:159:in `start'
	/Users/rachmatmaulana/.rvm/gems/ruby-1.9.2-p290@jotky-api-2/gems/thin-1.3.1/lib/thin/controllers/controller.rb:86:in `start'
	/Users/rachmatmaulana/.rvm/gems/ruby-1.9.2-p290@jotky-api-2/gems/thin-1.3.1/lib/thin/runner.rb:185:in `run_command'
	/Users/rachmatmaulana/.rvm/gems/ruby-1.9.2-p290@jotky-api-2/gems/thin-1.3.1/lib/thin/runner.rb:151:in `run!'
	/Users/rachmatmaulana/.rvm/gems/ruby-1.9.2-p290@jotky-api-2/gems/thin-1.3.1/bin/thin:6:in `<top (required)>'
	/Users/rachmatmaulana/.rvm/gems/ruby-1.9.2-p290@jotky-api-2/bin/thin:19:in `load'
	/Users/rachmatmaulana/.rvm/gems/ruby-1.9.2-p290@jotky-api-2/bin/thin:19:in `<main>'
NameError: undefined local variable or method `dssajbkbkjbk' for #<HttpResponseAction::Error404:0x00000101763ca0>
	/Users/rachmatmaulana/Sites/jotky-beta-2/api_v2/app/actions/http_response_action.rb:5:in `start'
	/Users/rachmatmaulana/.rvm/gems/ruby-1.9.2-p290@jotky-api-2/gems/cramp-0.15.1/lib/cramp/callbacks.rb:42:in `block in on_start'
	/Users/rachmatmaulana/.rvm/gems/ruby-1.9.2-p290@jotky-api-2/gems/cramp-0.15.1/lib/cramp/callbacks.rb:58:in `block in callback_wrapper'
	/Users/rachmatmaulana/.rvm/gems/ruby-1.9.2-p290@jotky-api-2/gems/eventmachine-1.0.0.beta.4/lib/eventmachine.rb:942:in `call'
	/Users/rachmatmaulana/.rvm/gems/ruby-1.9.2-p290@jotky-api-2/gems/eventmachine-1.0.0.beta.4/lib/eventmachine.rb:942:in `block in run_deferred_callbacks'
	/Users/rachmatmaulana/.rvm/gems/ruby-1.9.2-p290@jotky-api-2/gems/eventmachine-1.0.0.beta.4/lib/eventmachine.rb:939:in `each'
	/Users/rachmatmaulana/.rvm/gems/ruby-1.9.2-p290@jotky-api-2/gems/eventmachine-1.0.0.beta.4/lib/eventmachine.rb:939:in `run_deferred_callbacks'
	/Users/rachmatmaulana/.rvm/gems/ruby-1.9.2-p290@jotky-api-2/gems/eventmachine-1.0.0.beta.4/lib/eventmachine.rb:179:in `run_machine'
	/Users/rachmatmaulana/.rvm/gems/ruby-1.9.2-p290@jotky-api-2/gems/eventmachine-1.0.0.beta.4/lib/eventmachine.rb:179:in `run'
	/Users/rachmatmaulana/.rvm/gems/ruby-1.9.2-p290@jotky-api-2/gems/thin-1.3.1/lib/thin/backends/base.rb:61:in `start'
	/Users/rachmatmaulana/.rvm/gems/ruby-1.9.2-p290@jotky-api-2/gems/thin-1.3.1/lib/thin/server.rb:159:in `start'
	/Users/rachmatmaulana/.rvm/gems/ruby-1.9.2-p290@jotky-api-2/gems/thin-1.3.1/lib/thin/controllers/controller.rb:86:in `start'
	/Users/rachmatmaulana/.rvm/gems/ruby-1.9.2-p290@jotky-api-2/gems/thin-1.3.1/lib/thin/runner.rb:185:in `run_command'
	/Users/rachmatmaulana/.rvm/gems/ruby-1.9.2-p290@jotky-api-2/gems/thin-1.3.1/lib/thin/runner.rb:151:in `run!'
	/Users/rachmatmaulana/.rvm/gems/ruby-1.9.2-p290@jotky-api-2/gems/thin-1.3.1/bin/thin:6:in `<top (required)>'
	/Users/rachmatmaulana/.rvm/gems/ruby-1.9.2-p290@jotky-api-2/bin/thin:19:in `load'
	/Users/rachmatmaulana/.rvm/gems/ruby-1.9.2-p290@jotky-api-2/bin/thin:19:in `<main>'
NameError: undefined local variable or method `dssajbkbkjbk' for #<HttpResponseAction::Error404:0x00000100ff2750>
	/Users/rachmatmaulana/Sites/jotky-beta-2/api_v2/app/actions/http_response_action.rb:5:in `start'
	/Users/rachmatmaulana/.rvm/gems/ruby-1.9.2-p290@jotky-api-2/gems/cramp-0.15.1/lib/cramp/callbacks.rb:42:in `block in on_start'
	/Users/rachmatmaulana/.rvm/gems/ruby-1.9.2-p290@jotky-api-2/gems/cramp-0.15.1/lib/cramp/callbacks.rb:58:in `block in callback_wrapper'
	/Users/rachmatmaulana/.rvm/gems/ruby-1.9.2-p290@jotky-api-2/gems/eventmachine-1.0.0.beta.4/lib/eventmachine.rb:942:in `call'
	/Users/rachmatmaulana/.rvm/gems/ruby-1.9.2-p290@jotky-api-2/gems/eventmachine-1.0.0.beta.4/lib/eventmachine.rb:942:in `block in run_deferred_callbacks'
	/Users/rachmatmaulana/.rvm/gems/ruby-1.9.2-p290@jotky-api-2/gems/eventmachine-1.0.0.beta.4/lib/eventmachine.rb:939:in `each'
	/Users/rachmatmaulana/.rvm/gems/ruby-1.9.2-p290@jotky-api-2/gems/eventmachine-1.0.0.beta.4/lib/eventmachine.rb:939:in `run_deferred_callbacks'
	/Users/rachmatmaulana/.rvm/gems/ruby-1.9.2-p290@jotky-api-2/gems/eventmachine-1.0.0.beta.4/lib/eventmachine.rb:179:in `run_machine'
	/Users/rachmatmaulana/.rvm/gems/ruby-1.9.2-p290@jotky-api-2/gems/eventmachine-1.0.0.beta.4/lib/eventmachine.rb:179:in `run'
	/Users/rachmatmaulana/.rvm/gems/ruby-1.9.2-p290@jotky-api-2/gems/thin-1.3.1/lib/thin/backends/base.rb:61:in `start'
	/Users/rachmatmaulana/.rvm/gems/ruby-1.9.2-p290@jotky-api-2/gems/thin-1.3.1/lib/thin/server.rb:159:in `start'
	/Users/rachmatmaulana/.rvm/gems/ruby-1.9.2-p290@jotky-api-2/gems/thin-1.3.1/lib/thin/controllers/controller.rb:86:in `start'
	/Users/rachmatmaulana/.rvm/gems/ruby-1.9.2-p290@jotky-api-2/gems/thin-1.3.1/lib/thin/runner.rb:185:in `run_command'
	/Users/rachmatmaulana/.rvm/gems/ruby-1.9.2-p290@jotky-api-2/gems/thin-1.3.1/lib/thin/runner.rb:151:in `run!'
	/Users/rachmatmaulana/.rvm/gems/ruby-1.9.2-p290@jotky-api-2/gems/thin-1.3.1/bin/thin:6:in `<top (required)>'
	/Users/rachmatmaulana/.rvm/gems/ruby-1.9.2-p290@jotky-api-2/bin/thin:19:in `load'
	/Users/rachmatmaulana/.rvm/gems/ruby-1.9.2-p290@jotky-api-2/bin/thin:19:in `<main>'
NameError: undefined local variable or method `dssajbkbkjbk' for #<HttpResponseAction::Error404:0x00000100f97828>
	/Users/rachmatmaulana/Sites/jotky-beta-2/api_v2/app/actions/http_response_action.rb:5:in `start'
	/Users/rachmatmaulana/.rvm/gems/ruby-1.9.2-p290@jotky-api-2/gems/cramp-0.15.1/lib/cramp/callbacks.rb:42:in `block in on_start'
	/Users/rachmatmaulana/.rvm/gems/ruby-1.9.2-p290@jotky-api-2/gems/cramp-0.15.1/lib/cramp/callbacks.rb:58:in `block in callback_wrapper'
	/Users/rachmatmaulana/.rvm/gems/ruby-1.9.2-p290@jotky-api-2/gems/eventmachine-1.0.0.beta.4/lib/eventmachine.rb:942:in `call'
	/Users/rachmatmaulana/.rvm/gems/ruby-1.9.2-p290@jotky-api-2/gems/eventmachine-1.0.0.beta.4/lib/eventmachine.rb:942:in `block in run_deferred_callbacks'
	/Users/rachmatmaulana/.rvm/gems/ruby-1.9.2-p290@jotky-api-2/gems/eventmachine-1.0.0.beta.4/lib/eventmachine.rb:939:in `each'
	/Users/rachmatmaulana/.rvm/gems/ruby-1.9.2-p290@jotky-api-2/gems/eventmachine-1.0.0.beta.4/lib/eventmachine.rb:939:in `run_deferred_callbacks'
	/Users/rachmatmaulana/.rvm/gems/ruby-1.9.2-p290@jotky-api-2/gems/eventmachine-1.0.0.beta.4/lib/eventmachine.rb:179:in `run_machine'
	/Users/rachmatmaulana/.rvm/gems/ruby-1.9.2-p290@jotky-api-2/gems/eventmachine-1.0.0.beta.4/lib/eventmachine.rb:179:in `run'
	/Users/rachmatmaulana/.rvm/gems/ruby-1.9.2-p290@jotky-api-2/gems/thin-1.3.1/lib/thin/backends/base.rb:61:in `start'
	/Users/rachmatmaulana/.rvm/gems/ruby-1.9.2-p290@jotky-api-2/gems/thin-1.3.1/lib/thin/server.rb:159:in `start'
	/Users/rachmatmaulana/.rvm/gems/ruby-1.9.2-p290@jotky-api-2/gems/thin-1.3.1/lib/thin/controllers/controller.rb:86:in `start'
	/Users/rachmatmaulana/.rvm/gems/ruby-1.9.2-p290@jotky-api-2/gems/thin-1.3.1/lib/thin/runner.rb:185:in `run_command'
	/Users/rachmatmaulana/.rvm/gems/ruby-1.9.2-p290@jotky-api-2/gems/thin-1.3.1/lib/thin/runner.rb:151:in `run!'
	/Users/rachmatmaulana/.rvm/gems/ruby-1.9.2-p290@jotky-api-2/gems/thin-1.3.1/bin/thin:6:in `<top (required)>'
	/Users/rachmatmaulana/.rvm/gems/ruby-1.9.2-p290@jotky-api-2/bin/thin:19:in `load'
	/Users/rachmatmaulana/.rvm/gems/ruby-1.9.2-p290@jotky-api-2/bin/thin:19:in `<main>'
NameError: undefined local variable or method `dssajbkbkjbk' for #<HttpResponseAction::Error404:0x0000010172b7d8>
	/Users/rachmatmaulana/Sites/jotky-beta-2/api_v2/app/actions/http_response_action.rb:5:in `start'
	/Users/rachmatmaulana/.rvm/gems/ruby-1.9.2-p290@jotky-api-2/gems/cramp-0.15.1/lib/cramp/callbacks.rb:42:in `block in on_start'
	/Users/rachmatmaulana/.rvm/gems/ruby-1.9.2-p290@jotky-api-2/gems/cramp-0.15.1/lib/cramp/callbacks.rb:58:in `block in callback_wrapper'
	/Users/rachmatmaulana/.rvm/gems/ruby-1.9.2-p290@jotky-api-2/gems/eventmachine-1.0.0.beta.4/lib/eventmachine.rb:942:in `call'
	/Users/rachmatmaulana/.rvm/gems/ruby-1.9.2-p290@jotky-api-2/gems/eventmachine-1.0.0.beta.4/lib/eventmachine.rb:942:in `block in run_deferred_callbacks'
	/Users/rachmatmaulana/.rvm/gems/ruby-1.9.2-p290@jotky-api-2/gems/eventmachine-1.0.0.beta.4/lib/eventmachine.rb:939:in `each'
	/Users/rachmatmaulana/.rvm/gems/ruby-1.9.2-p290@jotky-api-2/gems/eventmachine-1.0.0.beta.4/lib/eventmachine.rb:939:in `run_deferred_callbacks'
	/Users/rachmatmaulana/.rvm/gems/ruby-1.9.2-p290@jotky-api-2/gems/eventmachine-1.0.0.beta.4/lib/eventmachine.rb:179:in `run_machine'
	/Users/rachmatmaulana/.rvm/gems/ruby-1.9.2-p290@jotky-api-2/gems/eventmachine-1.0.0.beta.4/lib/eventmachine.rb:179:in `run'
	/Users/rachmatmaulana/.rvm/gems/ruby-1.9.2-p290@jotky-api-2/gems/thin-1.3.1/lib/thin/backends/base.rb:61:in `start'
	/Users/rachmatmaulana/.rvm/gems/ruby-1.9.2-p290@jotky-api-2/gems/thin-1.3.1/lib/thin/server.rb:159:in `start'
	/Users/rachmatmaulana/.rvm/gems/ruby-1.9.2-p290@jotky-api-2/gems/thin-1.3.1/lib/thin/controllers/controller.rb:86:in `start'
	/Users/rachmatmaulana/.rvm/gems/ruby-1.9.2-p290@jotky-api-2/gems/thin-1.3.1/lib/thin/runner.rb:185:in `run_command'
	/Users/rachmatmaulana/.rvm/gems/ruby-1.9.2-p290@jotky-api-2/gems/thin-1.3.1/lib/thin/runner.rb:151:in `run!'
	/Users/rachmatmaulana/.rvm/gems/ruby-1.9.2-p290@jotky-api-2/gems/thin-1.3.1/bin/thin:6:in `<top (required)>'
	/Users/rachmatmaulana/.rvm/gems/ruby-1.9.2-p290@jotky-api-2/bin/thin:19:in `load'
	/Users/rachmatmaulana/.rvm/gems/ruby-1.9.2-p290@jotky-api-2/bin/thin:19:in `<main>'
