>> Writing PID to tmp/pids/thin.0.pid
>> Using rack adapter
/Users/rachmatmaulana/.rvm/gems/ruby-1.9.2-p290@global/gems/bundler-1.0.21/lib/bundler/runtime.rb:136: warning: Insecure world writable dir /usr in PATH, mode 040777
MONGODB [WARNING] Please note that logging negatively impacts client-side performance. You should set your logging level no lower than :info in production.
MONGODB admin['$cmd'].find({:ismaster=>1}).limit(-1)
>> Exiting!
/Users/rachmatmaulana/.rvm/gems/ruby-1.9.2-p290@jotky-cramp/gems/activesupport-3.0.11/lib/active_support/dependencies.rb:239:in `require': no such file to load -- ruby-debug (LoadError)
	from /Users/rachmatmaulana/.rvm/gems/ruby-1.9.2-p290@jotky-cramp/gems/activesupport-3.0.11/lib/active_support/dependencies.rb:239:in `block in require'
	from /Users/rachmatmaulana/.rvm/gems/ruby-1.9.2-p290@jotky-cramp/gems/activesupport-3.0.11/lib/active_support/dependencies.rb:225:in `block in load_dependency'
	from /Users/rachmatmaulana/.rvm/gems/ruby-1.9.2-p290@jotky-cramp/gems/activesupport-3.0.11/lib/active_support/dependencies.rb:593:in `new_constants_in'
	from /Users/rachmatmaulana/.rvm/gems/ruby-1.9.2-p290@jotky-cramp/gems/activesupport-3.0.11/lib/active_support/dependencies.rb:225:in `load_dependency'
	from /Users/rachmatmaulana/.rvm/gems/ruby-1.9.2-p290@jotky-cramp/gems/activesupport-3.0.11/lib/active_support/dependencies.rb:239:in `require'
	from /Users/rachmatmaulana/Sites/jotky-beta/app/server/config.ru:13:in `block in <main>'
	from /Users/rachmatmaulana/.rvm/gems/ruby-1.9.2-p290@jotky-cramp/gems/rack-1.3.6/lib/rack/builder.rb:51:in `instance_eval'
	from /Users/rachmatmaulana/.rvm/gems/ruby-1.9.2-p290@jotky-cramp/gems/rack-1.3.6/lib/rack/builder.rb:51:in `initialize'
	from /Users/rachmatmaulana/Sites/jotky-beta/app/server/config.ru:1:in `new'
	from /Users/rachmatmaulana/Sites/jotky-beta/app/server/config.ru:1:in `<main>'
	from /Users/rachmatmaulana/.rvm/gems/ruby-1.9.2-p290@jotky-cramp/gems/thin-1.3.1/lib/rack/adapter/loader.rb:36:in `eval'
	from /Users/rachmatmaulana/.rvm/gems/ruby-1.9.2-p290@jotky-cramp/gems/thin-1.3.1/lib/rack/adapter/loader.rb:36:in `load'
	from /Users/rachmatmaulana/.rvm/gems/ruby-1.9.2-p290@jotky-cramp/gems/thin-1.3.1/lib/rack/adapter/loader.rb:45:in `for'
	from /Users/rachmatmaulana/.rvm/gems/ruby-1.9.2-p290@jotky-cramp/gems/thin-1.3.1/lib/thin/controllers/controller.rb:169:in `load_adapter'
	from /Users/rachmatmaulana/.rvm/gems/ruby-1.9.2-p290@jotky-cramp/gems/thin-1.3.1/lib/thin/controllers/controller.rb:73:in `start'
	from /Users/rachmatmaulana/.rvm/gems/ruby-1.9.2-p290@jotky-cramp/gems/thin-1.3.1/lib/thin/runner.rb:185:in `run_command'
	from /Users/rachmatmaulana/.rvm/gems/ruby-1.9.2-p290@jotky-cramp/gems/thin-1.3.1/lib/thin/runner.rb:151:in `run!'
	from /Users/rachmatmaulana/.rvm/gems/ruby-1.9.2-p290@jotky-cramp/gems/thin-1.3.1/bin/thin:6:in `<top (required)>'
	from /Users/rachmatmaulana/.rvm/gems/ruby-1.9.2-p290@jotky-cramp/bin/thin:19:in `load'
	from /Users/rachmatmaulana/.rvm/gems/ruby-1.9.2-p290@jotky-cramp/bin/thin:19:in `<main>'
>> Writing PID to tmp/pids/thin.0.pid
>> Using rack adapter
/Users/rachmatmaulana/.rvm/gems/ruby-1.9.2-p290@global/gems/bundler-1.0.21/lib/bundler/runtime.rb:136: warning: Insecure world writable dir /usr in PATH, mode 040777
MONGODB [WARNING] Please note that logging negatively impacts client-side performance. You should set your logging level no lower than :info in production.
MONGODB admin['$cmd'].find({:ismaster=>1}).limit(-1)
>> Thin web server (v1.3.1 codename Triple Espresso)
>> Maximum connections set to 1024
>> Listening on tmp/sockets/thin.0.sock, CTRL+C to stop
127.0.0.1 - - [02/Feb/2012 16:25:51] "GET / HTTP/1.0" 404 30 0.1510
127.0.0.1 - - [02/Feb/2012 16:26:02] "GET  HTTP/1.0" 200 - 0.0342
!! Unexpected error while processing request: undefined method `each' for text/html:MIME::Type
NameError: uninitialized constant Action::Tilt
	/Users/rachmatmaulana/Sites/jotky-beta/app/server/app/action.rb:11:in `render_with_template'
	/Users/rachmatmaulana/Sites/jotky-beta/app/server/app/actions/admin_auth_login_action.rb:3:in `start'
	/Users/rachmatmaulana/.rvm/gems/ruby-1.9.2-p290@jotky-cramp/gems/cramp-0.15.1/lib/cramp/callbacks.rb:42:in `block in on_start'
	/Users/rachmatmaulana/.rvm/gems/ruby-1.9.2-p290@jotky-cramp/gems/cramp-0.15.1/lib/cramp/callbacks.rb:58:in `block in callback_wrapper'
	/Users/rachmatmaulana/.rvm/gems/ruby-1.9.2-p290@jotky-cramp/gems/eventmachine-1.0.0.beta.4/lib/eventmachine.rb:942:in `call'
	/Users/rachmatmaulana/.rvm/gems/ruby-1.9.2-p290@jotky-cramp/gems/eventmachine-1.0.0.beta.4/lib/eventmachine.rb:942:in `block in run_deferred_callbacks'
	/Users/rachmatmaulana/.rvm/gems/ruby-1.9.2-p290@jotky-cramp/gems/eventmachine-1.0.0.beta.4/lib/eventmachine.rb:939:in `each'
	/Users/rachmatmaulana/.rvm/gems/ruby-1.9.2-p290@jotky-cramp/gems/eventmachine-1.0.0.beta.4/lib/eventmachine.rb:939:in `run_deferred_callbacks'
	/Users/rachmatmaulana/.rvm/gems/ruby-1.9.2-p290@jotky-cramp/gems/eventmachine-1.0.0.beta.4/lib/eventmachine.rb:179:in `run_machine'
	/Users/rachmatmaulana/.rvm/gems/ruby-1.9.2-p290@jotky-cramp/gems/eventmachine-1.0.0.beta.4/lib/eventmachine.rb:179:in `run'
	/Users/rachmatmaulana/.rvm/gems/ruby-1.9.2-p290@jotky-cramp/gems/thin-1.3.1/lib/thin/backends/base.rb:61:in `start'
	/Users/rachmatmaulana/.rvm/gems/ruby-1.9.2-p290@jotky-cramp/gems/thin-1.3.1/lib/thin/server.rb:159:in `start'
	/Users/rachmatmaulana/.rvm/gems/ruby-1.9.2-p290@jotky-cramp/gems/thin-1.3.1/lib/thin/controllers/controller.rb:86:in `start'
	/Users/rachmatmaulana/.rvm/gems/ruby-1.9.2-p290@jotky-cramp/gems/thin-1.3.1/lib/thin/runner.rb:185:in `run_command'
	/Users/rachmatmaulana/.rvm/gems/ruby-1.9.2-p290@jotky-cramp/gems/thin-1.3.1/lib/thin/runner.rb:151:in `run!'
	/Users/rachmatmaulana/.rvm/gems/ruby-1.9.2-p290@jotky-cramp/gems/thin-1.3.1/bin/thin:6:in `<top (required)>'
	/Users/rachmatmaulana/.rvm/gems/ruby-1.9.2-p290@jotky-cramp/bin/thin:19:in `load'
	/Users/rachmatmaulana/.rvm/gems/ruby-1.9.2-p290@jotky-cramp/bin/thin:19:in `<main>'
127.0.0.1 - - [02/Feb/2012 16:26:06] "GET  HTTP/1.0" 200 - 0.0208
NameError: uninitialized constant Action::Tilt
	/Users/rachmatmaulana/Sites/jotky-beta/app/server/app/action.rb:11:in `render_with_template'
	/Users/rachmatmaulana/Sites/jotky-beta/app/server/app/actions/admin_auth_login_action.rb:3:in `start'
	/Users/rachmatmaulana/.rvm/gems/ruby-1.9.2-p290@jotky-cramp/gems/cramp-0.15.1/lib/cramp/callbacks.rb:42:in `block in on_start'
	/Users/rachmatmaulana/.rvm/gems/ruby-1.9.2-p290@jotky-cramp/gems/cramp-0.15.1/lib/cramp/callbacks.rb:58:in `block in callback_wrapper'
	/Users/rachmatmaulana/.rvm/gems/ruby-1.9.2-p290@jotky-cramp/gems/eventmachine-1.0.0.beta.4/lib/eventmachine.rb:942:in `call'
	/Users/rachmatmaulana/.rvm/gems/ruby-1.9.2-p290@jotky-cramp/gems/eventmachine-1.0.0.beta.4/lib/eventmachine.rb:942:in `block in run_deferred_callbacks'
	/Users/rachmatmaulana/.rvm/gems/ruby-1.9.2-p290@jotky-cramp/gems/eventmachine-1.0.0.beta.4/lib/eventmachine.rb:939:in `each'
	/Users/rachmatmaulana/.rvm/gems/ruby-1.9.2-p290@jotky-cramp/gems/eventmachine-1.0.0.beta.4/lib/eventmachine.rb:939:in `run_deferred_callbacks'
	/Users/rachmatmaulana/.rvm/gems/ruby-1.9.2-p290@jotky-cramp/gems/eventmachine-1.0.0.beta.4/lib/eventmachine.rb:179:in `run_machine'
	/Users/rachmatmaulana/.rvm/gems/ruby-1.9.2-p290@jotky-cramp/gems/eventmachine-1.0.0.beta.4/lib/eventmachine.rb:179:in `run'
	/Users/rachmatmaulana/.rvm/gems/ruby-1.9.2-p290@jotky-cramp/gems/thin-1.3.1/lib/thin/backends/base.rb:61:in `start'
	/Users/rachmatmaulana/.rvm/gems/ruby-1.9.2-p290@jotky-cramp/gems/thin-1.3.1/lib/thin/server.rb:159:in `start'
	/Users/rachmatmaulana/.rvm/gems/ruby-1.9.2-p290@jotky-cramp/gems/thin-1.3.1/lib/thin/controllers/controller.rb:86:in `start'
	/Users/rachmatmaulana/.rvm/gems/ruby-1.9.2-p290@jotky-cramp/gems/thin-1.3.1/lib/thin/runner.rb:185:in `run_command'
	/Users/rachmatmaulana/.rvm/gems/ruby-1.9.2-p290@jotky-cramp/gems/thin-1.3.1/lib/thin/runner.rb:151:in `run!'
	/Users/rachmatmaulana/.rvm/gems/ruby-1.9.2-p290@jotky-cramp/gems/thin-1.3.1/bin/thin:6:in `<top (required)>'
	/Users/rachmatmaulana/.rvm/gems/ruby-1.9.2-p290@jotky-cramp/bin/thin:19:in `load'
	/Users/rachmatmaulana/.rvm/gems/ruby-1.9.2-p290@jotky-cramp/bin/thin:19:in `<main>'
127.0.0.1 - - [02/Feb/2012 16:26:09] "GET  HTTP/1.0" 200 - 0.0542
NameError: uninitialized constant Action::Tilt
	/Users/rachmatmaulana/Sites/jotky-beta/app/server/app/action.rb:11:in `render_with_template'
	/Users/rachmatmaulana/Sites/jotky-beta/app/server/app/actions/admin_auth_login_action.rb:3:in `start'
	/Users/rachmatmaulana/.rvm/gems/ruby-1.9.2-p290@jotky-cramp/gems/cramp-0.15.1/lib/cramp/callbacks.rb:42:in `block in on_start'
	/Users/rachmatmaulana/.rvm/gems/ruby-1.9.2-p290@jotky-cramp/gems/cramp-0.15.1/lib/cramp/callbacks.rb:58:in `block in callback_wrapper'
	/Users/rachmatmaulana/.rvm/gems/ruby-1.9.2-p290@jotky-cramp/gems/eventmachine-1.0.0.beta.4/lib/eventmachine.rb:942:in `call'
	/Users/rachmatmaulana/.rvm/gems/ruby-1.9.2-p290@jotky-cramp/gems/eventmachine-1.0.0.beta.4/lib/eventmachine.rb:942:in `block in run_deferred_callbacks'
	/Users/rachmatmaulana/.rvm/gems/ruby-1.9.2-p290@jotky-cramp/gems/eventmachine-1.0.0.beta.4/lib/eventmachine.rb:939:in `each'
	/Users/rachmatmaulana/.rvm/gems/ruby-1.9.2-p290@jotky-cramp/gems/eventmachine-1.0.0.beta.4/lib/eventmachine.rb:939:in `run_deferred_callbacks'
	/Users/rachmatmaulana/.rvm/gems/ruby-1.9.2-p290@jotky-cramp/gems/eventmachine-1.0.0.beta.4/lib/eventmachine.rb:179:in `run_machine'
	/Users/rachmatmaulana/.rvm/gems/ruby-1.9.2-p290@jotky-cramp/gems/eventmachine-1.0.0.beta.4/lib/eventmachine.rb:179:in `run'
	/Users/rachmatmaulana/.rvm/gems/ruby-1.9.2-p290@jotky-cramp/gems/thin-1.3.1/lib/thin/backends/base.rb:61:in `start'
	/Users/rachmatmaulana/.rvm/gems/ruby-1.9.2-p290@jotky-cramp/gems/thin-1.3.1/lib/thin/server.rb:159:in `start'
	/Users/rachmatmaulana/.rvm/gems/ruby-1.9.2-p290@jotky-cramp/gems/thin-1.3.1/lib/thin/controllers/controller.rb:86:in `start'
	/Users/rachmatmaulana/.rvm/gems/ruby-1.9.2-p290@jotky-cramp/gems/thin-1.3.1/lib/thin/runner.rb:185:in `run_command'
	/Users/rachmatmaulana/.rvm/gems/ruby-1.9.2-p290@jotky-cramp/gems/thin-1.3.1/lib/thin/runner.rb:151:in `run!'
	/Users/rachmatmaulana/.rvm/gems/ruby-1.9.2-p290@jotky-cramp/gems/thin-1.3.1/bin/thin:6:in `<top (required)>'
	/Users/rachmatmaulana/.rvm/gems/ruby-1.9.2-p290@jotky-cramp/bin/thin:19:in `load'
	/Users/rachmatmaulana/.rvm/gems/ruby-1.9.2-p290@jotky-cramp/bin/thin:19:in `<main>'
Rack::Reloader: reloaded `/Users/rachmatmaulana/Sites/jotky-beta/app/server/app/actions/admin_auth_login_action.rb'
127.0.0.1 - - [02/Feb/2012 16:26:20] "GET  HTTP/1.0" 200 - 0.0240
NameError: uninitialized constant Action::Tilt
	/Users/rachmatmaulana/Sites/jotky-beta/app/server/app/action.rb:11:in `render_with_template'
	/Users/rachmatmaulana/Sites/jotky-beta/app/server/app/actions/admin_auth_login_action.rb:3:in `start'
	/Users/rachmatmaulana/.rvm/gems/ruby-1.9.2-p290@jotky-cramp/gems/cramp-0.15.1/lib/cramp/callbacks.rb:42:in `block in on_start'
	/Users/rachmatmaulana/.rvm/gems/ruby-1.9.2-p290@jotky-cramp/gems/cramp-0.15.1/lib/cramp/callbacks.rb:58:in `block in callback_wrapper'
	/Users/rachmatmaulana/.rvm/gems/ruby-1.9.2-p290@jotky-cramp/gems/eventmachine-1.0.0.beta.4/lib/eventmachine.rb:942:in `call'
	/Users/rachmatmaulana/.rvm/gems/ruby-1.9.2-p290@jotky-cramp/gems/eventmachine-1.0.0.beta.4/lib/eventmachine.rb:942:in `block in run_deferred_callbacks'
	/Users/rachmatmaulana/.rvm/gems/ruby-1.9.2-p290@jotky-cramp/gems/eventmachine-1.0.0.beta.4/lib/eventmachine.rb:939:in `each'
	/Users/rachmatmaulana/.rvm/gems/ruby-1.9.2-p290@jotky-cramp/gems/eventmachine-1.0.0.beta.4/lib/eventmachine.rb:939:in `run_deferred_callbacks'
	/Users/rachmatmaulana/.rvm/gems/ruby-1.9.2-p290@jotky-cramp/gems/eventmachine-1.0.0.beta.4/lib/eventmachine.rb:179:in `run_machine'
	/Users/rachmatmaulana/.rvm/gems/ruby-1.9.2-p290@jotky-cramp/gems/eventmachine-1.0.0.beta.4/lib/eventmachine.rb:179:in `run'
	/Users/rachmatmaulana/.rvm/gems/ruby-1.9.2-p290@jotky-cramp/gems/thin-1.3.1/lib/thin/backends/base.rb:61:in `start'
	/Users/rachmatmaulana/.rvm/gems/ruby-1.9.2-p290@jotky-cramp/gems/thin-1.3.1/lib/thin/server.rb:159:in `start'
	/Users/rachmatmaulana/.rvm/gems/ruby-1.9.2-p290@jotky-cramp/gems/thin-1.3.1/lib/thin/controllers/controller.rb:86:in `start'
	/Users/rachmatmaulana/.rvm/gems/ruby-1.9.2-p290@jotky-cramp/gems/thin-1.3.1/lib/thin/runner.rb:185:in `run_command'
	/Users/rachmatmaulana/.rvm/gems/ruby-1.9.2-p290@jotky-cramp/gems/thin-1.3.1/lib/thin/runner.rb:151:in `run!'
	/Users/rachmatmaulana/.rvm/gems/ruby-1.9.2-p290@jotky-cramp/gems/thin-1.3.1/bin/thin:6:in `<top (required)>'
	/Users/rachmatmaulana/.rvm/gems/ruby-1.9.2-p290@jotky-cramp/bin/thin:19:in `load'
	/Users/rachmatmaulana/.rvm/gems/ruby-1.9.2-p290@jotky-cramp/bin/thin:19:in `<main>'
127.0.0.1 - - [02/Feb/2012 16:26:21] "GET  HTTP/1.0" 200 - 0.0233
NameError: uninitialized constant Action::Tilt
	/Users/rachmatmaulana/Sites/jotky-beta/app/server/app/action.rb:11:in `render_with_template'
	/Users/rachmatmaulana/Sites/jotky-beta/app/server/app/actions/admin_auth_login_action.rb:3:in `start'
	/Users/rachmatmaulana/.rvm/gems/ruby-1.9.2-p290@jotky-cramp/gems/cramp-0.15.1/lib/cramp/callbacks.rb:42:in `block in on_start'
	/Users/rachmatmaulana/.rvm/gems/ruby-1.9.2-p290@jotky-cramp/gems/cramp-0.15.1/lib/cramp/callbacks.rb:58:in `block in callback_wrapper'
	/Users/rachmatmaulana/.rvm/gems/ruby-1.9.2-p290@jotky-cramp/gems/eventmachine-1.0.0.beta.4/lib/eventmachine.rb:942:in `call'
	/Users/rachmatmaulana/.rvm/gems/ruby-1.9.2-p290@jotky-cramp/gems/eventmachine-1.0.0.beta.4/lib/eventmachine.rb:942:in `block in run_deferred_callbacks'
	/Users/rachmatmaulana/.rvm/gems/ruby-1.9.2-p290@jotky-cramp/gems/eventmachine-1.0.0.beta.4/lib/eventmachine.rb:939:in `each'
	/Users/rachmatmaulana/.rvm/gems/ruby-1.9.2-p290@jotky-cramp/gems/eventmachine-1.0.0.beta.4/lib/eventmachine.rb:939:in `run_deferred_callbacks'
	/Users/rachmatmaulana/.rvm/gems/ruby-1.9.2-p290@jotky-cramp/gems/eventmachine-1.0.0.beta.4/lib/eventmachine.rb:179:in `run_machine'
	/Users/rachmatmaulana/.rvm/gems/ruby-1.9.2-p290@jotky-cramp/gems/eventmachine-1.0.0.beta.4/lib/eventmachine.rb:179:in `run'
	/Users/rachmatmaulana/.rvm/gems/ruby-1.9.2-p290@jotky-cramp/gems/thin-1.3.1/lib/thin/backends/base.rb:61:in `start'
	/Users/rachmatmaulana/.rvm/gems/ruby-1.9.2-p290@jotky-cramp/gems/thin-1.3.1/lib/thin/server.rb:159:in `start'
	/Users/rachmatmaulana/.rvm/gems/ruby-1.9.2-p290@jotky-cramp/gems/thin-1.3.1/lib/thin/controllers/controller.rb:86:in `start'
	/Users/rachmatmaulana/.rvm/gems/ruby-1.9.2-p290@jotky-cramp/gems/thin-1.3.1/lib/thin/runner.rb:185:in `run_command'
	/Users/rachmatmaulana/.rvm/gems/ruby-1.9.2-p290@jotky-cramp/gems/thin-1.3.1/lib/thin/runner.rb:151:in `run!'
	/Users/rachmatmaulana/.rvm/gems/ruby-1.9.2-p290@jotky-cramp/gems/thin-1.3.1/bin/thin:6:in `<top (required)>'
	/Users/rachmatmaulana/.rvm/gems/ruby-1.9.2-p290@jotky-cramp/bin/thin:19:in `load'
	/Users/rachmatmaulana/.rvm/gems/ruby-1.9.2-p290@jotky-cramp/bin/thin:19:in `<main>'
127.0.0.1 - - [02/Feb/2012 16:26:22] "GET  HTTP/1.0" 200 - 0.0229
NameError: uninitialized constant Action::Tilt
	/Users/rachmatmaulana/Sites/jotky-beta/app/server/app/action.rb:11:in `render_with_template'
	/Users/rachmatmaulana/Sites/jotky-beta/app/server/app/actions/admin_auth_login_action.rb:3:in `start'
	/Users/rachmatmaulana/.rvm/gems/ruby-1.9.2-p290@jotky-cramp/gems/cramp-0.15.1/lib/cramp/callbacks.rb:42:in `block in on_start'
	/Users/rachmatmaulana/.rvm/gems/ruby-1.9.2-p290@jotky-cramp/gems/cramp-0.15.1/lib/cramp/callbacks.rb:58:in `block in callback_wrapper'
	/Users/rachmatmaulana/.rvm/gems/ruby-1.9.2-p290@jotky-cramp/gems/eventmachine-1.0.0.beta.4/lib/eventmachine.rb:942:in `call'
	/Users/rachmatmaulana/.rvm/gems/ruby-1.9.2-p290@jotky-cramp/gems/eventmachine-1.0.0.beta.4/lib/eventmachine.rb:942:in `block in run_deferred_callbacks'
	/Users/rachmatmaulana/.rvm/gems/ruby-1.9.2-p290@jotky-cramp/gems/eventmachine-1.0.0.beta.4/lib/eventmachine.rb:939:in `each'
	/Users/rachmatmaulana/.rvm/gems/ruby-1.9.2-p290@jotky-cramp/gems/eventmachine-1.0.0.beta.4/lib/eventmachine.rb:939:in `run_deferred_callbacks'
	/Users/rachmatmaulana/.rvm/gems/ruby-1.9.2-p290@jotky-cramp/gems/eventmachine-1.0.0.beta.4/lib/eventmachine.rb:179:in `run_machine'
	/Users/rachmatmaulana/.rvm/gems/ruby-1.9.2-p290@jotky-cramp/gems/eventmachine-1.0.0.beta.4/lib/eventmachine.rb:179:in `run'
	/Users/rachmatmaulana/.rvm/gems/ruby-1.9.2-p290@jotky-cramp/gems/thin-1.3.1/lib/thin/backends/base.rb:61:in `start'
	/Users/rachmatmaulana/.rvm/gems/ruby-1.9.2-p290@jotky-cramp/gems/thin-1.3.1/lib/thin/server.rb:159:in `start'
	/Users/rachmatmaulana/.rvm/gems/ruby-1.9.2-p290@jotky-cramp/gems/thin-1.3.1/lib/thin/controllers/controller.rb:86:in `start'
	/Users/rachmatmaulana/.rvm/gems/ruby-1.9.2-p290@jotky-cramp/gems/thin-1.3.1/lib/thin/runner.rb:185:in `run_command'
	/Users/rachmatmaulana/.rvm/gems/ruby-1.9.2-p290@jotky-cramp/gems/thin-1.3.1/lib/thin/runner.rb:151:in `run!'
	/Users/rachmatmaulana/.rvm/gems/ruby-1.9.2-p290@jotky-cramp/gems/thin-1.3.1/bin/thin:6:in `<top (required)>'
	/Users/rachmatmaulana/.rvm/gems/ruby-1.9.2-p290@jotky-cramp/bin/thin:19:in `load'
	/Users/rachmatmaulana/.rvm/gems/ruby-1.9.2-p290@jotky-cramp/bin/thin:19:in `<main>'
127.0.0.1 - - [02/Feb/2012 16:26:24] "GET  HTTP/1.0" 200 - 0.0205
NameError: uninitialized constant Action::Tilt
	/Users/rachmatmaulana/Sites/jotky-beta/app/server/app/action.rb:11:in `render_with_template'
	/Users/rachmatmaulana/Sites/jotky-beta/app/server/app/actions/admin_auth_login_action.rb:3:in `start'
	/Users/rachmatmaulana/.rvm/gems/ruby-1.9.2-p290@jotky-cramp/gems/cramp-0.15.1/lib/cramp/callbacks.rb:42:in `block in on_start'
	/Users/rachmatmaulana/.rvm/gems/ruby-1.9.2-p290@jotky-cramp/gems/cramp-0.15.1/lib/cramp/callbacks.rb:58:in `block in callback_wrapper'
	/Users/rachmatmaulana/.rvm/gems/ruby-1.9.2-p290@jotky-cramp/gems/eventmachine-1.0.0.beta.4/lib/eventmachine.rb:942:in `call'
	/Users/rachmatmaulana/.rvm/gems/ruby-1.9.2-p290@jotky-cramp/gems/eventmachine-1.0.0.beta.4/lib/eventmachine.rb:942:in `block in run_deferred_callbacks'
	/Users/rachmatmaulana/.rvm/gems/ruby-1.9.2-p290@jotky-cramp/gems/eventmachine-1.0.0.beta.4/lib/eventmachine.rb:939:in `each'
	/Users/rachmatmaulana/.rvm/gems/ruby-1.9.2-p290@jotky-cramp/gems/eventmachine-1.0.0.beta.4/lib/eventmachine.rb:939:in `run_deferred_callbacks'
	/Users/rachmatmaulana/.rvm/gems/ruby-1.9.2-p290@jotky-cramp/gems/eventmachine-1.0.0.beta.4/lib/eventmachine.rb:179:in `run_machine'
	/Users/rachmatmaulana/.rvm/gems/ruby-1.9.2-p290@jotky-cramp/gems/eventmachine-1.0.0.beta.4/lib/eventmachine.rb:179:in `run'
	/Users/rachmatmaulana/.rvm/gems/ruby-1.9.2-p290@jotky-cramp/gems/thin-1.3.1/lib/thin/backends/base.rb:61:in `start'
	/Users/rachmatmaulana/.rvm/gems/ruby-1.9.2-p290@jotky-cramp/gems/thin-1.3.1/lib/thin/server.rb:159:in `start'
	/Users/rachmatmaulana/.rvm/gems/ruby-1.9.2-p290@jotky-cramp/gems/thin-1.3.1/lib/thin/controllers/controller.rb:86:in `start'
	/Users/rachmatmaulana/.rvm/gems/ruby-1.9.2-p290@jotky-cramp/gems/thin-1.3.1/lib/thin/runner.rb:185:in `run_command'
	/Users/rachmatmaulana/.rvm/gems/ruby-1.9.2-p290@jotky-cramp/gems/thin-1.3.1/lib/thin/runner.rb:151:in `run!'
	/Users/rachmatmaulana/.rvm/gems/ruby-1.9.2-p290@jotky-cramp/gems/thin-1.3.1/bin/thin:6:in `<top (required)>'
	/Users/rachmatmaulana/.rvm/gems/ruby-1.9.2-p290@jotky-cramp/bin/thin:19:in `load'
	/Users/rachmatmaulana/.rvm/gems/ruby-1.9.2-p290@jotky-cramp/bin/thin:19:in `<main>'
127.0.0.1 - - [02/Feb/2012 16:26:26] "GET /lord HTTP/1.0" 404 30 0.0556
127.0.0.1 - - [02/Feb/2012 16:26:50] "GET /lord HTTP/1.0" 404 30 0.0206
127.0.0.1 - - [02/Feb/2012 16:26:53] "GET  HTTP/1.0" 200 - 0.0232
NameError: uninitialized constant Action::Tilt
	/Users/rachmatmaulana/Sites/jotky-beta/app/server/app/action.rb:11:in `render_with_template'
	/Users/rachmatmaulana/Sites/jotky-beta/app/server/app/actions/admin_auth_login_action.rb:3:in `start'
	/Users/rachmatmaulana/.rvm/gems/ruby-1.9.2-p290@jotky-cramp/gems/cramp-0.15.1/lib/cramp/callbacks.rb:42:in `block in on_start'
	/Users/rachmatmaulana/.rvm/gems/ruby-1.9.2-p290@jotky-cramp/gems/cramp-0.15.1/lib/cramp/callbacks.rb:58:in `block in callback_wrapper'
	/Users/rachmatmaulana/.rvm/gems/ruby-1.9.2-p290@jotky-cramp/gems/eventmachine-1.0.0.beta.4/lib/eventmachine.rb:942:in `call'
	/Users/rachmatmaulana/.rvm/gems/ruby-1.9.2-p290@jotky-cramp/gems/eventmachine-1.0.0.beta.4/lib/eventmachine.rb:942:in `block in run_deferred_callbacks'
	/Users/rachmatmaulana/.rvm/gems/ruby-1.9.2-p290@jotky-cramp/gems/eventmachine-1.0.0.beta.4/lib/eventmachine.rb:939:in `each'
	/Users/rachmatmaulana/.rvm/gems/ruby-1.9.2-p290@jotky-cramp/gems/eventmachine-1.0.0.beta.4/lib/eventmachine.rb:939:in `run_deferred_callbacks'
	/Users/rachmatmaulana/.rvm/gems/ruby-1.9.2-p290@jotky-cramp/gems/eventmachine-1.0.0.beta.4/lib/eventmachine.rb:179:in `run_machine'
	/Users/rachmatmaulana/.rvm/gems/ruby-1.9.2-p290@jotky-cramp/gems/eventmachine-1.0.0.beta.4/lib/eventmachine.rb:179:in `run'
	/Users/rachmatmaulana/.rvm/gems/ruby-1.9.2-p290@jotky-cramp/gems/thin-1.3.1/lib/thin/backends/base.rb:61:in `start'
	/Users/rachmatmaulana/.rvm/gems/ruby-1.9.2-p290@jotky-cramp/gems/thin-1.3.1/lib/thin/server.rb:159:in `start'
	/Users/rachmatmaulana/.rvm/gems/ruby-1.9.2-p290@jotky-cramp/gems/thin-1.3.1/lib/thin/controllers/controller.rb:86:in `start'
	/Users/rachmatmaulana/.rvm/gems/ruby-1.9.2-p290@jotky-cramp/gems/thin-1.3.1/lib/thin/runner.rb:185:in `run_command'
	/Users/rachmatmaulana/.rvm/gems/ruby-1.9.2-p290@jotky-cramp/gems/thin-1.3.1/lib/thin/runner.rb:151:in `run!'
	/Users/rachmatmaulana/.rvm/gems/ruby-1.9.2-p290@jotky-cramp/gems/thin-1.3.1/bin/thin:6:in `<top (required)>'
	/Users/rachmatmaulana/.rvm/gems/ruby-1.9.2-p290@jotky-cramp/bin/thin:19:in `load'
	/Users/rachmatmaulana/.rvm/gems/ruby-1.9.2-p290@jotky-cramp/bin/thin:19:in `<main>'
Rack::Reloader: reloaded `/Users/rachmatmaulana/Sites/jotky-beta/app/server/app/action.rb'
Rack::Reloader: reloaded `/Users/rachmatmaulana/Sites/jotky-beta/app/server/app/actions/admin_auth_login_action.rb'
127.0.0.1 - - [02/Feb/2012 16:27:18] "GET  HTTP/1.0" 200 - 0.0284
NameError: uninitialized constant Action::Tilt
	/Users/rachmatmaulana/Sites/jotky-beta/app/server/app/action.rb:11:in `render_with_template'
	/Users/rachmatmaulana/Sites/jotky-beta/app/server/app/actions/admin_auth_login_action.rb:3:in `start'
	/Users/rachmatmaulana/.rvm/gems/ruby-1.9.2-p290@jotky-cramp/gems/cramp-0.15.1/lib/cramp/callbacks.rb:42:in `block in on_start'
	/Users/rachmatmaulana/.rvm/gems/ruby-1.9.2-p290@jotky-cramp/gems/cramp-0.15.1/lib/cramp/callbacks.rb:58:in `block in callback_wrapper'
	/Users/rachmatmaulana/.rvm/gems/ruby-1.9.2-p290@jotky-cramp/gems/eventmachine-1.0.0.beta.4/lib/eventmachine.rb:942:in `call'
	/Users/rachmatmaulana/.rvm/gems/ruby-1.9.2-p290@jotky-cramp/gems/eventmachine-1.0.0.beta.4/lib/eventmachine.rb:942:in `block in run_deferred_callbacks'
	/Users/rachmatmaulana/.rvm/gems/ruby-1.9.2-p290@jotky-cramp/gems/eventmachine-1.0.0.beta.4/lib/eventmachine.rb:939:in `each'
	/Users/rachmatmaulana/.rvm/gems/ruby-1.9.2-p290@jotky-cramp/gems/eventmachine-1.0.0.beta.4/lib/eventmachine.rb:939:in `run_deferred_callbacks'
	/Users/rachmatmaulana/.rvm/gems/ruby-1.9.2-p290@jotky-cramp/gems/eventmachine-1.0.0.beta.4/lib/eventmachine.rb:179:in `run_machine'
	/Users/rachmatmaulana/.rvm/gems/ruby-1.9.2-p290@jotky-cramp/gems/eventmachine-1.0.0.beta.4/lib/eventmachine.rb:179:in `run'
	/Users/rachmatmaulana/.rvm/gems/ruby-1.9.2-p290@jotky-cramp/gems/thin-1.3.1/lib/thin/backends/base.rb:61:in `start'
	/Users/rachmatmaulana/.rvm/gems/ruby-1.9.2-p290@jotky-cramp/gems/thin-1.3.1/lib/thin/server.rb:159:in `start'
	/Users/rachmatmaulana/.rvm/gems/ruby-1.9.2-p290@jotky-cramp/gems/thin-1.3.1/lib/thin/controllers/controller.rb:86:in `start'
	/Users/rachmatmaulana/.rvm/gems/ruby-1.9.2-p290@jotky-cramp/gems/thin-1.3.1/lib/thin/runner.rb:185:in `run_command'
	/Users/rachmatmaulana/.rvm/gems/ruby-1.9.2-p290@jotky-cramp/gems/thin-1.3.1/lib/thin/runner.rb:151:in `run!'
	/Users/rachmatmaulana/.rvm/gems/ruby-1.9.2-p290@jotky-cramp/gems/thin-1.3.1/bin/thin:6:in `<top (required)>'
	/Users/rachmatmaulana/.rvm/gems/ruby-1.9.2-p290@jotky-cramp/bin/thin:19:in `load'
	/Users/rachmatmaulana/.rvm/gems/ruby-1.9.2-p290@jotky-cramp/bin/thin:19:in `<main>'
127.0.0.1 - - [02/Feb/2012 16:27:19] "GET  HTTP/1.0" 200 - 0.0290
NameError: uninitialized constant Action::Tilt
	/Users/rachmatmaulana/Sites/jotky-beta/app/server/app/action.rb:11:in `render_with_template'
	/Users/rachmatmaulana/Sites/jotky-beta/app/server/app/actions/admin_auth_login_action.rb:3:in `start'
	/Users/rachmatmaulana/.rvm/gems/ruby-1.9.2-p290@jotky-cramp/gems/cramp-0.15.1/lib/cramp/callbacks.rb:42:in `block in on_start'
	/Users/rachmatmaulana/.rvm/gems/ruby-1.9.2-p290@jotky-cramp/gems/cramp-0.15.1/lib/cramp/callbacks.rb:58:in `block in callback_wrapper'
	/Users/rachmatmaulana/.rvm/gems/ruby-1.9.2-p290@jotky-cramp/gems/eventmachine-1.0.0.beta.4/lib/eventmachine.rb:942:in `call'
	/Users/rachmatmaulana/.rvm/gems/ruby-1.9.2-p290@jotky-cramp/gems/eventmachine-1.0.0.beta.4/lib/eventmachine.rb:942:in `block in run_deferred_callbacks'
	/Users/rachmatmaulana/.rvm/gems/ruby-1.9.2-p290@jotky-cramp/gems/eventmachine-1.0.0.beta.4/lib/eventmachine.rb:939:in `each'
	/Users/rachmatmaulana/.rvm/gems/ruby-1.9.2-p290@jotky-cramp/gems/eventmachine-1.0.0.beta.4/lib/eventmachine.rb:939:in `run_deferred_callbacks'
	/Users/rachmatmaulana/.rvm/gems/ruby-1.9.2-p290@jotky-cramp/gems/eventmachine-1.0.0.beta.4/lib/eventmachine.rb:179:in `run_machine'
	/Users/rachmatmaulana/.rvm/gems/ruby-1.9.2-p290@jotky-cramp/gems/eventmachine-1.0.0.beta.4/lib/eventmachine.rb:179:in `run'
	/Users/rachmatmaulana/.rvm/gems/ruby-1.9.2-p290@jotky-cramp/gems/thin-1.3.1/lib/thin/backends/base.rb:61:in `start'
	/Users/rachmatmaulana/.rvm/gems/ruby-1.9.2-p290@jotky-cramp/gems/thin-1.3.1/lib/thin/server.rb:159:in `start'
	/Users/rachmatmaulana/.rvm/gems/ruby-1.9.2-p290@jotky-cramp/gems/thin-1.3.1/lib/thin/controllers/controller.rb:86:in `start'
	/Users/rachmatmaulana/.rvm/gems/ruby-1.9.2-p290@jotky-cramp/gems/thin-1.3.1/lib/thin/runner.rb:185:in `run_command'
	/Users/rachmatmaulana/.rvm/gems/ruby-1.9.2-p290@jotky-cramp/gems/thin-1.3.1/lib/thin/runner.rb:151:in `run!'
	/Users/rachmatmaulana/.rvm/gems/ruby-1.9.2-p290@jotky-cramp/gems/thin-1.3.1/bin/thin:6:in `<top (required)>'
	/Users/rachmatmaulana/.rvm/gems/ruby-1.9.2-p290@jotky-cramp/bin/thin:19:in `load'
	/Users/rachmatmaulana/.rvm/gems/ruby-1.9.2-p290@jotky-cramp/bin/thin:19:in `<main>'
127.0.0.1 - - [02/Feb/2012 16:27:20] "GET  HTTP/1.0" 200 - 0.0646
NameError: uninitialized constant Action::Tilt
	/Users/rachmatmaulana/Sites/jotky-beta/app/server/app/action.rb:11:in `render_with_template'
	/Users/rachmatmaulana/Sites/jotky-beta/app/server/app/actions/admin_auth_login_action.rb:3:in `start'
	/Users/rachmatmaulana/.rvm/gems/ruby-1.9.2-p290@jotky-cramp/gems/cramp-0.15.1/lib/cramp/callbacks.rb:42:in `block in on_start'
	/Users/rachmatmaulana/.rvm/gems/ruby-1.9.2-p290@jotky-cramp/gems/cramp-0.15.1/lib/cramp/callbacks.rb:58:in `block in callback_wrapper'
	/Users/rachmatmaulana/.rvm/gems/ruby-1.9.2-p290@jotky-cramp/gems/eventmachine-1.0.0.beta.4/lib/eventmachine.rb:942:in `call'
	/Users/rachmatmaulana/.rvm/gems/ruby-1.9.2-p290@jotky-cramp/gems/eventmachine-1.0.0.beta.4/lib/eventmachine.rb:942:in `block in run_deferred_callbacks'
	/Users/rachmatmaulana/.rvm/gems/ruby-1.9.2-p290@jotky-cramp/gems/eventmachine-1.0.0.beta.4/lib/eventmachine.rb:939:in `each'
	/Users/rachmatmaulana/.rvm/gems/ruby-1.9.2-p290@jotky-cramp/gems/eventmachine-1.0.0.beta.4/lib/eventmachine.rb:939:in `run_deferred_callbacks'
	/Users/rachmatmaulana/.rvm/gems/ruby-1.9.2-p290@jotky-cramp/gems/eventmachine-1.0.0.beta.4/lib/eventmachine.rb:179:in `run_machine'
	/Users/rachmatmaulana/.rvm/gems/ruby-1.9.2-p290@jotky-cramp/gems/eventmachine-1.0.0.beta.4/lib/eventmachine.rb:179:in `run'
	/Users/rachmatmaulana/.rvm/gems/ruby-1.9.2-p290@jotky-cramp/gems/thin-1.3.1/lib/thin/backends/base.rb:61:in `start'
	/Users/rachmatmaulana/.rvm/gems/ruby-1.9.2-p290@jotky-cramp/gems/thin-1.3.1/lib/thin/server.rb:159:in `start'
	/Users/rachmatmaulana/.rvm/gems/ruby-1.9.2-p290@jotky-cramp/gems/thin-1.3.1/lib/thin/controllers/controller.rb:86:in `start'
	/Users/rachmatmaulana/.rvm/gems/ruby-1.9.2-p290@jotky-cramp/gems/thin-1.3.1/lib/thin/runner.rb:185:in `run_command'
	/Users/rachmatmaulana/.rvm/gems/ruby-1.9.2-p290@jotky-cramp/gems/thin-1.3.1/lib/thin/runner.rb:151:in `run!'
	/Users/rachmatmaulana/.rvm/gems/ruby-1.9.2-p290@jotky-cramp/gems/thin-1.3.1/bin/thin:6:in `<top (required)>'
	/Users/rachmatmaulana/.rvm/gems/ruby-1.9.2-p290@jotky-cramp/bin/thin:19:in `load'
	/Users/rachmatmaulana/.rvm/gems/ruby-1.9.2-p290@jotky-cramp/bin/thin:19:in `<main>'
127.0.0.1 - - [02/Feb/2012 16:27:22] "GET  HTTP/1.0" 200 - 0.0281
NameError: uninitialized constant Action::Tilt
	/Users/rachmatmaulana/Sites/jotky-beta/app/server/app/action.rb:11:in `render_with_template'
	/Users/rachmatmaulana/Sites/jotky-beta/app/server/app/actions/admin_auth_login_action.rb:3:in `start'
	/Users/rachmatmaulana/.rvm/gems/ruby-1.9.2-p290@jotky-cramp/gems/cramp-0.15.1/lib/cramp/callbacks.rb:42:in `block in on_start'
	/Users/rachmatmaulana/.rvm/gems/ruby-1.9.2-p290@jotky-cramp/gems/cramp-0.15.1/lib/cramp/callbacks.rb:58:in `block in callback_wrapper'
	/Users/rachmatmaulana/.rvm/gems/ruby-1.9.2-p290@jotky-cramp/gems/eventmachine-1.0.0.beta.4/lib/eventmachine.rb:942:in `call'
	/Users/rachmatmaulana/.rvm/gems/ruby-1.9.2-p290@jotky-cramp/gems/eventmachine-1.0.0.beta.4/lib/eventmachine.rb:942:in `block in run_deferred_callbacks'
	/Users/rachmatmaulana/.rvm/gems/ruby-1.9.2-p290@jotky-cramp/gems/eventmachine-1.0.0.beta.4/lib/eventmachine.rb:939:in `each'
	/Users/rachmatmaulana/.rvm/gems/ruby-1.9.2-p290@jotky-cramp/gems/eventmachine-1.0.0.beta.4/lib/eventmachine.rb:939:in `run_deferred_callbacks'
	/Users/rachmatmaulana/.rvm/gems/ruby-1.9.2-p290@jotky-cramp/gems/eventmachine-1.0.0.beta.4/lib/eventmachine.rb:179:in `run_machine'
	/Users/rachmatmaulana/.rvm/gems/ruby-1.9.2-p290@jotky-cramp/gems/eventmachine-1.0.0.beta.4/lib/eventmachine.rb:179:in `run'
	/Users/rachmatmaulana/.rvm/gems/ruby-1.9.2-p290@jotky-cramp/gems/thin-1.3.1/lib/thin/backends/base.rb:61:in `start'
	/Users/rachmatmaulana/.rvm/gems/ruby-1.9.2-p290@jotky-cramp/gems/thin-1.3.1/lib/thin/server.rb:159:in `start'
	/Users/rachmatmaulana/.rvm/gems/ruby-1.9.2-p290@jotky-cramp/gems/thin-1.3.1/lib/thin/controllers/controller.rb:86:in `start'
	/Users/rachmatmaulana/.rvm/gems/ruby-1.9.2-p290@jotky-cramp/gems/thin-1.3.1/lib/thin/runner.rb:185:in `run_command'
	/Users/rachmatmaulana/.rvm/gems/ruby-1.9.2-p290@jotky-cramp/gems/thin-1.3.1/lib/thin/runner.rb:151:in `run!'
	/Users/rachmatmaulana/.rvm/gems/ruby-1.9.2-p290@jotky-cramp/gems/thin-1.3.1/bin/thin:6:in `<top (required)>'
	/Users/rachmatmaulana/.rvm/gems/ruby-1.9.2-p290@jotky-cramp/bin/thin:19:in `load'
	/Users/rachmatmaulana/.rvm/gems/ruby-1.9.2-p290@jotky-cramp/bin/thin:19:in `<main>'
Rack::Reloader: reloaded `/Users/rachmatmaulana/Sites/jotky-beta/app/server/app/actions/admin_auth_login_action.rb'
127.0.0.1 - - [02/Feb/2012 16:27:38] "GET  HTTP/1.0" 200 - 0.0374
127.0.0.1 - - [02/Feb/2012 16:27:40] "GET  HTTP/1.0" 200 - 0.0324
!! Unexpected error while processing request: undefined method `each' for text/html:MIME::Type
127.0.0.1 - - [02/Feb/2012 16:27:42] "GET  HTTP/1.0" 200 - 0.0211
!! Unexpected error while processing request: undefined method `each' for text/html:MIME::Type
127.0.0.1 - - [02/Feb/2012 16:27:50] "GET  HTTP/1.0" 200 - 0.0223
Rack::Reloader: reloaded `/Users/rachmatmaulana/Sites/jotky-beta/app/server/app/actions/admin_auth_login_action.rb'
127.0.0.1 - - [02/Feb/2012 16:28:35] "GET  HTTP/1.0" 200 - 0.0571
NameError: uninitialized constant Action::Tilt
	/Users/rachmatmaulana/Sites/jotky-beta/app/server/app/action.rb:11:in `render_with_template'
	/Users/rachmatmaulana/Sites/jotky-beta/app/server/app/actions/admin_auth_login_action.rb:3:in `start'
	/Users/rachmatmaulana/.rvm/gems/ruby-1.9.2-p290@jotky-cramp/gems/cramp-0.15.1/lib/cramp/callbacks.rb:42:in `block in on_start'
	/Users/rachmatmaulana/.rvm/gems/ruby-1.9.2-p290@jotky-cramp/gems/cramp-0.15.1/lib/cramp/callbacks.rb:58:in `block in callback_wrapper'
	/Users/rachmatmaulana/.rvm/gems/ruby-1.9.2-p290@jotky-cramp/gems/eventmachine-1.0.0.beta.4/lib/eventmachine.rb:942:in `call'
	/Users/rachmatmaulana/.rvm/gems/ruby-1.9.2-p290@jotky-cramp/gems/eventmachine-1.0.0.beta.4/lib/eventmachine.rb:942:in `block in run_deferred_callbacks'
	/Users/rachmatmaulana/.rvm/gems/ruby-1.9.2-p290@jotky-cramp/gems/eventmachine-1.0.0.beta.4/lib/eventmachine.rb:939:in `each'
	/Users/rachmatmaulana/.rvm/gems/ruby-1.9.2-p290@jotky-cramp/gems/eventmachine-1.0.0.beta.4/lib/eventmachine.rb:939:in `run_deferred_callbacks'
	/Users/rachmatmaulana/.rvm/gems/ruby-1.9.2-p290@jotky-cramp/gems/eventmachine-1.0.0.beta.4/lib/eventmachine.rb:179:in `run_machine'
	/Users/rachmatmaulana/.rvm/gems/ruby-1.9.2-p290@jotky-cramp/gems/eventmachine-1.0.0.beta.4/lib/eventmachine.rb:179:in `run'
	/Users/rachmatmaulana/.rvm/gems/ruby-1.9.2-p290@jotky-cramp/gems/thin-1.3.1/lib/thin/backends/base.rb:61:in `start'
	/Users/rachmatmaulana/.rvm/gems/ruby-1.9.2-p290@jotky-cramp/gems/thin-1.3.1/lib/thin/server.rb:159:in `start'
	/Users/rachmatmaulana/.rvm/gems/ruby-1.9.2-p290@jotky-cramp/gems/thin-1.3.1/lib/thin/controllers/controller.rb:86:in `start'
	/Users/rachmatmaulana/.rvm/gems/ruby-1.9.2-p290@jotky-cramp/gems/thin-1.3.1/lib/thin/runner.rb:185:in `run_command'
	/Users/rachmatmaulana/.rvm/gems/ruby-1.9.2-p290@jotky-cramp/gems/thin-1.3.1/lib/thin/runner.rb:151:in `run!'
	/Users/rachmatmaulana/.rvm/gems/ruby-1.9.2-p290@jotky-cramp/gems/thin-1.3.1/bin/thin:6:in `<top (required)>'
	/Users/rachmatmaulana/.rvm/gems/ruby-1.9.2-p290@jotky-cramp/bin/thin:19:in `load'
	/Users/rachmatmaulana/.rvm/gems/ruby-1.9.2-p290@jotky-cramp/bin/thin:19:in `<main>'
127.0.0.1 - - [02/Feb/2012 16:28:36] "GET  HTTP/1.0" 200 - 0.0213
NameError: uninitialized constant Action::Tilt
	/Users/rachmatmaulana/Sites/jotky-beta/app/server/app/action.rb:11:in `render_with_template'
	/Users/rachmatmaulana/Sites/jotky-beta/app/server/app/actions/admin_auth_login_action.rb:3:in `start'
	/Users/rachmatmaulana/.rvm/gems/ruby-1.9.2-p290@jotky-cramp/gems/cramp-0.15.1/lib/cramp/callbacks.rb:42:in `block in on_start'
	/Users/rachmatmaulana/.rvm/gems/ruby-1.9.2-p290@jotky-cramp/gems/cramp-0.15.1/lib/cramp/callbacks.rb:58:in `block in callback_wrapper'
	/Users/rachmatmaulana/.rvm/gems/ruby-1.9.2-p290@jotky-cramp/gems/eventmachine-1.0.0.beta.4/lib/eventmachine.rb:942:in `call'
	/Users/rachmatmaulana/.rvm/gems/ruby-1.9.2-p290@jotky-cramp/gems/eventmachine-1.0.0.beta.4/lib/eventmachine.rb:942:in `block in run_deferred_callbacks'
	/Users/rachmatmaulana/.rvm/gems/ruby-1.9.2-p290@jotky-cramp/gems/eventmachine-1.0.0.beta.4/lib/eventmachine.rb:939:in `each'
	/Users/rachmatmaulana/.rvm/gems/ruby-1.9.2-p290@jotky-cramp/gems/eventmachine-1.0.0.beta.4/lib/eventmachine.rb:939:in `run_deferred_callbacks'
	/Users/rachmatmaulana/.rvm/gems/ruby-1.9.2-p290@jotky-cramp/gems/eventmachine-1.0.0.beta.4/lib/eventmachine.rb:179:in `run_machine'
	/Users/rachmatmaulana/.rvm/gems/ruby-1.9.2-p290@jotky-cramp/gems/eventmachine-1.0.0.beta.4/lib/eventmachine.rb:179:in `run'
	/Users/rachmatmaulana/.rvm/gems/ruby-1.9.2-p290@jotky-cramp/gems/thin-1.3.1/lib/thin/backends/base.rb:61:in `start'
	/Users/rachmatmaulana/.rvm/gems/ruby-1.9.2-p290@jotky-cramp/gems/thin-1.3.1/lib/thin/server.rb:159:in `start'
	/Users/rachmatmaulana/.rvm/gems/ruby-1.9.2-p290@jotky-cramp/gems/thin-1.3.1/lib/thin/controllers/controller.rb:86:in `start'
	/Users/rachmatmaulana/.rvm/gems/ruby-1.9.2-p290@jotky-cramp/gems/thin-1.3.1/lib/thin/runner.rb:185:in `run_command'
	/Users/rachmatmaulana/.rvm/gems/ruby-1.9.2-p290@jotky-cramp/gems/thin-1.3.1/lib/thin/runner.rb:151:in `run!'
	/Users/rachmatmaulana/.rvm/gems/ruby-1.9.2-p290@jotky-cramp/gems/thin-1.3.1/bin/thin:6:in `<top (required)>'
	/Users/rachmatmaulana/.rvm/gems/ruby-1.9.2-p290@jotky-cramp/bin/thin:19:in `load'
	/Users/rachmatmaulana/.rvm/gems/ruby-1.9.2-p290@jotky-cramp/bin/thin:19:in `<main>'
Rack::Reloader: reloaded `/Users/rachmatmaulana/Sites/jotky-beta/app/server/app/action.rb'
Rack::Reloader: reloaded `/Users/rachmatmaulana/Sites/jotky-beta/app/server/app/actions/admin_auth_login_action.rb'
127.0.0.1 - - [02/Feb/2012 16:29:09] "GET  HTTP/1.0" 200 - 0.0250
NameError: uninitialized constant Action::Tilt
	/Users/rachmatmaulana/Sites/jotky-beta/app/server/app/action.rb:11:in `render_with_template'
	/Users/rachmatmaulana/Sites/jotky-beta/app/server/app/actions/admin_auth_login_action.rb:3:in `start'
	/Users/rachmatmaulana/.rvm/gems/ruby-1.9.2-p290@jotky-cramp/gems/cramp-0.15.1/lib/cramp/callbacks.rb:42:in `block in on_start'
	/Users/rachmatmaulana/.rvm/gems/ruby-1.9.2-p290@jotky-cramp/gems/cramp-0.15.1/lib/cramp/callbacks.rb:58:in `block in callback_wrapper'
	/Users/rachmatmaulana/.rvm/gems/ruby-1.9.2-p290@jotky-cramp/gems/eventmachine-1.0.0.beta.4/lib/eventmachine.rb:942:in `call'
	/Users/rachmatmaulana/.rvm/gems/ruby-1.9.2-p290@jotky-cramp/gems/eventmachine-1.0.0.beta.4/lib/eventmachine.rb:942:in `block in run_deferred_callbacks'
	/Users/rachmatmaulana/.rvm/gems/ruby-1.9.2-p290@jotky-cramp/gems/eventmachine-1.0.0.beta.4/lib/eventmachine.rb:939:in `each'
	/Users/rachmatmaulana/.rvm/gems/ruby-1.9.2-p290@jotky-cramp/gems/eventmachine-1.0.0.beta.4/lib/eventmachine.rb:939:in `run_deferred_callbacks'
	/Users/rachmatmaulana/.rvm/gems/ruby-1.9.2-p290@jotky-cramp/gems/eventmachine-1.0.0.beta.4/lib/eventmachine.rb:179:in `run_machine'
	/Users/rachmatmaulana/.rvm/gems/ruby-1.9.2-p290@jotky-cramp/gems/eventmachine-1.0.0.beta.4/lib/eventmachine.rb:179:in `run'
	/Users/rachmatmaulana/.rvm/gems/ruby-1.9.2-p290@jotky-cramp/gems/thin-1.3.1/lib/thin/backends/base.rb:61:in `start'
	/Users/rachmatmaulana/.rvm/gems/ruby-1.9.2-p290@jotky-cramp/gems/thin-1.3.1/lib/thin/server.rb:159:in `start'
	/Users/rachmatmaulana/.rvm/gems/ruby-1.9.2-p290@jotky-cramp/gems/thin-1.3.1/lib/thin/controllers/controller.rb:86:in `start'
	/Users/rachmatmaulana/.rvm/gems/ruby-1.9.2-p290@jotky-cramp/gems/thin-1.3.1/lib/thin/runner.rb:185:in `run_command'
	/Users/rachmatmaulana/.rvm/gems/ruby-1.9.2-p290@jotky-cramp/gems/thin-1.3.1/lib/thin/runner.rb:151:in `run!'
	/Users/rachmatmaulana/.rvm/gems/ruby-1.9.2-p290@jotky-cramp/gems/thin-1.3.1/bin/thin:6:in `<top (required)>'
	/Users/rachmatmaulana/.rvm/gems/ruby-1.9.2-p290@jotky-cramp/bin/thin:19:in `load'
	/Users/rachmatmaulana/.rvm/gems/ruby-1.9.2-p290@jotky-cramp/bin/thin:19:in `<main>'
127.0.0.1 - - [02/Feb/2012 16:29:10] "GET  HTTP/1.0" 200 - 0.0233
NameError: uninitialized constant Action::Tilt
	/Users/rachmatmaulana/Sites/jotky-beta/app/server/app/action.rb:11:in `render_with_template'
	/Users/rachmatmaulana/Sites/jotky-beta/app/server/app/actions/admin_auth_login_action.rb:3:in `start'
	/Users/rachmatmaulana/.rvm/gems/ruby-1.9.2-p290@jotky-cramp/gems/cramp-0.15.1/lib/cramp/callbacks.rb:42:in `block in on_start'
	/Users/rachmatmaulana/.rvm/gems/ruby-1.9.2-p290@jotky-cramp/gems/cramp-0.15.1/lib/cramp/callbacks.rb:58:in `block in callback_wrapper'
	/Users/rachmatmaulana/.rvm/gems/ruby-1.9.2-p290@jotky-cramp/gems/eventmachine-1.0.0.beta.4/lib/eventmachine.rb:942:in `call'
	/Users/rachmatmaulana/.rvm/gems/ruby-1.9.2-p290@jotky-cramp/gems/eventmachine-1.0.0.beta.4/lib/eventmachine.rb:942:in `block in run_deferred_callbacks'
	/Users/rachmatmaulana/.rvm/gems/ruby-1.9.2-p290@jotky-cramp/gems/eventmachine-1.0.0.beta.4/lib/eventmachine.rb:939:in `each'
	/Users/rachmatmaulana/.rvm/gems/ruby-1.9.2-p290@jotky-cramp/gems/eventmachine-1.0.0.beta.4/lib/eventmachine.rb:939:in `run_deferred_callbacks'
	/Users/rachmatmaulana/.rvm/gems/ruby-1.9.2-p290@jotky-cramp/gems/eventmachine-1.0.0.beta.4/lib/eventmachine.rb:179:in `run_machine'
	/Users/rachmatmaulana/.rvm/gems/ruby-1.9.2-p290@jotky-cramp/gems/eventmachine-1.0.0.beta.4/lib/eventmachine.rb:179:in `run'
	/Users/rachmatmaulana/.rvm/gems/ruby-1.9.2-p290@jotky-cramp/gems/thin-1.3.1/lib/thin/backends/base.rb:61:in `start'
	/Users/rachmatmaulana/.rvm/gems/ruby-1.9.2-p290@jotky-cramp/gems/thin-1.3.1/lib/thin/server.rb:159:in `start'
	/Users/rachmatmaulana/.rvm/gems/ruby-1.9.2-p290@jotky-cramp/gems/thin-1.3.1/lib/thin/controllers/controller.rb:86:in `start'
	/Users/rachmatmaulana/.rvm/gems/ruby-1.9.2-p290@jotky-cramp/gems/thin-1.3.1/lib/thin/runner.rb:185:in `run_command'
	/Users/rachmatmaulana/.rvm/gems/ruby-1.9.2-p290@jotky-cramp/gems/thin-1.3.1/lib/thin/runner.rb:151:in `run!'
	/Users/rachmatmaulana/.rvm/gems/ruby-1.9.2-p290@jotky-cramp/gems/thin-1.3.1/bin/thin:6:in `<top (required)>'
	/Users/rachmatmaulana/.rvm/gems/ruby-1.9.2-p290@jotky-cramp/bin/thin:19:in `load'
	/Users/rachmatmaulana/.rvm/gems/ruby-1.9.2-p290@jotky-cramp/bin/thin:19:in `<main>'
no such file to load -- tilt
127.0.0.1 - - [02/Feb/2012 16:29:50] "GET  HTTP/1.0" 200 - 0.0787
NameError: uninitialized constant Action::Tilt
	/Users/rachmatmaulana/Sites/jotky-beta/app/server/app/action.rb:11:in `render_with_template'
	/Users/rachmatmaulana/Sites/jotky-beta/app/server/app/actions/admin_auth_login_action.rb:3:in `start'
	/Users/rachmatmaulana/.rvm/gems/ruby-1.9.2-p290@jotky-cramp/gems/cramp-0.15.1/lib/cramp/callbacks.rb:42:in `block in on_start'
	/Users/rachmatmaulana/.rvm/gems/ruby-1.9.2-p290@jotky-cramp/gems/cramp-0.15.1/lib/cramp/callbacks.rb:58:in `block in callback_wrapper'
	/Users/rachmatmaulana/.rvm/gems/ruby-1.9.2-p290@jotky-cramp/gems/eventmachine-1.0.0.beta.4/lib/eventmachine.rb:942:in `call'
	/Users/rachmatmaulana/.rvm/gems/ruby-1.9.2-p290@jotky-cramp/gems/eventmachine-1.0.0.beta.4/lib/eventmachine.rb:942:in `block in run_deferred_callbacks'
	/Users/rachmatmaulana/.rvm/gems/ruby-1.9.2-p290@jotky-cramp/gems/eventmachine-1.0.0.beta.4/lib/eventmachine.rb:939:in `each'
	/Users/rachmatmaulana/.rvm/gems/ruby-1.9.2-p290@jotky-cramp/gems/eventmachine-1.0.0.beta.4/lib/eventmachine.rb:939:in `run_deferred_callbacks'
	/Users/rachmatmaulana/.rvm/gems/ruby-1.9.2-p290@jotky-cramp/gems/eventmachine-1.0.0.beta.4/lib/eventmachine.rb:179:in `run_machine'
	/Users/rachmatmaulana/.rvm/gems/ruby-1.9.2-p290@jotky-cramp/gems/eventmachine-1.0.0.beta.4/lib/eventmachine.rb:179:in `run'
	/Users/rachmatmaulana/.rvm/gems/ruby-1.9.2-p290@jotky-cramp/gems/thin-1.3.1/lib/thin/backends/base.rb:61:in `start'
	/Users/rachmatmaulana/.rvm/gems/ruby-1.9.2-p290@jotky-cramp/gems/thin-1.3.1/lib/thin/server.rb:159:in `start'
	/Users/rachmatmaulana/.rvm/gems/ruby-1.9.2-p290@jotky-cramp/gems/thin-1.3.1/lib/thin/controllers/controller.rb:86:in `start'
	/Users/rachmatmaulana/.rvm/gems/ruby-1.9.2-p290@jotky-cramp/gems/thin-1.3.1/lib/thin/runner.rb:185:in `run_command'
	/Users/rachmatmaulana/.rvm/gems/ruby-1.9.2-p290@jotky-cramp/gems/thin-1.3.1/lib/thin/runner.rb:151:in `run!'
	/Users/rachmatmaulana/.rvm/gems/ruby-1.9.2-p290@jotky-cramp/gems/thin-1.3.1/bin/thin:6:in `<top (required)>'
	/Users/rachmatmaulana/.rvm/gems/ruby-1.9.2-p290@jotky-cramp/bin/thin:19:in `load'
	/Users/rachmatmaulana/.rvm/gems/ruby-1.9.2-p290@jotky-cramp/bin/thin:19:in `<main>'
127.0.0.1 - - [02/Feb/2012 16:30:09] "GET  HTTP/1.0" 200 - 0.0234
NameError: uninitialized constant Action::Tilt
	/Users/rachmatmaulana/Sites/jotky-beta/app/server/app/action.rb:11:in `render_with_template'
	/Users/rachmatmaulana/Sites/jotky-beta/app/server/app/actions/admin_auth_login_action.rb:3:in `start'
	/Users/rachmatmaulana/.rvm/gems/ruby-1.9.2-p290@jotky-cramp/gems/cramp-0.15.1/lib/cramp/callbacks.rb:42:in `block in on_start'
	/Users/rachmatmaulana/.rvm/gems/ruby-1.9.2-p290@jotky-cramp/gems/cramp-0.15.1/lib/cramp/callbacks.rb:58:in `block in callback_wrapper'
	/Users/rachmatmaulana/.rvm/gems/ruby-1.9.2-p290@jotky-cramp/gems/eventmachine-1.0.0.beta.4/lib/eventmachine.rb:942:in `call'
	/Users/rachmatmaulana/.rvm/gems/ruby-1.9.2-p290@jotky-cramp/gems/eventmachine-1.0.0.beta.4/lib/eventmachine.rb:942:in `block in run_deferred_callbacks'
	/Users/rachmatmaulana/.rvm/gems/ruby-1.9.2-p290@jotky-cramp/gems/eventmachine-1.0.0.beta.4/lib/eventmachine.rb:939:in `each'
	/Users/rachmatmaulana/.rvm/gems/ruby-1.9.2-p290@jotky-cramp/gems/eventmachine-1.0.0.beta.4/lib/eventmachine.rb:939:in `run_deferred_callbacks'
	/Users/rachmatmaulana/.rvm/gems/ruby-1.9.2-p290@jotky-cramp/gems/eventmachine-1.0.0.beta.4/lib/eventmachine.rb:179:in `run_machine'
	/Users/rachmatmaulana/.rvm/gems/ruby-1.9.2-p290@jotky-cramp/gems/eventmachine-1.0.0.beta.4/lib/eventmachine.rb:179:in `run'
	/Users/rachmatmaulana/.rvm/gems/ruby-1.9.2-p290@jotky-cramp/gems/thin-1.3.1/lib/thin/backends/base.rb:61:in `start'
	/Users/rachmatmaulana/.rvm/gems/ruby-1.9.2-p290@jotky-cramp/gems/thin-1.3.1/lib/thin/server.rb:159:in `start'
	/Users/rachmatmaulana/.rvm/gems/ruby-1.9.2-p290@jotky-cramp/gems/thin-1.3.1/lib/thin/controllers/controller.rb:86:in `start'
	/Users/rachmatmaulana/.rvm/gems/ruby-1.9.2-p290@jotky-cramp/gems/thin-1.3.1/lib/thin/runner.rb:185:in `run_command'
	/Users/rachmatmaulana/.rvm/gems/ruby-1.9.2-p290@jotky-cramp/gems/thin-1.3.1/lib/thin/runner.rb:151:in `run!'
	/Users/rachmatmaulana/.rvm/gems/ruby-1.9.2-p290@jotky-cramp/gems/thin-1.3.1/bin/thin:6:in `<top (required)>'
	/Users/rachmatmaulana/.rvm/gems/ruby-1.9.2-p290@jotky-cramp/bin/thin:19:in `load'
	/Users/rachmatmaulana/.rvm/gems/ruby-1.9.2-p290@jotky-cramp/bin/thin:19:in `<main>'
>> Exiting!
>> Writing PID to tmp/pids/thin.0.pid
>> Using rack adapter
/Users/rachmatmaulana/.rvm/gems/ruby-1.9.2-p290@global/gems/bundler-1.0.21/lib/bundler/runtime.rb:136: warning: Insecure world writable dir /usr in PATH, mode 040777
MONGODB [WARNING] Please note that logging negatively impacts client-side performance. You should set your logging level no lower than :info in production.
MONGODB admin['$cmd'].find({:ismaster=>1}).limit(-1)
>> Thin web server (v1.3.1 codename Triple Espresso)
>> Maximum connections set to 1024
>> Listening on tmp/sockets/thin.0.sock, CTRL+C to stop
127.0.0.1 - - [02/Feb/2012 16:32:39] "GET  HTTP/1.0" 200 - 0.1540
Rack::Reloader: reloaded `/Users/rachmatmaulana/Sites/jotky-beta/app/server/app/action.rb'
Rack::Reloader: reloaded `/Users/rachmatmaulana/Sites/jotky-beta/app/server/app/actions/admin_auth_login_action.rb'
127.0.0.1 - - [02/Feb/2012 16:39:21] "GET  HTTP/1.0" 200 - 0.0258
127.0.0.1 - - [02/Feb/2012 16:39:22] "GET  HTTP/1.0" 200 - 0.0245
127.0.0.1 - - [02/Feb/2012 16:57:19] "GET  HTTP/1.0" 200 - 0.0199
NoMethodError: undefined method `stylesheet_link_tag' for nil:NilClass
	/Users/rachmatmaulana/Sites/jotky-beta/app/server/views/admin_auth/index.html.erb:22:in `evaluate_source'
	/Users/rachmatmaulana/.rvm/gems/ruby-1.9.2-p290@jotky-cramp/gems/tilt-1.3.3/lib/tilt/template.rb:209:in `instance_eval'
	/Users/rachmatmaulana/.rvm/gems/ruby-1.9.2-p290@jotky-cramp/gems/tilt-1.3.3/lib/tilt/template.rb:209:in `evaluate_source'
	/Users/rachmatmaulana/.rvm/gems/ruby-1.9.2-p290@jotky-cramp/gems/tilt-1.3.3/lib/tilt/template.rb:144:in `cached_evaluate'
	/Users/rachmatmaulana/.rvm/gems/ruby-1.9.2-p290@jotky-cramp/gems/tilt-1.3.3/lib/tilt/template.rb:127:in `evaluate'
	/Users/rachmatmaulana/.rvm/gems/ruby-1.9.2-p290@jotky-cramp/gems/tilt-1.3.3/lib/tilt/template.rb:76:in `render'
	/Users/rachmatmaulana/Sites/jotky-beta/app/server/app/action.rb:14:in `render_with_template'
	/Users/rachmatmaulana/Sites/jotky-beta/app/server/app/actions/admin_auth_login_action.rb:3:in `start'
	/Users/rachmatmaulana/.rvm/gems/ruby-1.9.2-p290@jotky-cramp/gems/cramp-0.15.1/lib/cramp/callbacks.rb:42:in `block in on_start'
	/Users/rachmatmaulana/.rvm/gems/ruby-1.9.2-p290@jotky-cramp/gems/cramp-0.15.1/lib/cramp/callbacks.rb:58:in `block in callback_wrapper'
	/Users/rachmatmaulana/.rvm/gems/ruby-1.9.2-p290@jotky-cramp/gems/eventmachine-1.0.0.beta.4/lib/eventmachine.rb:942:in `call'
	/Users/rachmatmaulana/.rvm/gems/ruby-1.9.2-p290@jotky-cramp/gems/eventmachine-1.0.0.beta.4/lib/eventmachine.rb:942:in `block in run_deferred_callbacks'
	/Users/rachmatmaulana/.rvm/gems/ruby-1.9.2-p290@jotky-cramp/gems/eventmachine-1.0.0.beta.4/lib/eventmachine.rb:939:in `each'
	/Users/rachmatmaulana/.rvm/gems/ruby-1.9.2-p290@jotky-cramp/gems/eventmachine-1.0.0.beta.4/lib/eventmachine.rb:939:in `run_deferred_callbacks'
	/Users/rachmatmaulana/.rvm/gems/ruby-1.9.2-p290@jotky-cramp/gems/eventmachine-1.0.0.beta.4/lib/eventmachine.rb:179:in `run_machine'
	/Users/rachmatmaulana/.rvm/gems/ruby-1.9.2-p290@jotky-cramp/gems/eventmachine-1.0.0.beta.4/lib/eventmachine.rb:179:in `run'
	/Users/rachmatmaulana/.rvm/gems/ruby-1.9.2-p290@jotky-cramp/gems/thin-1.3.1/lib/thin/backends/base.rb:61:in `start'
	/Users/rachmatmaulana/.rvm/gems/ruby-1.9.2-p290@jotky-cramp/gems/thin-1.3.1/lib/thin/server.rb:159:in `start'
	/Users/rachmatmaulana/.rvm/gems/ruby-1.9.2-p290@jotky-cramp/gems/thin-1.3.1/lib/thin/controllers/controller.rb:86:in `start'
	/Users/rachmatmaulana/.rvm/gems/ruby-1.9.2-p290@jotky-cramp/gems/thin-1.3.1/lib/thin/runner.rb:185:in `run_command'
	/Users/rachmatmaulana/.rvm/gems/ruby-1.9.2-p290@jotky-cramp/gems/thin-1.3.1/lib/thin/runner.rb:151:in `run!'
	/Users/rachmatmaulana/.rvm/gems/ruby-1.9.2-p290@jotky-cramp/gems/thin-1.3.1/bin/thin:6:in `<top (required)>'
	/Users/rachmatmaulana/.rvm/gems/ruby-1.9.2-p290@jotky-cramp/bin/thin:19:in `load'
	/Users/rachmatmaulana/.rvm/gems/ruby-1.9.2-p290@jotky-cramp/bin/thin:19:in `<main>'
127.0.0.1 - - [02/Feb/2012 16:57:21] "GET  HTTP/1.0" 200 - 0.0229
NoMethodError: undefined method `stylesheet_link_tag' for nil:NilClass
	/Users/rachmatmaulana/Sites/jotky-beta/app/server/views/admin_auth/index.html.erb:22:in `evaluate_source'
	/Users/rachmatmaulana/.rvm/gems/ruby-1.9.2-p290@jotky-cramp/gems/tilt-1.3.3/lib/tilt/template.rb:209:in `instance_eval'
	/Users/rachmatmaulana/.rvm/gems/ruby-1.9.2-p290@jotky-cramp/gems/tilt-1.3.3/lib/tilt/template.rb:209:in `evaluate_source'
	/Users/rachmatmaulana/.rvm/gems/ruby-1.9.2-p290@jotky-cramp/gems/tilt-1.3.3/lib/tilt/template.rb:144:in `cached_evaluate'
	/Users/rachmatmaulana/.rvm/gems/ruby-1.9.2-p290@jotky-cramp/gems/tilt-1.3.3/lib/tilt/template.rb:127:in `evaluate'
	/Users/rachmatmaulana/.rvm/gems/ruby-1.9.2-p290@jotky-cramp/gems/tilt-1.3.3/lib/tilt/template.rb:76:in `render'
	/Users/rachmatmaulana/Sites/jotky-beta/app/server/app/action.rb:14:in `render_with_template'
	/Users/rachmatmaulana/Sites/jotky-beta/app/server/app/actions/admin_auth_login_action.rb:3:in `start'
	/Users/rachmatmaulana/.rvm/gems/ruby-1.9.2-p290@jotky-cramp/gems/cramp-0.15.1/lib/cramp/callbacks.rb:42:in `block in on_start'
	/Users/rachmatmaulana/.rvm/gems/ruby-1.9.2-p290@jotky-cramp/gems/cramp-0.15.1/lib/cramp/callbacks.rb:58:in `block in callback_wrapper'
	/Users/rachmatmaulana/.rvm/gems/ruby-1.9.2-p290@jotky-cramp/gems/eventmachine-1.0.0.beta.4/lib/eventmachine.rb:942:in `call'
	/Users/rachmatmaulana/.rvm/gems/ruby-1.9.2-p290@jotky-cramp/gems/eventmachine-1.0.0.beta.4/lib/eventmachine.rb:942:in `block in run_deferred_callbacks'
	/Users/rachmatmaulana/.rvm/gems/ruby-1.9.2-p290@jotky-cramp/gems/eventmachine-1.0.0.beta.4/lib/eventmachine.rb:939:in `each'
	/Users/rachmatmaulana/.rvm/gems/ruby-1.9.2-p290@jotky-cramp/gems/eventmachine-1.0.0.beta.4/lib/eventmachine.rb:939:in `run_deferred_callbacks'
	/Users/rachmatmaulana/.rvm/gems/ruby-1.9.2-p290@jotky-cramp/gems/eventmachine-1.0.0.beta.4/lib/eventmachine.rb:179:in `run_machine'
	/Users/rachmatmaulana/.rvm/gems/ruby-1.9.2-p290@jotky-cramp/gems/eventmachine-1.0.0.beta.4/lib/eventmachine.rb:179:in `run'
	/Users/rachmatmaulana/.rvm/gems/ruby-1.9.2-p290@jotky-cramp/gems/thin-1.3.1/lib/thin/backends/base.rb:61:in `start'
	/Users/rachmatmaulana/.rvm/gems/ruby-1.9.2-p290@jotky-cramp/gems/thin-1.3.1/lib/thin/server.rb:159:in `start'
	/Users/rachmatmaulana/.rvm/gems/ruby-1.9.2-p290@jotky-cramp/gems/thin-1.3.1/lib/thin/controllers/controller.rb:86:in `start'
	/Users/rachmatmaulana/.rvm/gems/ruby-1.9.2-p290@jotky-cramp/gems/thin-1.3.1/lib/thin/runner.rb:185:in `run_command'
	/Users/rachmatmaulana/.rvm/gems/ruby-1.9.2-p290@jotky-cramp/gems/thin-1.3.1/lib/thin/runner.rb:151:in `run!'
	/Users/rachmatmaulana/.rvm/gems/ruby-1.9.2-p290@jotky-cramp/gems/thin-1.3.1/bin/thin:6:in `<top (required)>'
	/Users/rachmatmaulana/.rvm/gems/ruby-1.9.2-p290@jotky-cramp/bin/thin:19:in `load'
	/Users/rachmatmaulana/.rvm/gems/ruby-1.9.2-p290@jotky-cramp/bin/thin:19:in `<main>'
127.0.0.1 - - [02/Feb/2012 16:57:32] "GET  HTTP/1.0" 200 - 0.0213
NoMethodError: undefined method `stylesheet_link_tag' for nil:NilClass
	/Users/rachmatmaulana/Sites/jotky-beta/app/server/views/admin_auth/index.html.erb:22:in `evaluate_source'
	/Users/rachmatmaulana/.rvm/gems/ruby-1.9.2-p290@jotky-cramp/gems/tilt-1.3.3/lib/tilt/template.rb:209:in `instance_eval'
	/Users/rachmatmaulana/.rvm/gems/ruby-1.9.2-p290@jotky-cramp/gems/tilt-1.3.3/lib/tilt/template.rb:209:in `evaluate_source'
	/Users/rachmatmaulana/.rvm/gems/ruby-1.9.2-p290@jotky-cramp/gems/tilt-1.3.3/lib/tilt/template.rb:144:in `cached_evaluate'
	/Users/rachmatmaulana/.rvm/gems/ruby-1.9.2-p290@jotky-cramp/gems/tilt-1.3.3/lib/tilt/template.rb:127:in `evaluate'
	/Users/rachmatmaulana/.rvm/gems/ruby-1.9.2-p290@jotky-cramp/gems/tilt-1.3.3/lib/tilt/template.rb:76:in `render'
	/Users/rachmatmaulana/Sites/jotky-beta/app/server/app/action.rb:14:in `render_with_template'
	/Users/rachmatmaulana/Sites/jotky-beta/app/server/app/actions/admin_auth_login_action.rb:3:in `start'
	/Users/rachmatmaulana/.rvm/gems/ruby-1.9.2-p290@jotky-cramp/gems/cramp-0.15.1/lib/cramp/callbacks.rb:42:in `block in on_start'
	/Users/rachmatmaulana/.rvm/gems/ruby-1.9.2-p290@jotky-cramp/gems/cramp-0.15.1/lib/cramp/callbacks.rb:58:in `block in callback_wrapper'
	/Users/rachmatmaulana/.rvm/gems/ruby-1.9.2-p290@jotky-cramp/gems/eventmachine-1.0.0.beta.4/lib/eventmachine.rb:942:in `call'
	/Users/rachmatmaulana/.rvm/gems/ruby-1.9.2-p290@jotky-cramp/gems/eventmachine-1.0.0.beta.4/lib/eventmachine.rb:942:in `block in run_deferred_callbacks'
	/Users/rachmatmaulana/.rvm/gems/ruby-1.9.2-p290@jotky-cramp/gems/eventmachine-1.0.0.beta.4/lib/eventmachine.rb:939:in `each'
	/Users/rachmatmaulana/.rvm/gems/ruby-1.9.2-p290@jotky-cramp/gems/eventmachine-1.0.0.beta.4/lib/eventmachine.rb:939:in `run_deferred_callbacks'
	/Users/rachmatmaulana/.rvm/gems/ruby-1.9.2-p290@jotky-cramp/gems/eventmachine-1.0.0.beta.4/lib/eventmachine.rb:179:in `run_machine'
	/Users/rachmatmaulana/.rvm/gems/ruby-1.9.2-p290@jotky-cramp/gems/eventmachine-1.0.0.beta.4/lib/eventmachine.rb:179:in `run'
	/Users/rachmatmaulana/.rvm/gems/ruby-1.9.2-p290@jotky-cramp/gems/thin-1.3.1/lib/thin/backends/base.rb:61:in `start'
	/Users/rachmatmaulana/.rvm/gems/ruby-1.9.2-p290@jotky-cramp/gems/thin-1.3.1/lib/thin/server.rb:159:in `start'
	/Users/rachmatmaulana/.rvm/gems/ruby-1.9.2-p290@jotky-cramp/gems/thin-1.3.1/lib/thin/controllers/controller.rb:86:in `start'
	/Users/rachmatmaulana/.rvm/gems/ruby-1.9.2-p290@jotky-cramp/gems/thin-1.3.1/lib/thin/runner.rb:185:in `run_command'
	/Users/rachmatmaulana/.rvm/gems/ruby-1.9.2-p290@jotky-cramp/gems/thin-1.3.1/lib/thin/runner.rb:151:in `run!'
	/Users/rachmatmaulana/.rvm/gems/ruby-1.9.2-p290@jotky-cramp/gems/thin-1.3.1/bin/thin:6:in `<top (required)>'
	/Users/rachmatmaulana/.rvm/gems/ruby-1.9.2-p290@jotky-cramp/bin/thin:19:in `load'
	/Users/rachmatmaulana/.rvm/gems/ruby-1.9.2-p290@jotky-cramp/bin/thin:19:in `<main>'
127.0.0.1 - - [02/Feb/2012 16:58:32] "GET  HTTP/1.0" 200 - 0.0291
127.0.0.1 - - [02/Feb/2012 16:58:32] "GET /javascripts/modernizr-2.0.6.min.js HTTP/1.0" 404 52 0.0629
127.0.0.1 - - [02/Feb/2012 16:58:33] "GET /lord/favicon.ico HTTP/1.0" 404 30 0.0399
127.0.0.1 - - [02/Feb/2012 16:58:34] "GET /lord/favicon.ico HTTP/1.0" 404 30 0.0273
127.0.0.1 - - [02/Feb/2012 16:59:34] "GET  HTTP/1.0" 200 - 0.0222
127.0.0.1 - - [02/Feb/2012 16:59:57] "GET  HTTP/1.0" 200 - 0.0227
127.0.0.1 - - [02/Feb/2012 17:00:17] "GET  HTTP/1.0" 200 - 0.0610
127.0.0.1 - - [02/Feb/2012 17:00:47] "GET  HTTP/1.0" 200 - 0.0241
127.0.0.1 - - [02/Feb/2012 17:00:49] "GET  HTTP/1.0" 200 - 0.0231
127.0.0.1 - - [02/Feb/2012 17:01:02] "GET  HTTP/1.0" 200 - 0.0217
127.0.0.1 - - [02/Feb/2012 17:02:01] "GET  HTTP/1.0" 200 - 0.0228
127.0.0.1 - - [02/Feb/2012 17:03:34] "GET  HTTP/1.0" 200 - 0.0583
127.0.0.1 - - [02/Feb/2012 17:05:29] "GET  HTTP/1.0" 200 - 0.0243
127.0.0.1 - - [02/Feb/2012 17:12:05] "GET  HTTP/1.0" 200 - 0.0256
127.0.0.1 - - [02/Feb/2012 17:12:37] "GET  HTTP/1.0" 200 - 0.0271
127.0.0.1 - - [02/Feb/2012 17:13:39] "GET  HTTP/1.0" 200 - 0.0623
127.0.0.1 - - [02/Feb/2012 17:14:32] "GET  HTTP/1.0" 200 - 0.0197
127.0.0.1 - - [02/Feb/2012 17:17:11] "GET  HTTP/1.0" 200 - 0.0242
127.0.0.1 - - [02/Feb/2012 17:20:11] "GET  HTTP/1.0" 200 - 0.0216
127.0.0.1 - - [02/Feb/2012 17:21:32] "GET  HTTP/1.0" 200 - 0.0255
127.0.0.1 - - [02/Feb/2012 17:22:35] "GET  HTTP/1.0" 200 - 0.0550
127.0.0.1 - - [02/Feb/2012 17:23:15] "GET  HTTP/1.0" 200 - 0.0211
127.0.0.1 - - [02/Feb/2012 17:23:39] "GET  HTTP/1.0" 200 - 0.0205
Rack::Reloader: reloaded `/Users/rachmatmaulana/Sites/jotky-beta/app/server/app/models/admin.rb'
127.0.0.1 - - [02/Feb/2012 17:34:04] "GET  HTTP/1.0" 200 - 0.0661
127.0.0.1 - - [02/Feb/2012 17:34:08] "POST /lord/login HTTP/1.0" 405 - 0.0267
127.0.0.1 - - [02/Feb/2012 17:34:15] "POST /lord/login HTTP/1.0" 405 - 0.0255
127.0.0.1 - - [02/Feb/2012 17:34:55] "POST /lord/login HTTP/1.0" 405 - 0.0238
>> Exiting!
>> Writing PID to tmp/pids/thin.0.pid
>> Using rack adapter
/Users/rachmatmaulana/.rvm/gems/ruby-1.9.2-p290@global/gems/bundler-1.0.21/lib/bundler/runtime.rb:136: warning: Insecure world writable dir /usr in PATH, mode 040777
MONGODB [WARNING] Please note that logging negatively impacts client-side performance. You should set your logging level no lower than :info in production.
MONGODB admin['$cmd'].find({:ismaster=>1}).limit(-1)
>> Thin web server (v1.3.1 codename Triple Espresso)
>> Maximum connections set to 1024
>> Listening on tmp/sockets/thin.0.sock, CTRL+C to stop
127.0.0.1 - - [02/Feb/2012 17:35:25] "GET  HTTP/1.0" 200 - 0.1476
MONGODB jotky_beta_development['system.namespaces'].find({})
MONGODB jotky_beta_development['$cmd'].find({:create=>"admins"}).limit(-1)
MONGODB jotky_beta_development['admins'].find({:username=>"asdad"}).limit(-1).sort([[:_id, :asc]])
127.0.0.1 - - [02/Feb/2012 17:35:29] "POST  HTTP/1.0" 303 - 0.0673
127.0.0.1 - - [02/Feb/2012 17:35:29] "GET  HTTP/1.0" 200 - 0.0198
MONGODB jotky_beta_development['admins'].find({:username=>"asdsad"}).limit(-1).sort([[:_id, :asc]])
127.0.0.1 - - [02/Feb/2012 17:35:34] "POST  HTTP/1.0" 303 - 0.0221
127.0.0.1 - - [02/Feb/2012 17:35:34] "GET  HTTP/1.0" 200 - 0.0190
Rack::Reloader: reloaded `/Users/rachmatmaulana/Sites/jotky-beta/app/server/app/actions/admin_auth_session_create_action.rb'
127.0.0.1 - - [02/Feb/2012 17:46:25] "GET  HTTP/1.0" 200 - 0.0258
>> Exiting!
>> Writing PID to tmp/pids/thin.0.pid
>> Using rack adapter
/Users/rachmatmaulana/.rvm/gems/ruby-1.9.2-p290@global/gems/bundler-1.0.21/lib/bundler/runtime.rb:136: warning: Insecure world writable dir /usr in PATH, mode 040777
MONGODB [WARNING] Please note that logging negatively impacts client-side performance. You should set your logging level no lower than :info in production.
MONGODB admin['$cmd'].find({:ismaster=>1}).limit(-1)
>> Thin web server (v1.3.1 codename Triple Espresso)
>> Maximum connections set to 1024
>> Listening on tmp/sockets/thin.0.sock, CTRL+C to stop
127.0.0.1 - - [02/Feb/2012 17:50:01] "GET  HTTP/1.0" 200 - 0.1549
>> Exiting!
>> Writing PID to tmp/pids/thin.0.pid
>> Using rack adapter
/Users/rachmatmaulana/.rvm/gems/ruby-1.9.2-p290@global/gems/bundler-1.0.21/lib/bundler/runtime.rb:136: warning: Insecure world writable dir /usr in PATH, mode 040777
MONGODB [WARNING] Please note that logging negatively impacts client-side performance. You should set your logging level no lower than :info in production.
MONGODB admin['$cmd'].find({:ismaster=>1}).limit(-1)
>> Thin web server (v1.3.1 codename Triple Espresso)
>> Maximum connections set to 1024
>> Listening on tmp/sockets/thin.0.sock, CTRL+C to stop
127.0.0.1 - - [02/Feb/2012 18:11:51] "GET  HTTP/1.0" 200 - 0.1478
MONGODB jotky_beta_development['system.namespaces'].find({})
MONGODB jotky_beta_development['admins'].find({:username=>"jotkylord"}).limit(-1).sort([[:_id, :asc]])
127.0.0.1 - - [02/Feb/2012 18:12:05] "POST  HTTP/1.0" 303 - 0.1346
127.0.0.1 - - [02/Feb/2012 18:12:05] "GET /lord/members HTTP/1.0" 404 30 0.0632
127.0.0.1 - - [02/Feb/2012 18:39:20] "GET  HTTP/1.0" 200 - 0.0220
>> Exiting!
>> Writing PID to tmp/pids/thin.0.pid
>> Using rack adapter
/Users/rachmatmaulana/.rvm/gems/ruby-1.9.2-p290@global/gems/bundler-1.0.21/lib/bundler/runtime.rb:136: warning: Insecure world writable dir /usr in PATH, mode 040777
MONGODB [WARNING] Please note that logging negatively impacts client-side performance. You should set your logging level no lower than :info in production.
>> Exiting!
/Users/rachmatmaulana/.rvm/gems/ruby-1.9.2-p290@jotky-cramp/gems/mongo-1.5.2/lib/mongo/connection.rb:413:in `connect': Failed to connect to a master node at localhost:27017 (Mongo::ConnectionFailure)
	from /Users/rachmatmaulana/.rvm/gems/ruby-1.9.2-p290@jotky-cramp/gems/mongo-1.5.2/lib/mongo/connection.rb:574:in `setup'
	from /Users/rachmatmaulana/.rvm/gems/ruby-1.9.2-p290@jotky-cramp/gems/mongo-1.5.2/lib/mongo/connection.rb:104:in `initialize'
	from /Users/rachmatmaulana/.rvm/gems/ruby-1.9.2-p290@jotky-cramp/gems/mongo-1.5.2/lib/mongo/connection.rb:155:in `new'
	from /Users/rachmatmaulana/.rvm/gems/ruby-1.9.2-p290@jotky-cramp/gems/mongo-1.5.2/lib/mongo/connection.rb:155:in `from_uri'
	from /Users/rachmatmaulana/.rvm/gems/ruby-1.9.2-p290@jotky-cramp/gems/mongoid-2.2.5/lib/mongoid/config/database.rb:89:in `master'
	from /Users/rachmatmaulana/.rvm/gems/ruby-1.9.2-p290@jotky-cramp/gems/mongoid-2.2.5/lib/mongoid/config/database.rb:22:in `configure'
	from /Users/rachmatmaulana/.rvm/gems/ruby-1.9.2-p290@jotky-cramp/gems/mongoid-2.2.5/lib/mongoid/config.rb:316:in `configure_databases'
	from /Users/rachmatmaulana/.rvm/gems/ruby-1.9.2-p290@jotky-cramp/gems/mongoid-2.2.5/lib/mongoid/config.rb:119:in `from_hash'
	from /Users/rachmatmaulana/.rvm/gems/ruby-1.9.2-p290@jotky-cramp/gems/mongoid-2.2.5/lib/mongoid/config.rb:136:in `load!'
	from /Users/rachmatmaulana/.rvm/gems/ruby-1.9.2-p290@jotky-cramp/gems/mongoid-2.2.5/lib/mongoid.rb:145:in `load!'
	from /Users/rachmatmaulana/Sites/jotky-beta/app/server/application.rb:35:in `<top (required)>'
	from /Users/rachmatmaulana/.rvm/rubies/ruby-1.9.2-p290/lib/ruby/site_ruby/1.9.1/rubygems/custom_require.rb:36:in `require'
	from /Users/rachmatmaulana/.rvm/rubies/ruby-1.9.2-p290/lib/ruby/site_ruby/1.9.1/rubygems/custom_require.rb:36:in `require'
	from /Users/rachmatmaulana/Sites/jotky-beta/app/server/config.ru:1:in `block in <main>'
	from /Users/rachmatmaulana/.rvm/gems/ruby-1.9.2-p290@jotky-cramp/gems/rack-1.3.6/lib/rack/builder.rb:51:in `instance_eval'
	from /Users/rachmatmaulana/.rvm/gems/ruby-1.9.2-p290@jotky-cramp/gems/rack-1.3.6/lib/rack/builder.rb:51:in `initialize'
	from /Users/rachmatmaulana/Sites/jotky-beta/app/server/config.ru:1:in `new'
	from /Users/rachmatmaulana/Sites/jotky-beta/app/server/config.ru:1:in `<main>'
	from /Users/rachmatmaulana/.rvm/gems/ruby-1.9.2-p290@jotky-cramp/gems/thin-1.3.1/lib/rack/adapter/loader.rb:36:in `eval'
	from /Users/rachmatmaulana/.rvm/gems/ruby-1.9.2-p290@jotky-cramp/gems/thin-1.3.1/lib/rack/adapter/loader.rb:36:in `load'
	from /Users/rachmatmaulana/.rvm/gems/ruby-1.9.2-p290@jotky-cramp/gems/thin-1.3.1/lib/rack/adapter/loader.rb:45:in `for'
	from /Users/rachmatmaulana/.rvm/gems/ruby-1.9.2-p290@jotky-cramp/gems/thin-1.3.1/lib/thin/controllers/controller.rb:169:in `load_adapter'
	from /Users/rachmatmaulana/.rvm/gems/ruby-1.9.2-p290@jotky-cramp/gems/thin-1.3.1/lib/thin/controllers/controller.rb:73:in `start'
	from /Users/rachmatmaulana/.rvm/gems/ruby-1.9.2-p290@jotky-cramp/gems/thin-1.3.1/lib/thin/runner.rb:185:in `run_command'
	from /Users/rachmatmaulana/.rvm/gems/ruby-1.9.2-p290@jotky-cramp/gems/thin-1.3.1/lib/thin/runner.rb:151:in `run!'
	from /Users/rachmatmaulana/.rvm/gems/ruby-1.9.2-p290@jotky-cramp/gems/thin-1.3.1/bin/thin:6:in `<top (required)>'
	from /Users/rachmatmaulana/.rvm/gems/ruby-1.9.2-p290@jotky-cramp/bin/thin:19:in `load'
	from /Users/rachmatmaulana/.rvm/gems/ruby-1.9.2-p290@jotky-cramp/bin/thin:19:in `<main>'
>> Writing PID to tmp/pids/thin.0.pid
>> Using rack adapter
/Users/rachmatmaulana/.rvm/gems/ruby-1.9.2-p290@global/gems/bundler-1.0.21/lib/bundler/runtime.rb:136: warning: Insecure world writable dir /usr in PATH, mode 040777
MONGODB [WARNING] Please note that logging negatively impacts client-side performance. You should set your logging level no lower than :info in production.
MONGODB admin['$cmd'].find({:ismaster=>1}).limit(-1)
>> Thin web server (v1.3.1 codename Triple Espresso)
>> Maximum connections set to 1024
>> Listening on tmp/sockets/thin.0.sock, CTRL+C to stop
127.0.0.1 - - [04/Feb/2012 00:40:29] "GET / HTTP/1.0" 404 30 0.1008
Rack::Reloader: reloaded `/Users/rachmatmaulana/Sites/jotky-beta/app/server/app/actions/api_auth_action.rb'
Rack::Reloader: reloaded `/Users/rachmatmaulana/Sites/jotky-beta/app/server/app/actions/auth_login_action.rb'
!! Unexpected error while processing request: RegistrationAction is not a module
Rack::Reloader: reloaded `/Users/rachmatmaulana/Sites/jotky-beta/app/server/app/models/api_authentication.rb'
Rack::Reloader: reloaded `/Users/rachmatmaulana/Sites/jotky-beta/app/server/app/models/authentication.rb'
Rack::Reloader: reloaded `/Users/rachmatmaulana/Sites/jotky-beta/app/server/app/models/registration.rb'
Rack::Reloader: reloaded `/Users/rachmatmaulana/Sites/jotky-beta/app/server/app/models/user.rb'
127.0.0.1 - - [04/Feb/2012 00:55:47] "GET / HTTP/1.0" 404 30 0.5427
127.0.0.1 - - [04/Feb/2012 00:55:48] "GET / HTTP/1.0" 404 30 0.0213
127.0.0.1 - - [04/Feb/2012 00:55:49] "GET / HTTP/1.0" 404 30 0.0565
>> Exiting!
>> Writing PID to tmp/pids/thin.0.pid
>> Using rack adapter
/Users/rachmatmaulana/.rvm/gems/ruby-1.9.2-p290@global/gems/bundler-1.0.21/lib/bundler/runtime.rb:136: warning: Insecure world writable dir /usr/local in PATH, mode 040777
MONGODB [WARNING] Please note that logging negatively impacts client-side performance. You should set your logging level no lower than :info in production.
MONGODB admin['$cmd'].find({:ismaster=>1}).limit(-1)
>> Thin web server (v1.3.1 codename Triple Espresso)
>> Maximum connections set to 1024
>> Listening on tmp/sockets/thin.0.sock, CTRL+C to stop
>> Exiting!
>> Writing PID to tmp/pids/thin.0.pid
>> Using rack adapter
/Users/rachmatmaulana/.rvm/gems/ruby-1.9.2-p290@global/gems/bundler-1.0.21/lib/bundler/runtime.rb:136: warning: Insecure world writable dir /usr/local in PATH, mode 040777
MONGODB [WARNING] Please note that logging negatively impacts client-side performance. You should set your logging level no lower than :info in production.
MONGODB admin['$cmd'].find({:ismaster=>1}).limit(-1)
>> Thin web server (v1.3.1 codename Triple Espresso)
>> Maximum connections set to 1024
>> Listening on tmp/sockets/thin.0.sock, CTRL+C to stop
127.0.0.1 - - [04/Feb/2012 11:48:57] "GET / HTTP/1.0" 404 30 0.1802
Rack::Reloader: reloaded `/Users/rachmatmaulana/Sites/jotky-beta/app/server/app/actions/registration_action.rb'
127.0.0.1 - - [04/Feb/2012 12:04:10] "GET  HTTP/1.0" 200 - 0.0565
MONGODB jotky_beta_development['system.namespaces'].find({})
MONGODB jotky_beta_development['admins'].find({:username=>"jotkylord"}).limit(-1).sort([[:_id, :asc]])
127.0.0.1 - - [04/Feb/2012 12:04:20] "POST  HTTP/1.0" 303 - 0.4419
127.0.0.1 - - [04/Feb/2012 12:04:20] "GET /lord/members HTTP/1.0" 404 30 0.0217
127.0.0.1 - - [04/Feb/2012 12:10:50] "GET  HTTP/1.0" 200 - 0.0577
127.0.0.1 - - [04/Feb/2012 12:13:31] "GET  HTTP/1.0" 200 - 0.0243
127.0.0.1 - - [04/Feb/2012 12:20:20] "GET  HTTP/1.0" 200 - 0.0205
127.0.0.1 - - [04/Feb/2012 12:20:33] "GET  HTTP/1.0" 200 - 0.0202
127.0.0.1 - - [04/Feb/2012 12:21:22] "GET  HTTP/1.0" 200 - 0.0275
127.0.0.1 - - [04/Feb/2012 12:21:24] "GET  HTTP/1.0" 200 - 0.0202
>> Exiting!
>> Writing PID to tmp/pids/thin.0.pid
>> Using rack adapter
/Users/rachmatmaulana/.rvm/gems/ruby-1.9.2-p290@global/gems/bundler-1.0.21/lib/bundler.rb:209: warning: Insecure world writable dir /usr/local in PATH, mode 040777
>> Exiting!
/Users/rachmatmaulana/.rvm/gems/ruby-1.9.2-p290@jotky-cramp/gems/activesupport-3.0.11/lib/active_support/dependencies.rb:239:in `require': no such file to load -- ruby-debug (LoadError)
	from /Users/rachmatmaulana/.rvm/gems/ruby-1.9.2-p290@jotky-cramp/gems/activesupport-3.0.11/lib/active_support/dependencies.rb:239:in `block in require'
	from /Users/rachmatmaulana/.rvm/gems/ruby-1.9.2-p290@jotky-cramp/gems/activesupport-3.0.11/lib/active_support/dependencies.rb:225:in `block in load_dependency'
	from /Users/rachmatmaulana/.rvm/gems/ruby-1.9.2-p290@jotky-cramp/gems/activesupport-3.0.11/lib/active_support/dependencies.rb:593:in `new_constants_in'
	from /Users/rachmatmaulana/.rvm/gems/ruby-1.9.2-p290@jotky-cramp/gems/activesupport-3.0.11/lib/active_support/dependencies.rb:225:in `load_dependency'
	from /Users/rachmatmaulana/.rvm/gems/ruby-1.9.2-p290@jotky-cramp/gems/activesupport-3.0.11/lib/active_support/dependencies.rb:239:in `require'
	from /Users/rachmatmaulana/Sites/jotky-beta/app/server/config.ru:12:in `block in <main>'
	from /Users/rachmatmaulana/.rvm/gems/ruby-1.9.2-p290@jotky-cramp/gems/rack-1.4.1/lib/rack/builder.rb:51:in `instance_eval'
	from /Users/rachmatmaulana/.rvm/gems/ruby-1.9.2-p290@jotky-cramp/gems/rack-1.4.1/lib/rack/builder.rb:51:in `initialize'
	from /Users/rachmatmaulana/Sites/jotky-beta/app/server/config.ru:1:in `new'
	from /Users/rachmatmaulana/Sites/jotky-beta/app/server/config.ru:1:in `<main>'
	from /Users/rachmatmaulana/.rvm/gems/ruby-1.9.2-p290@jotky-cramp/gems/thin-1.3.1/lib/rack/adapter/loader.rb:36:in `eval'
	from /Users/rachmatmaulana/.rvm/gems/ruby-1.9.2-p290@jotky-cramp/gems/thin-1.3.1/lib/rack/adapter/loader.rb:36:in `load'
	from /Users/rachmatmaulana/.rvm/gems/ruby-1.9.2-p290@jotky-cramp/gems/thin-1.3.1/lib/rack/adapter/loader.rb:45:in `for'
	from /Users/rachmatmaulana/.rvm/gems/ruby-1.9.2-p290@jotky-cramp/gems/thin-1.3.1/lib/thin/controllers/controller.rb:169:in `load_adapter'
	from /Users/rachmatmaulana/.rvm/gems/ruby-1.9.2-p290@jotky-cramp/gems/thin-1.3.1/lib/thin/controllers/controller.rb:73:in `start'
	from /Users/rachmatmaulana/.rvm/gems/ruby-1.9.2-p290@jotky-cramp/gems/thin-1.3.1/lib/thin/runner.rb:185:in `run_command'
	from /Users/rachmatmaulana/.rvm/gems/ruby-1.9.2-p290@jotky-cramp/gems/thin-1.3.1/lib/thin/runner.rb:151:in `run!'
	from /Users/rachmatmaulana/.rvm/gems/ruby-1.9.2-p290@jotky-cramp/gems/thin-1.3.1/bin/thin:6:in `<top (required)>'
	from /Users/rachmatmaulana/.rvm/gems/ruby-1.9.2-p290@jotky-cramp/bin/thin:19:in `load'
	from /Users/rachmatmaulana/.rvm/gems/ruby-1.9.2-p290@jotky-cramp/bin/thin:19:in `<main>'
>> Writing PID to tmp/pids/thin.0.pid
>> Using rack adapter
/Users/rachmatmaulana/.rvm/gems/ruby-1.9.2-p290@global/gems/bundler-1.0.21/lib/bundler.rb:209: warning: Insecure world writable dir /usr/local in PATH, mode 040777
MONGODB [WARNING] Please note that logging negatively impacts client-side performance. You should set your logging level no lower than :info in production.
MONGODB admin['$cmd'].find({:ismaster=>1}).limit(-1)
>> Thin web server (v1.3.1 codename Triple Espresso)
>> Maximum connections set to 1024
>> Listening on tmp/sockets/thin.0.sock, CTRL+C to stop
127.0.0.1 - - [06/Feb/2012 17:10:37] "GET / HTTP/1.0" 404 30 0.1596
127.0.0.1 - - [06/Feb/2012 17:10:43] "GET  HTTP/1.0" 200 - 0.7202

***** Debugger requested, but was not available (ensure ruby-debug is listed in Gemfile/installed as gem): Start server with --debugger to enable *****
127.0.0.1 - - [06/Feb/2012 17:10:43] "GET /stylesheets/twitter.bootstrap.min.css HTTP/1.0" 200 71485 0.0418
127.0.0.1 - - [06/Feb/2012 17:10:43] "GET /stylesheets/twitter.bootstrap-responsive.min.css HTTP/1.0" 200 7680 0.0216
127.0.0.1 - - [06/Feb/2012 17:10:43] "GET /javascripts/twitter.bootstrap.min.js HTTP/1.0" 200 47395 0.0216
127.0.0.1 - - [06/Feb/2012 17:10:43] "GET /javascripts/modernizr-2.0.6.min.js HTTP/1.0" 200 16226 0.0209
127.0.0.1 - - [06/Feb/2012 17:10:43] "GET /stylesheets/helper.css HTTP/1.0" 200 1101 0.0609
127.0.0.1 - - [06/Feb/2012 17:10:43] "GET /stylesheets/general.css HTTP/1.0" 200 165 0.0208
127.0.0.1 - - [06/Feb/2012 17:10:43] "GET /javascripts/application.js HTTP/1.0" 200 - 0.0212
127.0.0.1 - - [06/Feb/2012 17:10:44] "GET /favicon.ico HTTP/1.0" 200 1150 0.0200
MONGODB jotky_beta_development['system.namespaces'].find({})
MONGODB jotky_beta_development['admins'].find({:username=>"jotkylord"}).limit(-1).sort([[:_id, :asc]])
127.0.0.1 - - [06/Feb/2012 17:10:50] "POST  HTTP/1.0" 303 - 0.1341

***** Debugger requested, but was not available (ensure ruby-debug is listed in Gemfile/installed as gem): Start server with --debugger to enable *****
127.0.0.1 - - [06/Feb/2012 17:10:51] "GET  HTTP/1.0" 303 - 0.0222
MONGODB jotky_beta_development['system.namespaces'].find({})
MONGODB jotky_beta_development['clients'].find({}, {:_id=>1}).limit(-1)
MONGODB jotky_beta_development['clients'].find({})
127.0.0.1 - - [06/Feb/2012 17:10:51] "GET  HTTP/1.0" 200 - 0.0238

***** Debugger requested, but was not available (ensure ruby-debug is listed in Gemfile/installed as gem): Start server with --debugger to enable *****
Rack::Reloader: reloaded `/Users/rachmatmaulana/Sites/jotky-beta/app/server/app/action_with_admin_auth.rb'
127.0.0.1 - - [06/Feb/2012 17:11:18] "GET  HTTP/1.0" 200 - 0.0249

***** Debugger requested, but was not available (ensure ruby-debug is listed in Gemfile/installed as gem): Start server with --debugger to enable *****
MONGODB jotky_beta_development['admins'].find({:username=>"jotkylord"}).limit(-1).sort([[:_id, :asc]])
127.0.0.1 - - [06/Feb/2012 17:11:25] "POST  HTTP/1.0" 303 - 0.1143
127.0.0.1 - - [06/Feb/2012 17:11:25] "GET  HTTP/1.0" 303 - 0.0695
MONGODB jotky_beta_development['clients'].find({}, {:_id=>1}).limit(-1)
MONGODB jotky_beta_development['clients'].find({})
127.0.0.1 - - [06/Feb/2012 17:11:25] "GET  HTTP/1.0" 200 - 0.0204

***** Debugger requested, but was not available (ensure ruby-debug is listed in Gemfile/installed as gem): Start server with --debugger to enable *****
>> Exiting!
>> Writing PID to tmp/pids/thin.0.pid
>> Using rack adapter
/Users/rachmatmaulana/.rvm/gems/ruby-1.9.2-p290@global/gems/bundler-1.0.21/lib/bundler.rb:209: warning: Insecure world writable dir /usr/local in PATH, mode 040777
MONGODB [WARNING] Please note that logging negatively impacts client-side performance. You should set your logging level no lower than :info in production.
MONGODB admin['$cmd'].find({:ismaster=>1}).limit(-1)
>> Thin web server (v1.3.1 codename Triple Espresso)
>> Maximum connections set to 1024
>> Listening on tmp/sockets/thin.0.sock, CTRL+C to stop
127.0.0.1 - - [06/Feb/2012 17:11:39] "GET  HTTP/1.0" 200 - 0.3414

***** Debugger requested, but was not available (ensure ruby-debug is listed in Gemfile/installed as gem): Start server with --debugger to enable *****
MONGODB jotky_beta_development['system.namespaces'].find({})
MONGODB jotky_beta_development['admins'].find({:username=>"jotkylord"}).limit(-1).sort([[:_id, :asc]])
127.0.0.1 - - [06/Feb/2012 17:11:46] "POST  HTTP/1.0" 303 - 0.1312
127.0.0.1 - - [06/Feb/2012 17:11:46] "GET  HTTP/1.0" 303 - 0.0223
MONGODB jotky_beta_development['system.namespaces'].find({})
MONGODB jotky_beta_development['clients'].find({}, {:_id=>1}).limit(-1)
MONGODB jotky_beta_development['clients'].find({})
127.0.0.1 - - [06/Feb/2012 17:11:46] "GET  HTTP/1.0" 200 - 0.0210

***** Debugger requested, but was not available (ensure ruby-debug is listed in Gemfile/installed as gem): Start server with --debugger to enable *****
Rack::Reloader: reloaded `/Users/rachmatmaulana/Sites/jotky-beta/app/server/app/actions/admin_authentication_actions.rb'
127.0.0.1 - - [06/Feb/2012 17:12:25] "GET  HTTP/1.0" 200 - 0.0253
127.0.0.1 - - [06/Feb/2012 17:12:25] "GET /stylesheets/twitter.bootstrap.min.css HTTP/1.0" 304 - 0.0696
127.0.0.1 - - [06/Feb/2012 17:12:25] "GET /stylesheets/general.css HTTP/1.0" 304 - 0.0263
127.0.0.1 - - [06/Feb/2012 17:12:25] "GET /stylesheets/twitter.bootstrap-responsive.min.css HTTP/1.0" 304 - 0.0236
127.0.0.1 - - [06/Feb/2012 17:12:25] "GET /javascripts/twitter.bootstrap.min.js HTTP/1.0" 304 - 0.0196
127.0.0.1 - - [06/Feb/2012 17:12:25] "GET /javascripts/modernizr-2.0.6.min.js HTTP/1.0" 304 - 0.0282
127.0.0.1 - - [06/Feb/2012 17:12:25] "GET /stylesheets/helper.css HTTP/1.0" 304 - 0.0197
127.0.0.1 - - [06/Feb/2012 17:12:25] "GET /javascripts/application.js HTTP/1.0" 304 - 0.0379
MONGODB jotky_beta_development['admins'].find({:username=>"jotkylord"}).limit(-1).sort([[:_id, :asc]])
127.0.0.1 - - [06/Feb/2012 17:12:33] "POST  HTTP/1.0" 303 - 0.1250
127.0.0.1 - - [06/Feb/2012 17:12:33] "GET  HTTP/1.0" 303 - 0.0211
MONGODB jotky_beta_development['clients'].find({}, {:_id=>1}).limit(-1)
MONGODB jotky_beta_development['clients'].find({})
127.0.0.1 - - [06/Feb/2012 17:12:33] "GET  HTTP/1.0" 200 - 0.0248
MONGODB jotky_beta_development['admins'].find({:username=>"jotkylord"}).limit(-1).sort([[:_id, :asc]])
127.0.0.1 - - [06/Feb/2012 17:12:53] "POST  HTTP/1.0" 303 - 0.1640
127.0.0.1 - - [06/Feb/2012 17:12:53] "GET  HTTP/1.0" 303 - 0.0206
MONGODB jotky_beta_development['clients'].find({}, {:_id=>1}).limit(-1)
MONGODB jotky_beta_development['clients'].find({})
127.0.0.1 - - [06/Feb/2012 17:12:53] "GET  HTTP/1.0" 200 - 0.0251
MONGODB jotky_beta_development['admins'].find({:username=>"jotkylord"}).limit(-1).sort([[:_id, :asc]])
127.0.0.1 - - [06/Feb/2012 17:13:00] "POST  HTTP/1.0" 303 - 0.1185
127.0.0.1 - - [06/Feb/2012 17:13:00] "GET  HTTP/1.0" 303 - 0.0202
MONGODB jotky_beta_development['clients'].find({}, {:_id=>1}).limit(-1)
MONGODB jotky_beta_development['clients'].find({})
127.0.0.1 - - [06/Feb/2012 17:13:00] "GET  HTTP/1.0" 200 - 0.0242
127.0.0.1 - - [06/Feb/2012 17:13:19] "GET  HTTP/1.0" 303 - 0.0421
MONGODB jotky_beta_development['clients'].find({}, {:_id=>1}).limit(-1)
MONGODB jotky_beta_development['clients'].find({})
127.0.0.1 - - [06/Feb/2012 17:13:19] "GET  HTTP/1.0" 200 - 0.0331
>> Exiting!
>> Writing PID to tmp/pids/thin.0.pid
>> Using rack adapter
MONGODB [WARNING] Please note that logging negatively impacts client-side performance. You should set your logging level no lower than :info in production.
MONGODB admin['$cmd'].find({:ismaster=>1}).limit(-1)
>> Thin web server (v1.3.1 codename Triple Espresso)
>> Maximum connections set to 1024
>> Listening on /usr/local/thin/api/thin.0.sock, CTRL+C to stop
>> Exiting!
